2025-08-31 19:04:59,846 - __main__ - INFO - ================================================================================
2025-08-31 19:04:59,846 - __main__ - INFO - LSTM IRON ORE PRICE FORECASTING PIPELINE
2025-08-31 19:04:59,846 - __main__ - INFO - ================================================================================
2025-08-31 19:04:59,847 - __main__ - INFO - System Information:
2025-08-31 19:04:59,848 - __main__ - INFO -   Platform: Linux-6.6.87.2-microsoft-standard-WSL2-x86_64-with-glibc2.39
2025-08-31 19:04:59,849 - __main__ - INFO -   Python version: 3.11.13
2025-08-31 19:04:59,849 - __main__ - INFO -   PyTorch version: 2.8.0+cu128
2025-08-31 19:04:59,849 - __main__ - INFO - Hardware Information:
2025-08-31 19:04:59,851 - __main__ - INFO -   CPU: 8 cores (16 logical)
2025-08-31 19:04:59,851 - __main__ - INFO -   RAM: 30.8 GB
2025-08-31 19:04:59,954 - __main__ - INFO -   GPU: NVIDIA GeForce RTX 4080 SUPER
2025-08-31 19:04:59,954 - __main__ - INFO -   GPU Memory: 16.0 GB
2025-08-31 19:04:59,954 - __main__ - INFO -   CUDA Version: 12.8
2025-08-31 19:04:59,954 - __main__ - INFO -   Started at: 2025-08-31 19:04:59
2025-08-31 19:04:59,954 - __main__ - INFO - ================================================================================

2025-08-31 19:04:59,954 - __main__ - INFO - Loading configuration from config.yaml
2025-08-31 19:04:59,957 - __main__ - INFO - Configuration loaded successfully
2025-08-31 19:04:59,957 - __main__ - INFO - Configuration Summary:
2025-08-31 19:04:59,957 - __main__ - INFO -   Model Architecture:
2025-08-31 19:04:59,957 - __main__ - INFO -     Hidden size: 8
2025-08-31 19:04:59,957 - __main__ - INFO -     Layers: 1
2025-08-31 19:04:59,957 - __main__ - INFO -     Sequence length: 12
2025-08-31 19:04:59,957 - __main__ - INFO -     Bidirectional: True
2025-08-31 19:04:59,957 - __main__ - INFO -     Dropout rate: 0.2
2025-08-31 19:04:59,957 - __main__ - INFO -   Training Parameters:
2025-08-31 19:04:59,957 - __main__ - INFO -     Max epochs: 70
2025-08-31 19:04:59,957 - __main__ - INFO -     Batch size: 32
2025-08-31 19:04:59,957 - __main__ - INFO -     Learning rate: 0.001
2025-08-31 19:04:59,957 - __main__ - INFO -     Early stopping patience: 12
2025-08-31 19:04:59,957 - __main__ - INFO -   Data Configuration:
2025-08-31 19:04:59,957 - __main__ - INFO -     Train ratio: 0.8
2025-08-31 19:04:59,957 - __main__ - INFO -     Val ratio: 0.0
2025-08-31 19:04:59,958 - __main__ - INFO -     Test ratio: 0.2
2025-08-31 19:04:59,958 - __main__ - INFO -     Selected features: 9
2025-08-31 19:04:59,958 - __main__ - INFO - Configuration loaded in 0.00 seconds

2025-08-31 19:04:59,958 - __main__ - INFO - Setting up output directories...
2025-08-31 19:04:59,958 - __main__ - INFO - Output directories structure:
2025-08-31 19:04:59,958 - __main__ - INFO -   Base directory: /home/wh_wang/wsl_projects/lstm/results
2025-08-31 19:04:59,958 - __main__ - INFO -     models/: /home/wh_wang/wsl_projects/lstm/results/models
2025-08-31 19:04:59,958 - __main__ - INFO -     plots/: /home/wh_wang/wsl_projects/lstm/results/plots
2025-08-31 19:04:59,958 - __main__ - INFO -     logs/: /home/wh_wang/wsl_projects/lstm/results/logs
2025-08-31 19:04:59,958 - __main__ - INFO -       logs/training/: /home/wh_wang/wsl_projects/lstm/results/logs/training
2025-08-31 19:04:59,958 - __main__ - INFO -       logs/evaluation/: /home/wh_wang/wsl_projects/lstm/results/logs/evaluation
2025-08-31 19:04:59,958 - __main__ - INFO -       logs/hypertuning/: /home/wh_wang/wsl_projects/lstm/results/logs/hypertuning
2025-08-31 19:04:59,958 - __main__ - INFO - Disk space available: 888.6 GB
2025-08-31 19:04:59,958 - __main__ - INFO - Directory setup completed in 0.00 seconds

2025-08-31 19:04:59,958 - __main__ - INFO - ============================================================
2025-08-31 19:04:59,959 - __main__ - INFO - STEP 1: DATA LOADING AND PREPROCESSING
2025-08-31 19:04:59,959 - __main__ - INFO - ============================================================
2025-08-31 19:04:59,959 - src.data.data_loader - INFO - Loading consolidated features dataset...
2025-08-31 19:04:59,960 - src.data.data_loader - INFO - Data loaded successfully: (868, 13) (observations × features)
2025-08-31 19:04:59,960 - src.data.data_loader - INFO - Date range: 2022-03-30 to 2025-08-11
2025-08-31 19:04:59,961 - src.data.data_loader - INFO - Time span: 1230 days
2025-08-31 19:04:59,961 - src.data.data_loader - INFO - Data quality overview:
2025-08-31 19:04:59,961 - src.data.data_loader - INFO -   Total values: 11,284
2025-08-31 19:04:59,961 - src.data.data_loader - INFO -   Missing values: 0 (0.00%)
2025-08-31 19:04:59,962 - src.data.data_loader - INFO -   ✓ No missing values detected
2025-08-31 19:04:59,962 - src.data.data_loader - INFO - Target variable (Y) statistics:
2025-08-31 19:04:59,962 - src.data.data_loader - INFO -   Mean: -0.022193, Std: 1.888507
2025-08-31 19:04:59,962 - src.data.data_loader - INFO -   Range: [-8.806481, 6.850038]
2025-08-31 19:04:59,963 - src.data.data_loader - INFO - Creating chronological data splits...
2025-08-31 19:04:59,963 - src.data.data_loader - INFO - Chronological data splits created:
2025-08-31 19:04:59,963 - src.data.data_loader - INFO -   Train: 694 samples ( 80.0%) [2022-03-30 to 2024-12-06]
2025-08-31 19:04:59,963 - src.data.data_loader - INFO -   Val:   0 samples (  0.0%) [validation disabled]
2025-08-31 19:04:59,964 - src.data.data_loader - INFO -   Test:  174 samples ( 20.0%) [2024-12-09 to 2025-08-11]
2025-08-31 19:04:59,964 - src.data.data_loader - INFO - Target variable (Y) statistics by split:
2025-08-31 19:04:59,964 - src.data.data_loader - INFO -   Train Y: mean=-0.036650, std=2.042711
2025-08-31 19:04:59,964 - src.data.data_loader - INFO -   Test Y:  mean=0.035467, std=1.074497
2025-08-31 19:04:59,964 - src.data.data_loader - INFO - 📊 Data Split: Using 2.7 years for training, 868 total daily observations (validation disabled)
2025-08-31 19:04:59,964 - src.data.data_loader - INFO - Applying configurable feature selection...
2025-08-31 19:04:59,965 - src.data.data_loader - INFO - Feature selection applied:
2025-08-31 19:04:59,966 - src.data.data_loader - INFO -   Available features: 12 (['price_65_m1', 'price_62_m1', 'Ukraine Concentrate fines', 'lump premium', 'IOCJ Import margin', 'rebar steel margin ', 'indian pellet premium', '(IOCJ+SSF)/2-PBF', '62 Index', '65 Index', 'IOCJ Inventory', 'IOCJ Weekly shipment'])
2025-08-31 19:04:59,966 - src.data.data_loader - INFO -   Selected features: 9 (['price_65_m1', 'price_62_m1', 'Ukraine Concentrate fines', 'lump premium', 'rebar steel margin ', '(IOCJ+SSF)/2-PBF', '62 Index', '65 Index', 'IOCJ Weekly shipment'])
2025-08-31 19:04:59,966 - src.data.data_loader - INFO -   Filtered dataset shape: 9 features + Y target
2025-08-31 19:04:59,966 - src.data.data_loader - INFO - 🎯 Feature Focus: Using 9/12 features (removed 3 features to focus model on most relevant signals)
2025-08-31 19:04:59,966 - src.data.data_loader - INFO - Applying feature scaling...
2025-08-31 19:04:59,966 - src.data.data_loader - INFO - Scaling 9 features: ['price_65_m1', 'price_62_m1', 'Ukraine Concentrate fines', 'lump premium', 'rebar steel margin ', '(IOCJ+SSF)/2-PBF', '62 Index', '65 Index', 'IOCJ Weekly shipment']
2025-08-31 19:04:59,969 - src.data.data_loader - INFO - Feature scaling completed
2025-08-31 19:04:59,970 - src.data.data_loader - INFO - Feature scaling transformation completed:
2025-08-31 19:04:59,970 - src.data.data_loader - INFO -   Original range: [-248.000000, 1350.000000]
2025-08-31 19:04:59,970 - src.data.data_loader - INFO -   Scaled range:   [0.000, 1.000]
2025-08-31 19:04:59,970 - src.data.data_loader - INFO - Scaling parameters (MinMaxScaler):
2025-08-31 19:04:59,970 - src.data.data_loader - INFO -   Data min: [-248.000000, 778.000000]
2025-08-31 19:04:59,970 - src.data.data_loader - INFO -   Scale factors: [0.001337, 3.100775]
2025-08-31 19:04:59,970 - src.data.data_loader - INFO -   Target (Y) scaling: unchanged (correct)
2025-08-31 19:04:59,970 - src.data.data_loader - INFO - 🔧 Features Prepared: All 9 features normalized to 0-1 range for optimal neural network training
2025-08-31 19:04:59,971 - src.data.data_loader - INFO - 
============================================================
2025-08-31 19:04:59,971 - src.data.data_loader - INFO - DATA PREPROCESSING PIPELINE COMPLETED SUCCESSFULLY
2025-08-31 19:04:59,971 - src.data.data_loader - INFO - ============================================================
2025-08-31 19:04:59,971 - src.data.data_loader - INFO - Final dataset specifications:
2025-08-31 19:04:59,971 - src.data.data_loader - INFO -   Features: 9 (selected from available features)
2025-08-31 19:04:59,971 - src.data.data_loader - INFO -   Samples: train=694, val=0, test=174
2025-08-31 19:04:59,971 - src.data.data_loader - INFO -   Scaling: enabled
2025-08-31 19:04:59,971 - src.data.data_loader - INFO -   Data quality: ready for LSTM training
2025-08-31 19:04:59,971 - src.data.data_loader - INFO - ============================================================

2025-08-31 19:04:59,971 - __main__ - INFO - Training set: 694 samples
2025-08-31 19:04:59,971 - __main__ - INFO - Validation set: 0 samples
2025-08-31 19:04:59,971 - __main__ - INFO - Test set: 174 samples
2025-08-31 19:04:59,971 - __main__ - INFO - Total samples: 868
2025-08-31 19:04:59,971 - __main__ - INFO - Features: 9
2025-08-31 19:04:59,971 - __main__ - INFO - 
⏱️  Step 1 (Data Loading & Preprocessing) completed in 0.0 seconds

2025-08-31 19:04:59,971 - __main__ - INFO - ============================================================
2025-08-31 19:04:59,971 - __main__ - INFO - STEP 2: PYTORCH DATASET CREATION
2025-08-31 19:04:59,971 - __main__ - INFO - ============================================================
2025-08-31 19:04:59,971 - src.data.dataset - INFO - Creating PyTorch DataLoaders...
2025-08-31 19:04:59,972 - src.data.dataset - INFO - Dataset initialized: 682 sequences
2025-08-31 19:04:59,972 - src.data.dataset - INFO - Feature shape: (694, 9)
2025-08-31 19:04:59,972 - src.data.dataset - INFO - Target shape: (694,)
2025-08-31 19:04:59,972 - src.data.dataset - INFO - Sequence length: 12
2025-08-31 19:04:59,972 - src.data.dataset - INFO - Dataset initialized: 0 sequences
2025-08-31 19:04:59,972 - src.data.dataset - INFO - Feature shape: (0, 9)
2025-08-31 19:04:59,972 - src.data.dataset - INFO - Target shape: (0,)
2025-08-31 19:04:59,972 - src.data.dataset - INFO - Sequence length: 12
2025-08-31 19:04:59,973 - src.data.dataset - INFO - Dataset initialized: 162 sequences
2025-08-31 19:04:59,973 - src.data.dataset - INFO - Feature shape: (174, 9)
2025-08-31 19:04:59,973 - src.data.dataset - INFO - Target shape: (174,)
2025-08-31 19:04:59,973 - src.data.dataset - INFO - Sequence length: 12
2025-08-31 19:04:59,973 - src.data.dataset - INFO - Train DataLoader: 22 batches (682 sequences)
2025-08-31 19:04:59,973 - src.data.dataset - INFO - Val DataLoader: 0 batches (0 sequences, validation disabled)
2025-08-31 19:04:59,973 - src.data.dataset - INFO - Test DataLoader: 6 batches (162 sequences)
2025-08-31 19:04:59,978 - __main__ - INFO - DataLoader Information:
2025-08-31 19:04:59,978 - __main__ - INFO -   Train: 22 batches, feature shape: [32, 12, 9]
2025-08-31 19:04:59,978 - __main__ - INFO -   Val: 0 batches (validation disabled)
2025-08-31 19:04:59,978 - __main__ - INFO -   Test: 6 batches, feature shape: [32, 12, 9]
2025-08-31 19:04:59,978 - __main__ - INFO - 
⏱️  Step 2 (Dataset Creation) completed in 0.0 seconds

2025-08-31 19:04:59,978 - __main__ - INFO - ============================================================
2025-08-31 19:04:59,978 - __main__ - INFO - STEP 3: MODEL CREATION AND TRAINING
2025-08-31 19:04:59,978 - __main__ - INFO - ============================================================
2025-08-31 19:04:59,978 - src.models.model - INFO - Creating LSTM model from configuration...
2025-08-31 19:04:59,978 - src.models.model - INFO - Dynamic input size calculated: 9 features
2025-08-31 19:04:59,979 - src.models.model - INFO - Initializing LSTM model with detailed architecture:
2025-08-31 19:04:59,979 - src.models.model - INFO -   Input features: 9
2025-08-31 19:04:59,979 - src.models.model - INFO -   Hidden units per direction: 8
2025-08-31 19:04:59,979 - src.models.model - INFO -   Number of LSTM layers: 1
2025-08-31 19:04:59,979 - src.models.model - INFO -   Bidirectional processing: True (2x hidden output)
2025-08-31 19:04:59,979 - src.models.model - INFO -   Dropout rate: 0.2 (inter-layer + post-LSTM)
2025-08-31 19:04:59,979 - src.models.model - INFO -   Layer normalization: True (enabled for stability)
2025-08-31 19:04:59,979 - src.models.model - INFO -   LSTM output dimensions: 16 (8 × 2)
2025-08-31 19:04:59,979 - src.models.model - INFO -   Final prediction layer: 16 → 1 (regression output)
2025-08-31 19:04:59,982 - src.models.model - INFO - Model weights initialized with industry-standard schemes:
2025-08-31 19:04:59,982 - src.models.model - INFO -   LSTM input-to-hidden: Xavier uniform (balanced variance)
2025-08-31 19:04:59,982 - src.models.model - INFO -   LSTM hidden-to-hidden: Orthogonal (stable gradients)
2025-08-31 19:04:59,982 - src.models.model - INFO -   LSTM biases: Zero init except forget gate = 1.0 (prevent vanishing)
2025-08-31 19:04:59,982 - src.models.model - INFO -   Fully connected: Xavier uniform (balanced variance)
2025-08-31 19:04:59,982 - src.models.model - INFO -   Layer normalization: Default initialization (weight=1, bias=0)
2025-08-31 19:04:59,982 - src.models.model - INFO - Initialization benefits:
2025-08-31 19:04:59,982 - src.models.model - INFO -   • Prevents vanishing/exploding gradients
2025-08-31 19:04:59,982 - src.models.model - INFO -   • Maintains activation variance across layers
2025-08-31 19:04:59,982 - src.models.model - INFO -   • Forget gate bias=1.0 enables better long-term memory
2025-08-31 19:04:59,982 - src.models.model - INFO -   • Orthogonal recurrent weights preserve gradient flow
2025-08-31 19:04:59,982 - src.models.model - INFO - Model parameter breakdown:
2025-08-31 19:04:59,982 - src.models.model - INFO -   LSTM parameters: 1,216 (96.1%)
2025-08-31 19:04:59,982 - src.models.model - INFO -   Fully connected: 17 (1.3%)
2025-08-31 19:04:59,983 - src.models.model - INFO -   Layer norm: 32 (2.5%)
2025-08-31 19:04:59,983 - src.models.model - INFO -   Total parameters: 1,265
2025-08-31 19:04:59,983 - src.models.model - INFO -   Estimated model size: 0.0MB (float32)
2025-08-31 19:04:59,983 - src.models.model - INFO - Model architecture summary:
2025-08-31 19:04:59,983 - src.models.model - INFO -   Input: (batch, 12, 9)
2025-08-31 19:04:59,983 - src.models.model - INFO -   LSTM output: (batch, 12, 16)
2025-08-31 19:04:59,983 - src.models.model - INFO -   Final output: (batch, 1) - single prediction per sequence
2025-08-31 19:04:59,983 - src.models.model - INFO - Model created successfully:
2025-08-31 19:04:59,983 - src.models.model - INFO -   Architecture: Bidirectional LSTM
2025-08-31 19:04:59,983 - src.models.model - INFO -   Input features: 9
2025-08-31 19:04:59,983 - src.models.model - INFO -   Total parameters: 1,265
2025-08-31 19:04:59,983 - src.models.model - INFO -   Trainable parameters: 1,265
2025-08-31 19:04:59,983 - src.models.model - INFO - 🧠 Neural Network: SIMPLE model with 1K parameters, designed to learn iron ore price patterns
2025-08-31 19:04:59,983 - __main__ - INFO - Model Architecture:
2025-08-31 19:04:59,984 - __main__ - INFO - ==================================================
2025-08-31 19:04:59,984 - __main__ - INFO - LSTM MODEL SUMMARY
2025-08-31 19:04:59,984 - __main__ - INFO - ==================================================
2025-08-31 19:04:59,984 - __main__ - INFO - Architecture: Bidirectional LSTM
2025-08-31 19:04:59,984 - __main__ - INFO - Input Features: 9
2025-08-31 19:04:59,984 - __main__ - INFO - Hidden Size: 8
2025-08-31 19:04:59,984 - __main__ - INFO - Layers: 1
2025-08-31 19:04:59,984 - __main__ - INFO - Dropout: 0.20
2025-08-31 19:04:59,984 - __main__ - INFO - Layer Norm: True
2025-08-31 19:04:59,984 - __main__ - INFO - 
2025-08-31 19:04:59,984 - __main__ - INFO - Parameter Count:
2025-08-31 19:04:59,984 - __main__ - INFO - - Total: 1,265
2025-08-31 19:04:59,984 - __main__ - INFO - - Trainable: 1,265
2025-08-31 19:04:59,984 - __main__ - INFO - - LSTM: 1,216
2025-08-31 19:04:59,984 - __main__ - INFO - - FC: 17
2025-08-31 19:04:59,984 - __main__ - INFO - ==================================================
2025-08-31 19:04:59,984 - src.training.train - INFO - Creating LSTM trainer...
2025-08-31 19:05:02,401 - src.training.train - INFO - Early stopping initialized: patience=12, min_delta=0.0
2025-08-31 19:05:02,401 - src.training.train - INFO -   GPU: NVIDIA GeForce RTX 4080 SUPER (16.0GB)
2025-08-31 19:05:02,401 - src.training.train - INFO - Trainer initialized:
2025-08-31 19:05:02,401 - src.training.train - INFO -   Device: cuda
2025-08-31 19:05:02,401 - src.training.train - INFO -   Learning rate: 0.001
2025-08-31 19:05:02,401 - src.training.train - INFO -   Max epochs: 70
2025-08-31 19:05:02,401 - src.training.train - INFO -   Gradient clip norm: 0.3
2025-08-31 19:05:02,401 - src.training.train - INFO -   Early stopping patience: 12
2025-08-31 19:05:02,401 - src.training.train - INFO -   Model parameters: 1,265 total, 1,265 trainable
2025-08-31 19:05:02,401 - src.training.train - INFO - Trainer created successfully
2025-08-31 19:05:02,401 - __main__ - INFO - Starting training pipeline...
2025-08-31 19:05:02,401 - src.training.train - INFO - Starting LSTM model training...
2025-08-31 19:05:02,401 - src.training.train - INFO - Training samples: 682
2025-08-31 19:05:02,401 - src.training.train - INFO - Validation samples: 0 (validation disabled)
2025-08-31 19:05:02,401 - src.training.train - INFO - Batch size: 32
2025-08-31 19:05:02,402 - src.training.train - INFO - Epoch 1/70 - Training Phase
2025-08-31 19:05:02,977 - src.training.train - INFO -     Batch   1/ 22 | Loss: 5.650085 | Avg Loss: 5.650085 | Progress:   4.5%
2025-08-31 19:05:02,993 - src.training.train - INFO -     Batch   6/ 22 | Loss: 4.154832 | Avg Loss: 5.600717 | Progress:  27.3%
2025-08-31 19:05:03,011 - src.training.train - INFO -     Batch  11/ 22 | Loss: 5.175307 | Avg Loss: 5.197975 | Progress:  50.0%
2025-08-31 19:05:03,025 - src.training.train - INFO -     Batch  16/ 22 | Loss: 5.986609 | Avg Loss: 5.043161 | Progress:  72.7%
2025-08-31 19:05:03,036 - src.training.train - INFO -     Batch  21/ 22 | Loss: 4.712093 | Avg Loss: 4.852144 | Progress:  95.5%
2025-08-31 19:05:03,038 - src.training.train - INFO -     Batch  22/ 22 | Loss: 2.935045 | Avg Loss: 4.765003 | Progress: 100.0%
2025-08-31 19:05:03,038 - src.training.train - INFO -     Training epoch stats:
2025-08-31 19:05:03,038 - src.training.train - INFO -       Loss range: 2.853865 to 7.592432
2025-08-31 19:05:03,038 - src.training.train - INFO -       Gradient norms: avg=10.8210, max=20.5019
2025-08-31 19:05:03,039 - src.training.train - INFO -       GPU memory: 0.02GB used, 0.04GB cached
2025-08-31 19:05:03,039 - src.training.train - INFO - Epoch 1/70 Complete [1.4% progress]:
2025-08-31 19:05:03,039 - src.training.train - INFO -   Train Loss: 4.765003 (first epoch)
2025-08-31 19:05:03,039 - src.training.train - INFO -   Val Loss:   N/A (validation disabled)
2025-08-31 19:05:03,039 - src.training.train - INFO -   Best Val:   N/A (validation disabled)
2025-08-31 19:05:03,039 - src.training.train - INFO -   Time:       0.64s (est. 44s remaining)
2025-08-31 19:05:03,039 - src.training.train - INFO -   LR:         0.001000
2025-08-31 19:05:03,040 - src.training.train - INFO -   GPU Mem:    0.02GB
2025-08-31 19:05:03,040 - src.training.train - INFO -   📊 Summary: Model performance is TRAINING, training speed is FAST (without validation (using training loss))
2025-08-31 19:05:03,045 - src.training.train - INFO - Epoch 2/70 - Training Phase
2025-08-31 19:05:03,050 - src.training.train - INFO -     Batch   1/ 22 | Loss: 6.058187 | Avg Loss: 6.058187 | Progress:   4.5%
2025-08-31 19:05:03,066 - src.training.train - INFO -     Batch   6/ 22 | Loss: 3.811625 | Avg Loss: 5.188122 | Progress:  27.3%
2025-08-31 19:05:03,081 - src.training.train - INFO -     Batch  11/ 22 | Loss: 5.375256 | Avg Loss: 4.901154 | Progress:  50.0%
2025-08-31 19:05:03,095 - src.training.train - INFO -     Batch  16/ 22 | Loss: 3.133193 | Avg Loss: 4.996205 | Progress:  72.7%
2025-08-31 19:05:03,110 - src.training.train - INFO -     Batch  21/ 22 | Loss: 4.062191 | Avg Loss: 4.741309 | Progress:  95.5%
2025-08-31 19:05:03,112 - src.training.train - INFO -     Batch  22/ 22 | Loss: 3.458099 | Avg Loss: 4.682981 | Progress: 100.0%
2025-08-31 19:05:03,112 - src.training.train - INFO -     Training epoch stats:
2025-08-31 19:05:03,112 - src.training.train - INFO -       Loss range: 2.081790 to 8.237569
2025-08-31 19:05:03,112 - src.training.train - INFO -       Gradient norms: avg=9.0951, max=15.6108
2025-08-31 19:05:03,112 - src.training.train - INFO -       GPU memory: 0.02GB used, 0.04GB cached
2025-08-31 19:05:03,113 - src.training.train - INFO - Epoch 2/70 Complete [2.9% progress]:
2025-08-31 19:05:03,113 - src.training.train - INFO -   Train Loss: 4.682981 (-0.082022)
2025-08-31 19:05:03,113 - src.training.train - INFO -   Val Loss:   N/A (validation disabled)
2025-08-31 19:05:03,113 - src.training.train - INFO -   Best Val:   N/A (validation disabled)
2025-08-31 19:05:03,113 - src.training.train - INFO -   Time:       0.07s (est. 5s remaining)
2025-08-31 19:05:03,113 - src.training.train - INFO -   LR:         0.001000
2025-08-31 19:05:03,113 - src.training.train - INFO -   GPU Mem:    0.02GB
2025-08-31 19:05:03,113 - src.training.train - INFO -   📊 Summary: Model performance is IMPROVING, training speed is FAST (without validation (using training loss))
2025-08-31 19:05:03,119 - src.training.train - INFO - Epoch 3/70 - Training Phase
2025-08-31 19:05:03,123 - src.training.train - INFO -     Batch   1/ 22 | Loss: 3.016798 | Avg Loss: 3.016798 | Progress:   4.5%
2025-08-31 19:05:03,135 - src.training.train - INFO -     Batch   6/ 22 | Loss: 4.514049 | Avg Loss: 3.882947 | Progress:  27.3%
2025-08-31 19:05:03,146 - src.training.train - INFO -     Batch  11/ 22 | Loss: 6.629930 | Avg Loss: 4.372598 | Progress:  50.0%
2025-08-31 19:05:03,161 - src.training.train - INFO -     Batch  16/ 22 | Loss: 5.471644 | Avg Loss: 4.136332 | Progress:  72.7%
2025-08-31 19:05:03,175 - src.training.train - INFO -     Batch  21/ 22 | Loss: 3.771453 | Avg Loss: 4.356846 | Progress:  95.5%
2025-08-31 19:05:03,179 - src.training.train - INFO -     Batch  22/ 22 | Loss: 3.558497 | Avg Loss: 4.320558 | Progress: 100.0%
2025-08-31 19:05:03,179 - src.training.train - INFO -     Training epoch stats:
2025-08-31 19:05:03,179 - src.training.train - INFO -       Loss range: 1.849872 to 7.333377
2025-08-31 19:05:03,179 - src.training.train - INFO -       Gradient norms: avg=10.4432, max=17.4222
2025-08-31 19:05:03,179 - src.training.train - INFO -       GPU memory: 0.02GB used, 0.04GB cached
2025-08-31 19:05:03,179 - src.training.train - INFO - Epoch 3/70 Complete [4.3% progress]:
2025-08-31 19:05:03,179 - src.training.train - INFO -   Train Loss: 4.320558 (-0.362423)
2025-08-31 19:05:03,179 - src.training.train - INFO -   Val Loss:   N/A (validation disabled)
2025-08-31 19:05:03,179 - src.training.train - INFO -   Best Val:   N/A (validation disabled)
2025-08-31 19:05:03,179 - src.training.train - INFO -   Time:       0.06s (est. 4s remaining)
2025-08-31 19:05:03,179 - src.training.train - INFO -   LR:         0.001000
2025-08-31 19:05:03,180 - src.training.train - INFO -   GPU Mem:    0.02GB
2025-08-31 19:05:03,180 - src.training.train - INFO -   📊 Summary: Model performance is IMPROVING, training speed is FAST (without validation (using training loss))
2025-08-31 19:05:03,183 - src.training.train - INFO - Epoch 4/70 - Training Phase
2025-08-31 19:05:03,186 - src.training.train - INFO -     Batch   1/ 22 | Loss: 3.724743 | Avg Loss: 3.724743 | Progress:   4.5%
2025-08-31 19:05:03,198 - src.training.train - INFO -     Batch   6/ 22 | Loss: 3.123899 | Avg Loss: 4.477126 | Progress:  27.3%
2025-08-31 19:05:03,210 - src.training.train - INFO -     Batch  11/ 22 | Loss: 3.584461 | Avg Loss: 4.465994 | Progress:  50.0%
2025-08-31 19:05:03,222 - src.training.train - INFO -     Batch  16/ 22 | Loss: 6.576325 | Avg Loss: 4.768050 | Progress:  72.7%
2025-08-31 19:05:03,232 - src.training.train - INFO -     Batch  21/ 22 | Loss: 3.230691 | Avg Loss: 4.365198 | Progress:  95.5%
2025-08-31 19:05:03,234 - src.training.train - INFO -     Batch  22/ 22 | Loss: 9.942033 | Avg Loss: 4.618690 | Progress: 100.0%
2025-08-31 19:05:03,235 - src.training.train - INFO -     Training epoch stats:
2025-08-31 19:05:03,235 - src.training.train - INFO -       Loss range: 2.302919 to 9.942033
2025-08-31 19:05:03,235 - src.training.train - INFO -       Gradient norms: avg=9.0485, max=19.6957
2025-08-31 19:05:03,235 - src.training.train - INFO -       GPU memory: 0.02GB used, 0.04GB cached
2025-08-31 19:05:03,235 - src.training.train - INFO - Epoch 4/70 Complete [5.7% progress]:
2025-08-31 19:05:03,235 - src.training.train - INFO -   Train Loss: 4.618690 (+0.298132)
2025-08-31 19:05:03,235 - src.training.train - INFO -   Val Loss:   N/A (validation disabled)
2025-08-31 19:05:03,235 - src.training.train - INFO -   Best Val:   N/A (validation disabled)
2025-08-31 19:05:03,235 - src.training.train - INFO -   Time:       0.05s (est. 3s remaining)
2025-08-31 19:05:03,235 - src.training.train - INFO -   LR:         0.001000
2025-08-31 19:05:03,236 - src.training.train - INFO -   GPU Mem:    0.02GB
2025-08-31 19:05:03,236 - src.training.train - INFO -   📊 Summary: Model performance is PLATEAU, training speed is FAST (without validation (using training loss))
2025-08-31 19:05:03,236 - src.training.train - INFO - Epoch 5/70 - Training Phase
2025-08-31 19:05:03,240 - src.training.train - INFO -     Batch   1/ 22 | Loss: 6.003386 | Avg Loss: 6.003386 | Progress:   4.5%
2025-08-31 19:05:03,250 - src.training.train - INFO -     Batch   6/ 22 | Loss: 4.933132 | Avg Loss: 4.760311 | Progress:  27.3%
2025-08-31 19:05:03,262 - src.training.train - INFO -     Batch  11/ 22 | Loss: 2.416685 | Avg Loss: 4.188876 | Progress:  50.0%
2025-08-31 19:05:03,276 - src.training.train - INFO -     Batch  16/ 22 | Loss: 5.362317 | Avg Loss: 4.241096 | Progress:  72.7%
2025-08-31 19:05:03,287 - src.training.train - INFO -     Batch  21/ 22 | Loss: 6.721178 | Avg Loss: 4.307537 | Progress:  95.5%
2025-08-31 19:05:03,289 - src.training.train - INFO -     Batch  22/ 22 | Loss: 2.012730 | Avg Loss: 4.203227 | Progress: 100.0%
2025-08-31 19:05:03,289 - src.training.train - INFO -     Training epoch stats:
2025-08-31 19:05:03,289 - src.training.train - INFO -       Loss range: 2.012730 to 7.638240
2025-08-31 19:05:03,289 - src.training.train - INFO -       Gradient norms: avg=6.9858, max=12.7268
2025-08-31 19:05:03,289 - src.training.train - INFO -       GPU memory: 0.02GB used, 0.04GB cached
2025-08-31 19:05:03,289 - src.training.train - INFO - Epoch 5/70 Complete [7.1% progress]:
2025-08-31 19:05:03,289 - src.training.train - INFO -   Train Loss: 4.203227 (-0.415463)
2025-08-31 19:05:03,289 - src.training.train - INFO -   Val Loss:   N/A (validation disabled)
2025-08-31 19:05:03,289 - src.training.train - INFO -   Best Val:   N/A (validation disabled)
2025-08-31 19:05:03,290 - src.training.train - INFO -   Time:       0.05s (est. 3s remaining)
2025-08-31 19:05:03,290 - src.training.train - INFO -   LR:         0.001000
2025-08-31 19:05:03,290 - src.training.train - INFO -   GPU Mem:    0.02GB
2025-08-31 19:05:03,290 - src.training.train - INFO -   📊 Summary: Model performance is IMPROVING, training speed is FAST (without validation (using training loss))
2025-08-31 19:05:03,296 - src.training.train - INFO - Epoch 6/70 - Training Phase
2025-08-31 19:05:03,299 - src.training.train - INFO -     Batch   1/ 22 | Loss: 4.040580 | Avg Loss: 4.040580 | Progress:   4.5%
2025-08-31 19:05:03,310 - src.training.train - INFO -     Batch   6/ 22 | Loss: 3.780384 | Avg Loss: 3.876216 | Progress:  27.3%
2025-08-31 19:05:03,322 - src.training.train - INFO -     Batch  11/ 22 | Loss: 4.143030 | Avg Loss: 4.246672 | Progress:  50.0%
2025-08-31 19:05:03,336 - src.training.train - INFO -     Batch  16/ 22 | Loss: 2.571093 | Avg Loss: 4.271991 | Progress:  72.7%
2025-08-31 19:05:03,346 - src.training.train - INFO -     Batch  21/ 22 | Loss: 3.798400 | Avg Loss: 4.280586 | Progress:  95.5%
2025-08-31 19:05:03,350 - src.training.train - INFO -     Batch  22/ 22 | Loss: 3.390556 | Avg Loss: 4.240130 | Progress: 100.0%
2025-08-31 19:05:03,350 - src.training.train - INFO -     Training epoch stats:
2025-08-31 19:05:03,350 - src.training.train - INFO -       Loss range: 2.571093 to 7.625201
2025-08-31 19:05:03,350 - src.training.train - INFO -       Gradient norms: avg=8.1004, max=16.1515
2025-08-31 19:05:03,350 - src.training.train - INFO -       GPU memory: 0.02GB used, 0.04GB cached
2025-08-31 19:05:03,350 - src.training.train - INFO - Epoch 6/70 Complete [8.6% progress]:
2025-08-31 19:05:03,350 - src.training.train - INFO -   Train Loss: 4.240130 (+0.036903)
2025-08-31 19:05:03,350 - src.training.train - INFO -   Val Loss:   N/A (validation disabled)
2025-08-31 19:05:03,351 - src.training.train - INFO -   Best Val:   N/A (validation disabled)
2025-08-31 19:05:03,351 - src.training.train - INFO -   Time:       0.05s (est. 3s remaining)
2025-08-31 19:05:03,351 - src.training.train - INFO -   LR:         0.001000
2025-08-31 19:05:03,351 - src.training.train - INFO -   GPU Mem:    0.02GB
2025-08-31 19:05:03,351 - src.training.train - INFO -   📊 Summary: Model performance is PLATEAU, training speed is FAST (without validation (using training loss))
2025-08-31 19:05:03,351 - src.training.train - INFO - Epoch 7/70 - Training Phase
2025-08-31 19:05:03,354 - src.training.train - INFO -     Batch   1/ 22 | Loss: 2.741566 | Avg Loss: 2.741566 | Progress:   4.5%
2025-08-31 19:05:03,366 - src.training.train - INFO -     Batch   6/ 22 | Loss: 1.996033 | Avg Loss: 4.013606 | Progress:  27.3%
2025-08-31 19:05:03,378 - src.training.train - INFO -     Batch  11/ 22 | Loss: 4.290793 | Avg Loss: 4.194038 | Progress:  50.0%
2025-08-31 19:05:03,389 - src.training.train - INFO -     Batch  16/ 22 | Loss: 3.089712 | Avg Loss: 4.183772 | Progress:  72.7%
2025-08-31 19:05:03,401 - src.training.train - INFO -     Batch  21/ 22 | Loss: 4.867171 | Avg Loss: 4.201852 | Progress:  95.5%
2025-08-31 19:05:03,403 - src.training.train - INFO -     Batch  22/ 22 | Loss: 1.598374 | Avg Loss: 4.083512 | Progress: 100.0%
2025-08-31 19:05:03,404 - src.training.train - INFO -     Training epoch stats:
2025-08-31 19:05:03,404 - src.training.train - INFO -       Loss range: 1.598374 to 5.474641
2025-08-31 19:05:03,404 - src.training.train - INFO -       Gradient norms: avg=6.3756, max=11.8462
2025-08-31 19:05:03,404 - src.training.train - INFO -       GPU memory: 0.02GB used, 0.04GB cached
2025-08-31 19:05:03,404 - src.training.train - INFO - Epoch 7/70 Complete [10.0% progress]:
2025-08-31 19:05:03,404 - src.training.train - INFO -   Train Loss: 4.083512 (-0.156619)
2025-08-31 19:05:03,404 - src.training.train - INFO -   Val Loss:   N/A (validation disabled)
2025-08-31 19:05:03,404 - src.training.train - INFO -   Best Val:   N/A (validation disabled)
2025-08-31 19:05:03,404 - src.training.train - INFO -   Time:       0.05s (est. 3s remaining)
2025-08-31 19:05:03,404 - src.training.train - INFO -   LR:         0.001000
2025-08-31 19:05:03,405 - src.training.train - INFO -   GPU Mem:    0.02GB
2025-08-31 19:05:03,405 - src.training.train - INFO -   📊 Summary: Model performance is IMPROVING, training speed is FAST (without validation (using training loss))
2025-08-31 19:05:03,407 - src.training.train - INFO - Epoch 8/70 - Training Phase
2025-08-31 19:05:03,410 - src.training.train - INFO -     Batch   1/ 22 | Loss: 3.817025 | Avg Loss: 3.817025 | Progress:   4.5%
2025-08-31 19:05:03,421 - src.training.train - INFO -     Batch   6/ 22 | Loss: 4.391255 | Avg Loss: 3.513751 | Progress:  27.3%
2025-08-31 19:05:03,432 - src.training.train - INFO -     Batch  11/ 22 | Loss: 4.679144 | Avg Loss: 3.732697 | Progress:  50.0%
2025-08-31 19:05:03,442 - src.training.train - INFO -     Batch  16/ 22 | Loss: 4.035858 | Avg Loss: 3.937235 | Progress:  72.7%
2025-08-31 19:05:03,454 - src.training.train - INFO -     Batch  21/ 22 | Loss: 5.215984 | Avg Loss: 4.265159 | Progress:  95.5%
2025-08-31 19:05:03,455 - src.training.train - INFO -     Batch  22/ 22 | Loss: 3.572196 | Avg Loss: 4.233661 | Progress: 100.0%
2025-08-31 19:05:03,456 - src.training.train - INFO -     Training epoch stats:
2025-08-31 19:05:03,456 - src.training.train - INFO -       Loss range: 2.312887 to 5.889014
2025-08-31 19:05:03,456 - src.training.train - INFO -       Gradient norms: avg=7.7890, max=14.0377
2025-08-31 19:05:03,456 - src.training.train - INFO -       GPU memory: 0.02GB used, 0.04GB cached
2025-08-31 19:05:03,456 - src.training.train - INFO - Epoch 8/70 Complete [11.4% progress]:
2025-08-31 19:05:03,456 - src.training.train - INFO -   Train Loss: 4.233661 (+0.150149)
2025-08-31 19:05:03,456 - src.training.train - INFO -   Val Loss:   N/A (validation disabled)
2025-08-31 19:05:03,456 - src.training.train - INFO -   Best Val:   N/A (validation disabled)
2025-08-31 19:05:03,456 - src.training.train - INFO -   Time:       0.05s (est. 3s remaining)
2025-08-31 19:05:03,456 - src.training.train - INFO -   LR:         0.001000
2025-08-31 19:05:03,457 - src.training.train - INFO -   GPU Mem:    0.02GB
2025-08-31 19:05:03,457 - src.training.train - INFO -   📊 Summary: Model performance is PLATEAU, training speed is FAST (without validation (using training loss))
2025-08-31 19:05:03,457 - src.training.train - INFO - Epoch 9/70 - Training Phase
2025-08-31 19:05:03,460 - src.training.train - INFO -     Batch   1/ 22 | Loss: 4.252840 | Avg Loss: 4.252840 | Progress:   4.5%
2025-08-31 19:05:03,471 - src.training.train - INFO -     Batch   6/ 22 | Loss: 3.259019 | Avg Loss: 4.346514 | Progress:  27.3%
2025-08-31 19:05:03,482 - src.training.train - INFO -     Batch  11/ 22 | Loss: 1.827625 | Avg Loss: 4.238635 | Progress:  50.0%
2025-08-31 19:05:03,492 - src.training.train - INFO -     Batch  16/ 22 | Loss: 6.328879 | Avg Loss: 4.174283 | Progress:  72.7%
2025-08-31 19:05:03,503 - src.training.train - INFO -     Batch  21/ 22 | Loss: 7.953795 | Avg Loss: 4.295437 | Progress:  95.5%
2025-08-31 19:05:03,506 - src.training.train - INFO -     Batch  22/ 22 | Loss: 2.911616 | Avg Loss: 4.232536 | Progress: 100.0%
2025-08-31 19:05:03,506 - src.training.train - INFO -     Training epoch stats:
2025-08-31 19:05:03,506 - src.training.train - INFO -       Loss range: 1.827625 to 7.953795
2025-08-31 19:05:03,506 - src.training.train - INFO -       Gradient norms: avg=7.1092, max=19.4443
2025-08-31 19:05:03,506 - src.training.train - INFO -       GPU memory: 0.02GB used, 0.04GB cached
2025-08-31 19:05:03,507 - src.training.train - INFO - Epoch 9/70 Complete [12.9% progress]:
2025-08-31 19:05:03,507 - src.training.train - INFO -   Train Loss: 4.232536 (-0.001125)
2025-08-31 19:05:03,507 - src.training.train - INFO -   Val Loss:   N/A (validation disabled)
2025-08-31 19:05:03,507 - src.training.train - INFO -   Best Val:   N/A (validation disabled)
2025-08-31 19:05:03,507 - src.training.train - INFO -   Time:       0.05s (est. 3s remaining)
2025-08-31 19:05:03,507 - src.training.train - INFO -   LR:         0.001000
2025-08-31 19:05:03,507 - src.training.train - INFO -   GPU Mem:    0.02GB
2025-08-31 19:05:03,507 - src.training.train - INFO -   📊 Summary: Model performance is IMPROVING, training speed is FAST (without validation (using training loss))
2025-08-31 19:05:03,507 - src.training.train - INFO - Epoch 10/70 - Training Phase
2025-08-31 19:05:03,510 - src.training.train - INFO -     Batch   1/ 22 | Loss: 2.820434 | Avg Loss: 2.820434 | Progress:   4.5%
2025-08-31 19:05:03,520 - src.training.train - INFO -     Batch   6/ 22 | Loss: 5.991666 | Avg Loss: 3.646221 | Progress:  27.3%
2025-08-31 19:05:03,531 - src.training.train - INFO -     Batch  11/ 22 | Loss: 3.509192 | Avg Loss: 3.797205 | Progress:  50.0%
2025-08-31 19:05:03,541 - src.training.train - INFO -     Batch  16/ 22 | Loss: 4.003429 | Avg Loss: 4.023380 | Progress:  72.7%
2025-08-31 19:05:03,553 - src.training.train - INFO -     Batch  21/ 22 | Loss: 5.300567 | Avg Loss: 4.179794 | Progress:  95.5%
2025-08-31 19:05:03,555 - src.training.train - INFO -     Batch  22/ 22 | Loss: 4.013842 | Avg Loss: 4.172251 | Progress: 100.0%
2025-08-31 19:05:03,555 - src.training.train - INFO -     Training epoch stats:
2025-08-31 19:05:03,555 - src.training.train - INFO -       Loss range: 1.744024 to 8.210049
2025-08-31 19:05:03,555 - src.training.train - INFO -       Gradient norms: avg=7.2834, max=17.0727
2025-08-31 19:05:03,555 - src.training.train - INFO -       GPU memory: 0.02GB used, 0.04GB cached
2025-08-31 19:05:03,555 - src.training.train - INFO - Epoch 10/70 Complete [14.3% progress]:
2025-08-31 19:05:03,555 - src.training.train - INFO -   Train Loss: 4.172251 (-0.060285)
2025-08-31 19:05:03,555 - src.training.train - INFO -   Val Loss:   N/A (validation disabled)
2025-08-31 19:05:03,555 - src.training.train - INFO -   Best Val:   N/A (validation disabled)
2025-08-31 19:05:03,556 - src.training.train - INFO -   Time:       0.05s (est. 3s remaining)
2025-08-31 19:05:03,556 - src.training.train - INFO -   LR:         0.001000
2025-08-31 19:05:03,556 - src.training.train - INFO -   GPU Mem:    0.02GB
2025-08-31 19:05:03,556 - src.training.train - INFO -   📊 Summary: Model performance is IMPROVING, training speed is FAST (without validation (using training loss))
2025-08-31 19:05:03,556 - src.training.train - INFO - Epoch 11/70 - Training Phase
2025-08-31 19:05:03,559 - src.training.train - INFO -     Batch   1/ 22 | Loss: 3.609347 | Avg Loss: 3.609347 | Progress:   4.5%
2025-08-31 19:05:03,569 - src.training.train - INFO -     Batch   6/ 22 | Loss: 3.103838 | Avg Loss: 4.462849 | Progress:  27.3%
2025-08-31 19:05:03,580 - src.training.train - INFO -     Batch  11/ 22 | Loss: 3.790488 | Avg Loss: 4.296351 | Progress:  50.0%
2025-08-31 19:05:03,590 - src.training.train - INFO -     Batch  16/ 22 | Loss: 5.451204 | Avg Loss: 4.301180 | Progress:  72.7%
2025-08-31 19:05:03,602 - src.training.train - INFO -     Batch  21/ 22 | Loss: 4.649171 | Avg Loss: 4.228128 | Progress:  95.5%
2025-08-31 19:05:03,604 - src.training.train - INFO -     Batch  22/ 22 | Loss: 3.295827 | Avg Loss: 4.185751 | Progress: 100.0%
2025-08-31 19:05:03,604 - src.training.train - INFO -     Training epoch stats:
2025-08-31 19:05:03,604 - src.training.train - INFO -       Loss range: 2.588434 to 7.359775
2025-08-31 19:05:03,605 - src.training.train - INFO -       Gradient norms: avg=7.0756, max=15.5882
2025-08-31 19:05:03,605 - src.training.train - INFO -       GPU memory: 0.02GB used, 0.04GB cached
2025-08-31 19:05:03,605 - src.training.train - INFO - Epoch 11/70 Complete [15.7% progress]:
2025-08-31 19:05:03,605 - src.training.train - INFO -   Train Loss: 4.185751 (+0.013500)
2025-08-31 19:05:03,605 - src.training.train - INFO -   Val Loss:   N/A (validation disabled)
2025-08-31 19:05:03,605 - src.training.train - INFO -   Best Val:   N/A (validation disabled)
2025-08-31 19:05:03,605 - src.training.train - INFO -   Time:       0.05s (est. 3s remaining)
2025-08-31 19:05:03,605 - src.training.train - INFO -   LR:         0.001000
2025-08-31 19:05:03,606 - src.training.train - INFO -   GPU Mem:    0.02GB
2025-08-31 19:05:03,606 - src.training.train - INFO -   📊 Summary: Model performance is PLATEAU, training speed is FAST (without validation (using training loss))
2025-08-31 19:05:03,606 - src.training.train - INFO - Epoch 12/70 - Training Phase
2025-08-31 19:05:03,609 - src.training.train - INFO -     Batch   1/ 22 | Loss: 3.697623 | Avg Loss: 3.697623 | Progress:   4.5%
2025-08-31 19:05:03,620 - src.training.train - INFO -     Batch   6/ 22 | Loss: 2.708303 | Avg Loss: 4.062533 | Progress:  27.3%
2025-08-31 19:05:03,630 - src.training.train - INFO -     Batch  11/ 22 | Loss: 2.605922 | Avg Loss: 4.126789 | Progress:  50.0%
2025-08-31 19:05:03,643 - src.training.train - INFO -     Batch  16/ 22 | Loss: 4.288828 | Avg Loss: 4.305649 | Progress:  72.7%
2025-08-31 19:05:03,654 - src.training.train - INFO -     Batch  21/ 22 | Loss: 4.139672 | Avg Loss: 4.239427 | Progress:  95.5%
2025-08-31 19:05:03,657 - src.training.train - INFO -     Batch  22/ 22 | Loss: 1.095045 | Avg Loss: 4.096500 | Progress: 100.0%
2025-08-31 19:05:03,657 - src.training.train - INFO -     Training epoch stats:
2025-08-31 19:05:03,657 - src.training.train - INFO -       Loss range: 1.095045 to 6.220402
2025-08-31 19:05:03,657 - src.training.train - INFO -       Gradient norms: avg=6.4470, max=10.6401
2025-08-31 19:05:03,657 - src.training.train - INFO -       GPU memory: 0.02GB used, 0.04GB cached
2025-08-31 19:05:03,658 - src.training.train - INFO - Epoch 12/70 Complete [17.1% progress]:
2025-08-31 19:05:03,658 - src.training.train - INFO -   Train Loss: 4.096500 (-0.089250)
2025-08-31 19:05:03,658 - src.training.train - INFO -   Val Loss:   N/A (validation disabled)
2025-08-31 19:05:03,658 - src.training.train - INFO -   Best Val:   N/A (validation disabled)
2025-08-31 19:05:03,658 - src.training.train - INFO -   Time:       0.05s (est. 3s remaining)
2025-08-31 19:05:03,658 - src.training.train - INFO -   LR:         0.001000
2025-08-31 19:05:03,658 - src.training.train - INFO -   GPU Mem:    0.02GB
2025-08-31 19:05:03,658 - src.training.train - INFO -   📊 Summary: Model performance is IMPROVING, training speed is FAST (without validation (using training loss))
2025-08-31 19:05:03,658 - src.training.train - INFO - Epoch 13/70 - Training Phase
2025-08-31 19:05:03,661 - src.training.train - INFO -     Batch   1/ 22 | Loss: 4.584055 | Avg Loss: 4.584055 | Progress:   4.5%
2025-08-31 19:05:03,674 - src.training.train - INFO -     Batch   6/ 22 | Loss: 4.493073 | Avg Loss: 3.807536 | Progress:  27.3%
2025-08-31 19:05:03,684 - src.training.train - INFO -     Batch  11/ 22 | Loss: 5.427553 | Avg Loss: 4.128449 | Progress:  50.0%
2025-08-31 19:05:03,695 - src.training.train - INFO -     Batch  16/ 22 | Loss: 5.164683 | Avg Loss: 4.322452 | Progress:  72.7%
2025-08-31 19:05:03,707 - src.training.train - INFO -     Batch  21/ 22 | Loss: 3.022011 | Avg Loss: 4.261631 | Progress:  95.5%
2025-08-31 19:05:03,709 - src.training.train - INFO -     Batch  22/ 22 | Loss: 3.243861 | Avg Loss: 4.215369 | Progress: 100.0%
2025-08-31 19:05:03,709 - src.training.train - INFO -     Training epoch stats:
2025-08-31 19:05:03,709 - src.training.train - INFO -       Loss range: 2.397084 to 6.020808
2025-08-31 19:05:03,709 - src.training.train - INFO -       Gradient norms: avg=7.0606, max=16.0216
2025-08-31 19:05:03,710 - src.training.train - INFO -       GPU memory: 0.02GB used, 0.04GB cached
2025-08-31 19:05:03,710 - src.training.train - INFO - Epoch 13/70 Complete [18.6% progress]:
2025-08-31 19:05:03,710 - src.training.train - INFO -   Train Loss: 4.215369 (+0.118868)
2025-08-31 19:05:03,710 - src.training.train - INFO -   Val Loss:   N/A (validation disabled)
2025-08-31 19:05:03,710 - src.training.train - INFO -   Best Val:   N/A (validation disabled)
2025-08-31 19:05:03,710 - src.training.train - INFO -   Time:       0.05s (est. 3s remaining)
2025-08-31 19:05:03,710 - src.training.train - INFO -   LR:         0.001000
2025-08-31 19:05:03,710 - src.training.train - INFO -   GPU Mem:    0.02GB
2025-08-31 19:05:03,710 - src.training.train - INFO -   📊 Summary: Model performance is PLATEAU, training speed is FAST (without validation (using training loss))
2025-08-31 19:05:03,710 - src.training.train - INFO - Epoch 14/70 - Training Phase
2025-08-31 19:05:03,713 - src.training.train - INFO -     Batch   1/ 22 | Loss: 5.615715 | Avg Loss: 5.615715 | Progress:   4.5%
2025-08-31 19:05:03,724 - src.training.train - INFO -     Batch   6/ 22 | Loss: 3.332582 | Avg Loss: 3.848839 | Progress:  27.3%
2025-08-31 19:05:03,737 - src.training.train - INFO -     Batch  11/ 22 | Loss: 6.887498 | Avg Loss: 4.418044 | Progress:  50.0%
2025-08-31 19:05:03,751 - src.training.train - INFO -     Batch  16/ 22 | Loss: 3.329533 | Avg Loss: 4.196052 | Progress:  72.7%
2025-08-31 19:05:03,761 - src.training.train - INFO -     Batch  21/ 22 | Loss: 5.160367 | Avg Loss: 4.165397 | Progress:  95.5%
2025-08-31 19:05:03,764 - src.training.train - INFO -     Batch  22/ 22 | Loss: 4.659086 | Avg Loss: 4.187838 | Progress: 100.0%
2025-08-31 19:05:03,764 - src.training.train - INFO -     Training epoch stats:
2025-08-31 19:05:03,764 - src.training.train - INFO -       Loss range: 2.476838 to 6.887498
2025-08-31 19:05:03,764 - src.training.train - INFO -       Gradient norms: avg=6.0026, max=12.5566
2025-08-31 19:05:03,764 - src.training.train - INFO -       GPU memory: 0.02GB used, 0.04GB cached
2025-08-31 19:05:03,764 - src.training.train - INFO - Epoch 14/70 Complete [20.0% progress]:
2025-08-31 19:05:03,764 - src.training.train - INFO -   Train Loss: 4.187838 (-0.027531)
2025-08-31 19:05:03,764 - src.training.train - INFO -   Val Loss:   N/A (validation disabled)
2025-08-31 19:05:03,764 - src.training.train - INFO -   Best Val:   N/A (validation disabled)
2025-08-31 19:05:03,765 - src.training.train - INFO -   Time:       0.05s (est. 3s remaining)
2025-08-31 19:05:03,765 - src.training.train - INFO -   LR:         0.001000
2025-08-31 19:05:03,765 - src.training.train - INFO -   GPU Mem:    0.02GB
2025-08-31 19:05:03,765 - src.training.train - INFO -   📊 Summary: Model performance is IMPROVING, training speed is FAST (without validation (using training loss))
2025-08-31 19:05:03,765 - src.training.train - INFO - Epoch 15/70 - Training Phase
2025-08-31 19:05:03,769 - src.training.train - INFO -     Batch   1/ 22 | Loss: 2.535449 | Avg Loss: 2.535449 | Progress:   4.5%
2025-08-31 19:05:03,780 - src.training.train - INFO -     Batch   6/ 22 | Loss: 3.882057 | Avg Loss: 3.928603 | Progress:  27.3%
2025-08-31 19:05:03,791 - src.training.train - INFO -     Batch  11/ 22 | Loss: 6.959936 | Avg Loss: 3.874172 | Progress:  50.0%
2025-08-31 19:05:03,805 - src.training.train - INFO -     Batch  16/ 22 | Loss: 3.068599 | Avg Loss: 4.179969 | Progress:  72.7%
2025-08-31 19:05:03,819 - src.training.train - INFO -     Batch  21/ 22 | Loss: 4.487175 | Avg Loss: 4.173740 | Progress:  95.5%
2025-08-31 19:05:03,821 - src.training.train - INFO -     Batch  22/ 22 | Loss: 0.816487 | Avg Loss: 4.021138 | Progress: 100.0%
2025-08-31 19:05:03,821 - src.training.train - INFO -     Training epoch stats:
2025-08-31 19:05:03,821 - src.training.train - INFO -       Loss range: 0.816487 to 9.177872
2025-08-31 19:05:03,821 - src.training.train - INFO -       Gradient norms: avg=6.0473, max=14.4057
2025-08-31 19:05:03,822 - src.training.train - INFO -       GPU memory: 0.02GB used, 0.04GB cached
2025-08-31 19:05:03,822 - src.training.train - INFO - Epoch 15/70 Complete [21.4% progress]:
2025-08-31 19:05:03,822 - src.training.train - INFO -   Train Loss: 4.021138 (-0.166700)
2025-08-31 19:05:03,822 - src.training.train - INFO -   Val Loss:   N/A (validation disabled)
2025-08-31 19:05:03,822 - src.training.train - INFO -   Best Val:   N/A (validation disabled)
2025-08-31 19:05:03,822 - src.training.train - INFO -   Time:       0.06s (est. 3s remaining)
2025-08-31 19:05:03,822 - src.training.train - INFO -   LR:         0.001000
2025-08-31 19:05:03,822 - src.training.train - INFO -   GPU Mem:    0.02GB
2025-08-31 19:05:03,823 - src.training.train - INFO -   📊 Summary: Model performance is IMPROVING, training speed is FAST (without validation (using training loss))
2025-08-31 19:05:03,825 - src.training.train - INFO - Epoch 16/70 - Training Phase
2025-08-31 19:05:03,828 - src.training.train - INFO -     Batch   1/ 22 | Loss: 4.746687 | Avg Loss: 4.746687 | Progress:   4.5%
2025-08-31 19:05:03,841 - src.training.train - INFO -     Batch   6/ 22 | Loss: 4.765152 | Avg Loss: 3.998857 | Progress:  27.3%
2025-08-31 19:05:03,855 - src.training.train - INFO -     Batch  11/ 22 | Loss: 4.753198 | Avg Loss: 4.040984 | Progress:  50.0%
2025-08-31 19:05:03,869 - src.training.train - INFO -     Batch  16/ 22 | Loss: 5.494558 | Avg Loss: 4.095818 | Progress:  72.7%
2025-08-31 19:05:03,880 - src.training.train - INFO -     Batch  21/ 22 | Loss: 4.390062 | Avg Loss: 4.167476 | Progress:  95.5%
2025-08-31 19:05:03,883 - src.training.train - INFO -     Batch  22/ 22 | Loss: 2.705280 | Avg Loss: 4.101012 | Progress: 100.0%
2025-08-31 19:05:03,883 - src.training.train - INFO -     Training epoch stats:
2025-08-31 19:05:03,883 - src.training.train - INFO -       Loss range: 2.632470 to 6.088465
2025-08-31 19:05:03,883 - src.training.train - INFO -       Gradient norms: avg=6.2204, max=12.6052
2025-08-31 19:05:03,883 - src.training.train - INFO -       GPU memory: 0.02GB used, 0.04GB cached
2025-08-31 19:05:03,884 - src.training.train - INFO - Epoch 16/70 Complete [22.9% progress]:
2025-08-31 19:05:03,884 - src.training.train - INFO -   Train Loss: 4.101012 (+0.079874)
2025-08-31 19:05:03,884 - src.training.train - INFO -   Val Loss:   N/A (validation disabled)
2025-08-31 19:05:03,884 - src.training.train - INFO -   Best Val:   N/A (validation disabled)
2025-08-31 19:05:03,884 - src.training.train - INFO -   Time:       0.06s (est. 3s remaining)
2025-08-31 19:05:03,884 - src.training.train - INFO -   LR:         0.001000
2025-08-31 19:05:03,884 - src.training.train - INFO -   GPU Mem:    0.02GB
2025-08-31 19:05:03,885 - src.training.train - INFO -   📊 Summary: Model performance is PLATEAU, training speed is FAST (without validation (using training loss))
2025-08-31 19:05:03,885 - src.training.train - INFO - Epoch 17/70 - Training Phase
2025-08-31 19:05:03,889 - src.training.train - INFO -     Batch   1/ 22 | Loss: 4.420680 | Avg Loss: 4.420680 | Progress:   4.5%
2025-08-31 19:05:03,903 - src.training.train - INFO -     Batch   6/ 22 | Loss: 4.295642 | Avg Loss: 3.589095 | Progress:  27.3%
2025-08-31 19:05:03,915 - src.training.train - INFO -     Batch  11/ 22 | Loss: 4.748859 | Avg Loss: 3.915204 | Progress:  50.0%
2025-08-31 19:05:03,930 - src.training.train - INFO -     Batch  16/ 22 | Loss: 1.537499 | Avg Loss: 3.810898 | Progress:  72.7%
2025-08-31 19:05:03,942 - src.training.train - INFO -     Batch  21/ 22 | Loss: 8.539495 | Avg Loss: 4.112291 | Progress:  95.5%
2025-08-31 19:05:03,946 - src.training.train - INFO -     Batch  22/ 22 | Loss: 1.933833 | Avg Loss: 4.013270 | Progress: 100.0%
2025-08-31 19:05:03,946 - src.training.train - INFO -     Training epoch stats:
2025-08-31 19:05:03,946 - src.training.train - INFO -       Loss range: 1.537499 to 8.539495
2025-08-31 19:05:03,946 - src.training.train - INFO -       Gradient norms: avg=6.1450, max=11.1881
2025-08-31 19:05:03,946 - src.training.train - INFO -       GPU memory: 0.02GB used, 0.04GB cached
2025-08-31 19:05:03,946 - src.training.train - INFO - Epoch 17/70 Complete [24.3% progress]:
2025-08-31 19:05:03,946 - src.training.train - INFO -   Train Loss: 4.013270 (-0.087742)
2025-08-31 19:05:03,946 - src.training.train - INFO -   Val Loss:   N/A (validation disabled)
2025-08-31 19:05:03,947 - src.training.train - INFO -   Best Val:   N/A (validation disabled)
2025-08-31 19:05:03,947 - src.training.train - INFO -   Time:       0.06s (est. 3s remaining)
2025-08-31 19:05:03,947 - src.training.train - INFO -   LR:         0.001000
2025-08-31 19:05:03,947 - src.training.train - INFO -   GPU Mem:    0.02GB
2025-08-31 19:05:03,947 - src.training.train - INFO -   📊 Summary: Model performance is IMPROVING, training speed is FAST (without validation (using training loss))
2025-08-31 19:05:03,953 - src.training.train - INFO - Epoch 18/70 - Training Phase
2025-08-31 19:05:03,956 - src.training.train - INFO -     Batch   1/ 22 | Loss: 2.927956 | Avg Loss: 2.927956 | Progress:   4.5%
2025-08-31 19:05:03,971 - src.training.train - INFO -     Batch   6/ 22 | Loss: 6.061069 | Avg Loss: 3.488079 | Progress:  27.3%
2025-08-31 19:05:03,986 - src.training.train - INFO -     Batch  11/ 22 | Loss: 6.624588 | Avg Loss: 4.125263 | Progress:  50.0%
2025-08-31 19:05:03,996 - src.training.train - INFO -     Batch  16/ 22 | Loss: 2.234550 | Avg Loss: 4.096229 | Progress:  72.7%
2025-08-31 19:05:04,007 - src.training.train - INFO -     Batch  21/ 22 | Loss: 4.579675 | Avg Loss: 4.160600 | Progress:  95.5%
2025-08-31 19:05:04,010 - src.training.train - INFO -     Batch  22/ 22 | Loss: 3.300053 | Avg Loss: 4.121484 | Progress: 100.0%
2025-08-31 19:05:04,010 - src.training.train - INFO -     Training epoch stats:
2025-08-31 19:05:04,010 - src.training.train - INFO -       Loss range: 2.234550 to 6.673676
2025-08-31 19:05:04,010 - src.training.train - INFO -       Gradient norms: avg=6.9024, max=16.9344
2025-08-31 19:05:04,010 - src.training.train - INFO -       GPU memory: 0.02GB used, 0.04GB cached
2025-08-31 19:05:04,010 - src.training.train - INFO - Epoch 18/70 Complete [25.7% progress]:
2025-08-31 19:05:04,010 - src.training.train - INFO -   Train Loss: 4.121484 (+0.108214)
2025-08-31 19:05:04,010 - src.training.train - INFO -   Val Loss:   N/A (validation disabled)
2025-08-31 19:05:04,011 - src.training.train - INFO -   Best Val:   N/A (validation disabled)
2025-08-31 19:05:04,011 - src.training.train - INFO -   Time:       0.06s (est. 3s remaining)
2025-08-31 19:05:04,011 - src.training.train - INFO -   LR:         0.001000
2025-08-31 19:05:04,011 - src.training.train - INFO -   GPU Mem:    0.02GB
2025-08-31 19:05:04,011 - src.training.train - INFO -   📊 Summary: Model performance is PLATEAU, training speed is FAST (without validation (using training loss))
2025-08-31 19:05:04,011 - src.training.train - INFO - Epoch 19/70 - Training Phase
2025-08-31 19:05:04,015 - src.training.train - INFO -     Batch   1/ 22 | Loss: 3.214252 | Avg Loss: 3.214252 | Progress:   4.5%
2025-08-31 19:05:04,028 - src.training.train - INFO -     Batch   6/ 22 | Loss: 4.259915 | Avg Loss: 3.310891 | Progress:  27.3%
2025-08-31 19:05:04,039 - src.training.train - INFO -     Batch  11/ 22 | Loss: 5.078498 | Avg Loss: 3.466514 | Progress:  50.0%
2025-08-31 19:05:04,053 - src.training.train - INFO -     Batch  16/ 22 | Loss: 7.361711 | Avg Loss: 3.881976 | Progress:  72.7%
2025-08-31 19:05:04,067 - src.training.train - INFO -     Batch  21/ 22 | Loss: 4.087631 | Avg Loss: 4.125314 | Progress:  95.5%
2025-08-31 19:05:04,070 - src.training.train - INFO -     Batch  22/ 22 | Loss: 1.728374 | Avg Loss: 4.016362 | Progress: 100.0%
2025-08-31 19:05:04,070 - src.training.train - INFO -     Training epoch stats:
2025-08-31 19:05:04,070 - src.training.train - INFO -       Loss range: 1.728374 to 7.361711
2025-08-31 19:05:04,070 - src.training.train - INFO -       Gradient norms: avg=6.0166, max=18.0780
2025-08-31 19:05:04,070 - src.training.train - INFO -       GPU memory: 0.02GB used, 0.04GB cached
2025-08-31 19:05:04,070 - src.training.train - INFO - Epoch 19/70 Complete [27.1% progress]:
2025-08-31 19:05:04,070 - src.training.train - INFO -   Train Loss: 4.016362 (-0.105122)
2025-08-31 19:05:04,070 - src.training.train - INFO -   Val Loss:   N/A (validation disabled)
2025-08-31 19:05:04,070 - src.training.train - INFO -   Best Val:   N/A (validation disabled)
2025-08-31 19:05:04,070 - src.training.train - INFO -   Time:       0.06s (est. 3s remaining)
2025-08-31 19:05:04,071 - src.training.train - INFO -   LR:         0.001000
2025-08-31 19:05:04,071 - src.training.train - INFO -   GPU Mem:    0.02GB
2025-08-31 19:05:04,071 - src.training.train - INFO -   📊 Summary: Model performance is IMPROVING, training speed is FAST (without validation (using training loss))
2025-08-31 19:05:04,071 - src.training.train - INFO - Epoch 20/70 - Training Phase
2025-08-31 19:05:04,074 - src.training.train - INFO -     Batch   1/ 22 | Loss: 4.394742 | Avg Loss: 4.394742 | Progress:   4.5%
2025-08-31 19:05:04,086 - src.training.train - INFO -     Batch   6/ 22 | Loss: 3.352886 | Avg Loss: 4.155071 | Progress:  27.3%
2025-08-31 19:05:04,102 - src.training.train - INFO -     Batch  11/ 22 | Loss: 2.861629 | Avg Loss: 3.823628 | Progress:  50.0%
2025-08-31 19:05:04,116 - src.training.train - INFO -     Batch  16/ 22 | Loss: 4.192244 | Avg Loss: 4.256255 | Progress:  72.7%
2025-08-31 19:05:04,129 - src.training.train - INFO -     Batch  21/ 22 | Loss: 3.041001 | Avg Loss: 4.176365 | Progress:  95.5%
2025-08-31 19:05:04,133 - src.training.train - INFO -     Batch  22/ 22 | Loss: 2.097141 | Avg Loss: 4.081855 | Progress: 100.0%
2025-08-31 19:05:04,133 - src.training.train - INFO -     Training epoch stats:
2025-08-31 19:05:04,133 - src.training.train - INFO -       Loss range: 2.097141 to 7.478959
2025-08-31 19:05:04,133 - src.training.train - INFO -       Gradient norms: avg=6.0945, max=10.6270
2025-08-31 19:05:04,134 - src.training.train - INFO -       GPU memory: 0.02GB used, 0.04GB cached
2025-08-31 19:05:04,134 - src.training.train - INFO - Epoch 20/70 Complete [28.6% progress]:
2025-08-31 19:05:04,134 - src.training.train - INFO -   Train Loss: 4.081855 (+0.065493)
2025-08-31 19:05:04,134 - src.training.train - INFO -   Val Loss:   N/A (validation disabled)
2025-08-31 19:05:04,134 - src.training.train - INFO -   Best Val:   N/A (validation disabled)
2025-08-31 19:05:04,134 - src.training.train - INFO -   Time:       0.06s (est. 3s remaining)
2025-08-31 19:05:04,134 - src.training.train - INFO -   LR:         0.001000
2025-08-31 19:05:04,135 - src.training.train - INFO -   GPU Mem:    0.02GB
2025-08-31 19:05:04,135 - src.training.train - INFO -   📊 Summary: Model performance is PLATEAU, training speed is FAST (without validation (using training loss))
2025-08-31 19:05:04,135 - src.training.train - INFO - Epoch 21/70 - Training Phase
2025-08-31 19:05:04,140 - src.training.train - INFO -     Batch   1/ 22 | Loss: 4.288157 | Avg Loss: 4.288157 | Progress:   4.5%
2025-08-31 19:05:04,155 - src.training.train - INFO -     Batch   6/ 22 | Loss: 5.353515 | Avg Loss: 4.655924 | Progress:  27.3%
2025-08-31 19:05:04,166 - src.training.train - INFO -     Batch  11/ 22 | Loss: 3.245557 | Avg Loss: 4.111994 | Progress:  50.0%
2025-08-31 19:05:04,179 - src.training.train - INFO -     Batch  16/ 22 | Loss: 6.064328 | Avg Loss: 4.139594 | Progress:  72.7%
2025-08-31 19:05:04,192 - src.training.train - INFO -     Batch  21/ 22 | Loss: 4.415488 | Avg Loss: 4.138458 | Progress:  95.5%
2025-08-31 19:05:04,195 - src.training.train - INFO -     Batch  22/ 22 | Loss: 4.256514 | Avg Loss: 4.143824 | Progress: 100.0%
2025-08-31 19:05:04,195 - src.training.train - INFO -     Training epoch stats:
2025-08-31 19:05:04,195 - src.training.train - INFO -       Loss range: 1.824080 to 7.623758
2025-08-31 19:05:04,195 - src.training.train - INFO -       Gradient norms: avg=6.2908, max=10.3917
2025-08-31 19:05:04,195 - src.training.train - INFO -       GPU memory: 0.02GB used, 0.04GB cached
2025-08-31 19:05:04,195 - src.training.train - INFO - Epoch 21/70 Complete [30.0% progress]:
2025-08-31 19:05:04,195 - src.training.train - INFO -   Train Loss: 4.143824 (+0.061969)
2025-08-31 19:05:04,195 - src.training.train - INFO -   Val Loss:   N/A (validation disabled)
2025-08-31 19:05:04,195 - src.training.train - INFO -   Best Val:   N/A (validation disabled)
2025-08-31 19:05:04,196 - src.training.train - INFO -   Time:       0.06s (est. 3s remaining)
2025-08-31 19:05:04,196 - src.training.train - INFO -   LR:         0.001000
2025-08-31 19:05:04,197 - src.training.train - INFO -   GPU Mem:    0.02GB
2025-08-31 19:05:04,197 - src.training.train - INFO -   📊 Summary: Model performance is PLATEAU, training speed is FAST (without validation (using training loss))
2025-08-31 19:05:04,197 - src.training.train - INFO - Epoch 22/70 - Training Phase
2025-08-31 19:05:04,200 - src.training.train - INFO -     Batch   1/ 22 | Loss: 3.910344 | Avg Loss: 3.910344 | Progress:   4.5%
2025-08-31 19:05:04,210 - src.training.train - INFO -     Batch   6/ 22 | Loss: 3.733413 | Avg Loss: 4.449079 | Progress:  27.3%
2025-08-31 19:05:04,221 - src.training.train - INFO -     Batch  11/ 22 | Loss: 2.643165 | Avg Loss: 4.378141 | Progress:  50.0%
2025-08-31 19:05:04,234 - src.training.train - INFO -     Batch  16/ 22 | Loss: 3.693137 | Avg Loss: 4.321048 | Progress:  72.7%
2025-08-31 19:05:04,248 - src.training.train - INFO -     Batch  21/ 22 | Loss: 2.105153 | Avg Loss: 4.093315 | Progress:  95.5%
2025-08-31 19:05:04,251 - src.training.train - INFO -     Batch  22/ 22 | Loss: 2.168753 | Avg Loss: 4.005835 | Progress: 100.0%
2025-08-31 19:05:04,251 - src.training.train - INFO -     Training epoch stats:
2025-08-31 19:05:04,251 - src.training.train - INFO -       Loss range: 1.625129 to 8.297973
2025-08-31 19:05:04,251 - src.training.train - INFO -       Gradient norms: avg=5.8354, max=11.2989
2025-08-31 19:05:04,251 - src.training.train - INFO -       GPU memory: 0.02GB used, 0.04GB cached
2025-08-31 19:05:04,251 - src.training.train - INFO - Epoch 22/70 Complete [31.4% progress]:
2025-08-31 19:05:04,251 - src.training.train - INFO -   Train Loss: 4.005835 (-0.137989)
2025-08-31 19:05:04,251 - src.training.train - INFO -   Val Loss:   N/A (validation disabled)
2025-08-31 19:05:04,251 - src.training.train - INFO -   Best Val:   N/A (validation disabled)
2025-08-31 19:05:04,251 - src.training.train - INFO -   Time:       0.05s (est. 3s remaining)
2025-08-31 19:05:04,251 - src.training.train - INFO -   LR:         0.001000
2025-08-31 19:05:04,252 - src.training.train - INFO -   GPU Mem:    0.02GB
2025-08-31 19:05:04,252 - src.training.train - INFO -   📊 Summary: Model performance is IMPROVING, training speed is FAST (without validation (using training loss))
2025-08-31 19:05:04,258 - src.training.train - INFO - Epoch 23/70 - Training Phase
2025-08-31 19:05:04,262 - src.training.train - INFO -     Batch   1/ 22 | Loss: 3.034536 | Avg Loss: 3.034536 | Progress:   4.5%
2025-08-31 19:05:04,274 - src.training.train - INFO -     Batch   6/ 22 | Loss: 3.343419 | Avg Loss: 4.137863 | Progress:  27.3%
2025-08-31 19:05:04,286 - src.training.train - INFO -     Batch  11/ 22 | Loss: 6.108468 | Avg Loss: 4.362708 | Progress:  50.0%
2025-08-31 19:05:04,299 - src.training.train - INFO -     Batch  16/ 22 | Loss: 2.945322 | Avg Loss: 4.164405 | Progress:  72.7%
2025-08-31 19:05:04,313 - src.training.train - INFO -     Batch  21/ 22 | Loss: 5.369774 | Avg Loss: 4.152793 | Progress:  95.5%
2025-08-31 19:05:04,315 - src.training.train - INFO -     Batch  22/ 22 | Loss: 2.872066 | Avg Loss: 4.094578 | Progress: 100.0%
2025-08-31 19:05:04,315 - src.training.train - INFO -     Training epoch stats:
2025-08-31 19:05:04,315 - src.training.train - INFO -       Loss range: 1.845339 to 7.237741
2025-08-31 19:05:04,315 - src.training.train - INFO -       Gradient norms: avg=6.2217, max=12.2077
2025-08-31 19:05:04,316 - src.training.train - INFO -       GPU memory: 0.02GB used, 0.04GB cached
2025-08-31 19:05:04,316 - src.training.train - INFO - Epoch 23/70 Complete [32.9% progress]:
2025-08-31 19:05:04,316 - src.training.train - INFO -   Train Loss: 4.094578 (+0.088743)
2025-08-31 19:05:04,316 - src.training.train - INFO -   Val Loss:   N/A (validation disabled)
2025-08-31 19:05:04,316 - src.training.train - INFO -   Best Val:   N/A (validation disabled)
2025-08-31 19:05:04,316 - src.training.train - INFO -   Time:       0.06s (est. 3s remaining)
2025-08-31 19:05:04,316 - src.training.train - INFO -   LR:         0.001000
2025-08-31 19:05:04,316 - src.training.train - INFO -   GPU Mem:    0.02GB
2025-08-31 19:05:04,317 - src.training.train - INFO -   📊 Summary: Model performance is PLATEAU, training speed is FAST (without validation (using training loss))
2025-08-31 19:05:04,317 - src.training.train - INFO - Epoch 24/70 - Training Phase
2025-08-31 19:05:04,320 - src.training.train - INFO -     Batch   1/ 22 | Loss: 4.300733 | Avg Loss: 4.300733 | Progress:   4.5%
2025-08-31 19:05:04,332 - src.training.train - INFO -     Batch   6/ 22 | Loss: 2.804494 | Avg Loss: 4.020742 | Progress:  27.3%
2025-08-31 19:05:04,343 - src.training.train - INFO -     Batch  11/ 22 | Loss: 6.576914 | Avg Loss: 4.512171 | Progress:  50.0%
2025-08-31 19:05:04,355 - src.training.train - INFO -     Batch  16/ 22 | Loss: 3.294859 | Avg Loss: 4.131807 | Progress:  72.7%
2025-08-31 19:05:04,367 - src.training.train - INFO -     Batch  21/ 22 | Loss: 4.953000 | Avg Loss: 4.160843 | Progress:  95.5%
2025-08-31 19:05:04,370 - src.training.train - INFO -     Batch  22/ 22 | Loss: 3.092343 | Avg Loss: 4.112275 | Progress: 100.0%
2025-08-31 19:05:04,370 - src.training.train - INFO -     Training epoch stats:
2025-08-31 19:05:04,370 - src.training.train - INFO -       Loss range: 1.942528 to 6.576914
2025-08-31 19:05:04,370 - src.training.train - INFO -       Gradient norms: avg=6.6667, max=17.3970
2025-08-31 19:05:04,370 - src.training.train - INFO -       GPU memory: 0.02GB used, 0.04GB cached
2025-08-31 19:05:04,370 - src.training.train - INFO - Epoch 24/70 Complete [34.3% progress]:
2025-08-31 19:05:04,370 - src.training.train - INFO -   Train Loss: 4.112275 (+0.017697)
2025-08-31 19:05:04,370 - src.training.train - INFO -   Val Loss:   N/A (validation disabled)
2025-08-31 19:05:04,370 - src.training.train - INFO -   Best Val:   N/A (validation disabled)
2025-08-31 19:05:04,370 - src.training.train - INFO -   Time:       0.05s (est. 2s remaining)
2025-08-31 19:05:04,371 - src.training.train - INFO -   LR:         0.001000
2025-08-31 19:05:04,371 - src.training.train - INFO -   GPU Mem:    0.02GB
2025-08-31 19:05:04,371 - src.training.train - INFO -   📊 Summary: Model performance is PLATEAU, training speed is FAST (without validation (using training loss))
2025-08-31 19:05:04,371 - src.training.train - INFO - Epoch 25/70 - Training Phase
2025-08-31 19:05:04,374 - src.training.train - INFO -     Batch   1/ 22 | Loss: 3.829556 | Avg Loss: 3.829556 | Progress:   4.5%
2025-08-31 19:05:04,387 - src.training.train - INFO -     Batch   6/ 22 | Loss: 3.773173 | Avg Loss: 3.817834 | Progress:  27.3%
2025-08-31 19:05:04,400 - src.training.train - INFO -     Batch  11/ 22 | Loss: 5.468667 | Avg Loss: 3.912519 | Progress:  50.0%
2025-08-31 19:05:04,411 - src.training.train - INFO -     Batch  16/ 22 | Loss: 6.321223 | Avg Loss: 4.059925 | Progress:  72.7%
2025-08-31 19:05:04,422 - src.training.train - INFO -     Batch  21/ 22 | Loss: 3.713287 | Avg Loss: 4.065544 | Progress:  95.5%
2025-08-31 19:05:04,424 - src.training.train - INFO -     Batch  22/ 22 | Loss: 7.081016 | Avg Loss: 4.202611 | Progress: 100.0%
2025-08-31 19:05:04,424 - src.training.train - INFO -     Training epoch stats:
2025-08-31 19:05:04,424 - src.training.train - INFO -       Loss range: 2.230918 to 7.081016
2025-08-31 19:05:04,424 - src.training.train - INFO -       Gradient norms: avg=7.3555, max=24.2539
2025-08-31 19:05:04,425 - src.training.train - INFO -       GPU memory: 0.02GB used, 0.04GB cached
2025-08-31 19:05:04,425 - src.training.train - INFO - Epoch 25/70 Complete [35.7% progress]:
2025-08-31 19:05:04,425 - src.training.train - INFO -   Train Loss: 4.202611 (+0.090336)
2025-08-31 19:05:04,425 - src.training.train - INFO -   Val Loss:   N/A (validation disabled)
2025-08-31 19:05:04,425 - src.training.train - INFO -   Best Val:   N/A (validation disabled)
2025-08-31 19:05:04,425 - src.training.train - INFO -   Time:       0.05s (est. 2s remaining)
2025-08-31 19:05:04,425 - src.training.train - INFO -   LR:         0.001000
2025-08-31 19:05:04,425 - src.training.train - INFO -   GPU Mem:    0.02GB
2025-08-31 19:05:04,426 - src.training.train - INFO -   📊 Summary: Model performance is PLATEAU, training speed is FAST (without validation (using training loss))
2025-08-31 19:05:04,426 - src.training.train - INFO - Epoch 26/70 - Training Phase
2025-08-31 19:05:04,429 - src.training.train - INFO -     Batch   1/ 22 | Loss: 7.081680 | Avg Loss: 7.081680 | Progress:   4.5%
2025-08-31 19:05:04,441 - src.training.train - INFO -     Batch   6/ 22 | Loss: 3.325721 | Avg Loss: 3.994488 | Progress:  27.3%
2025-08-31 19:05:04,456 - src.training.train - INFO -     Batch  11/ 22 | Loss: 4.784822 | Avg Loss: 3.931631 | Progress:  50.0%
2025-08-31 19:05:04,469 - src.training.train - INFO -     Batch  16/ 22 | Loss: 4.006470 | Avg Loss: 4.232970 | Progress:  72.7%
2025-08-31 19:05:04,482 - src.training.train - INFO -     Batch  21/ 22 | Loss: 5.036938 | Avg Loss: 4.252680 | Progress:  95.5%
2025-08-31 19:05:04,485 - src.training.train - INFO -     Batch  22/ 22 | Loss: 1.788895 | Avg Loss: 4.140690 | Progress: 100.0%
2025-08-31 19:05:04,485 - src.training.train - INFO -     Training epoch stats:
2025-08-31 19:05:04,485 - src.training.train - INFO -       Loss range: 1.788895 to 7.081680
2025-08-31 19:05:04,485 - src.training.train - INFO -       Gradient norms: avg=6.5076, max=15.7884
2025-08-31 19:05:04,485 - src.training.train - INFO -       GPU memory: 0.02GB used, 0.04GB cached
2025-08-31 19:05:04,486 - src.training.train - INFO - Epoch 26/70 Complete [37.1% progress]:
2025-08-31 19:05:04,486 - src.training.train - INFO -   Train Loss: 4.140690 (-0.061921)
2025-08-31 19:05:04,486 - src.training.train - INFO -   Val Loss:   N/A (validation disabled)
2025-08-31 19:05:04,486 - src.training.train - INFO -   Best Val:   N/A (validation disabled)
2025-08-31 19:05:04,486 - src.training.train - INFO -   Time:       0.06s (est. 3s remaining)
2025-08-31 19:05:04,486 - src.training.train - INFO -   LR:         0.001000
2025-08-31 19:05:04,486 - src.training.train - INFO -   GPU Mem:    0.02GB
2025-08-31 19:05:04,486 - src.training.train - INFO -   📊 Summary: Model performance is IMPROVING, training speed is FAST (without validation (using training loss))
2025-08-31 19:05:04,486 - src.training.train - INFO - Epoch 27/70 - Training Phase
2025-08-31 19:05:04,490 - src.training.train - INFO -     Batch   1/ 22 | Loss: 5.255084 | Avg Loss: 5.255084 | Progress:   4.5%
2025-08-31 19:05:04,501 - src.training.train - INFO -     Batch   6/ 22 | Loss: 4.678256 | Avg Loss: 4.140632 | Progress:  27.3%
2025-08-31 19:05:04,513 - src.training.train - INFO -     Batch  11/ 22 | Loss: 2.298418 | Avg Loss: 3.994094 | Progress:  50.0%
2025-08-31 19:05:04,526 - src.training.train - INFO -     Batch  16/ 22 | Loss: 3.494016 | Avg Loss: 3.986320 | Progress:  72.7%
2025-08-31 19:05:04,537 - src.training.train - INFO -     Batch  21/ 22 | Loss: 3.491171 | Avg Loss: 4.166262 | Progress:  95.5%
2025-08-31 19:05:04,541 - src.training.train - INFO -     Batch  22/ 22 | Loss: 3.924774 | Avg Loss: 4.155285 | Progress: 100.0%
2025-08-31 19:05:04,541 - src.training.train - INFO -     Training epoch stats:
2025-08-31 19:05:04,541 - src.training.train - INFO -       Loss range: 2.123418 to 6.553264
2025-08-31 19:05:04,541 - src.training.train - INFO -       Gradient norms: avg=6.6391, max=13.0789
2025-08-31 19:05:04,541 - src.training.train - INFO -       GPU memory: 0.02GB used, 0.04GB cached
2025-08-31 19:05:04,541 - src.training.train - INFO - Epoch 27/70 Complete [38.6% progress]:
2025-08-31 19:05:04,541 - src.training.train - INFO -   Train Loss: 4.155285 (+0.014595)
2025-08-31 19:05:04,541 - src.training.train - INFO -   Val Loss:   N/A (validation disabled)
2025-08-31 19:05:04,541 - src.training.train - INFO -   Best Val:   N/A (validation disabled)
2025-08-31 19:05:04,541 - src.training.train - INFO -   Time:       0.05s (est. 2s remaining)
2025-08-31 19:05:04,541 - src.training.train - INFO -   LR:         0.001000
2025-08-31 19:05:04,542 - src.training.train - INFO -   GPU Mem:    0.02GB
2025-08-31 19:05:04,542 - src.training.train - INFO -   📊 Summary: Model performance is PLATEAU, training speed is FAST (without validation (using training loss))
2025-08-31 19:05:04,542 - src.training.train - INFO - Epoch 28/70 - Training Phase
2025-08-31 19:05:04,545 - src.training.train - INFO -     Batch   1/ 22 | Loss: 5.047673 | Avg Loss: 5.047673 | Progress:   4.5%
2025-08-31 19:05:04,558 - src.training.train - INFO -     Batch   6/ 22 | Loss: 4.496596 | Avg Loss: 4.798039 | Progress:  27.3%
2025-08-31 19:05:04,569 - src.training.train - INFO -     Batch  11/ 22 | Loss: 2.836027 | Avg Loss: 4.184413 | Progress:  50.0%
2025-08-31 19:05:04,580 - src.training.train - INFO -     Batch  16/ 22 | Loss: 3.644069 | Avg Loss: 4.052605 | Progress:  72.7%
2025-08-31 19:05:04,594 - src.training.train - INFO -     Batch  21/ 22 | Loss: 4.688482 | Avg Loss: 4.154100 | Progress:  95.5%
2025-08-31 19:05:04,596 - src.training.train - INFO -     Batch  22/ 22 | Loss: 2.422848 | Avg Loss: 4.075407 | Progress: 100.0%
2025-08-31 19:05:04,596 - src.training.train - INFO -     Training epoch stats:
2025-08-31 19:05:04,596 - src.training.train - INFO -       Loss range: 2.167024 to 6.940307
2025-08-31 19:05:04,596 - src.training.train - INFO -       Gradient norms: avg=5.7331, max=12.1426
2025-08-31 19:05:04,596 - src.training.train - INFO -       GPU memory: 0.02GB used, 0.04GB cached
2025-08-31 19:05:04,596 - src.training.train - INFO - Epoch 28/70 Complete [40.0% progress]:
2025-08-31 19:05:04,596 - src.training.train - INFO -   Train Loss: 4.075407 (-0.079878)
2025-08-31 19:05:04,596 - src.training.train - INFO -   Val Loss:   N/A (validation disabled)
2025-08-31 19:05:04,596 - src.training.train - INFO -   Best Val:   N/A (validation disabled)
2025-08-31 19:05:04,597 - src.training.train - INFO -   Time:       0.05s (est. 2s remaining)
2025-08-31 19:05:04,597 - src.training.train - INFO -   LR:         0.001000
2025-08-31 19:05:04,597 - src.training.train - INFO -   GPU Mem:    0.02GB
2025-08-31 19:05:04,597 - src.training.train - INFO -   📊 Summary: Model performance is IMPROVING, training speed is FAST (without validation (using training loss))
2025-08-31 19:05:04,597 - src.training.train - INFO - Epoch 29/70 - Training Phase
2025-08-31 19:05:04,600 - src.training.train - INFO -     Batch   1/ 22 | Loss: 4.792823 | Avg Loss: 4.792823 | Progress:   4.5%
2025-08-31 19:05:04,611 - src.training.train - INFO -     Batch   6/ 22 | Loss: 3.820476 | Avg Loss: 3.979658 | Progress:  27.3%
2025-08-31 19:05:04,622 - src.training.train - INFO -     Batch  11/ 22 | Loss: 5.623655 | Avg Loss: 4.575745 | Progress:  50.0%
2025-08-31 19:05:04,635 - src.training.train - INFO -     Batch  16/ 22 | Loss: 4.008330 | Avg Loss: 4.187842 | Progress:  72.7%
2025-08-31 19:05:04,645 - src.training.train - INFO -     Batch  21/ 22 | Loss: 5.281679 | Avg Loss: 4.083005 | Progress:  95.5%
2025-08-31 19:05:04,647 - src.training.train - INFO -     Batch  22/ 22 | Loss: 5.049297 | Avg Loss: 4.126927 | Progress: 100.0%
2025-08-31 19:05:04,647 - src.training.train - INFO -     Training epoch stats:
2025-08-31 19:05:04,647 - src.training.train - INFO -       Loss range: 2.009749 to 7.975853
2025-08-31 19:05:04,647 - src.training.train - INFO -       Gradient norms: avg=6.5688, max=12.4342
2025-08-31 19:05:04,647 - src.training.train - INFO -       GPU memory: 0.02GB used, 0.04GB cached
2025-08-31 19:05:04,647 - src.training.train - INFO - Epoch 29/70 Complete [41.4% progress]:
2025-08-31 19:05:04,648 - src.training.train - INFO -   Train Loss: 4.126927 (+0.051520)
2025-08-31 19:05:04,648 - src.training.train - INFO -   Val Loss:   N/A (validation disabled)
2025-08-31 19:05:04,648 - src.training.train - INFO -   Best Val:   N/A (validation disabled)
2025-08-31 19:05:04,648 - src.training.train - INFO -   Time:       0.05s (est. 2s remaining)
2025-08-31 19:05:04,648 - src.training.train - INFO -   LR:         0.001000
2025-08-31 19:05:04,648 - src.training.train - INFO -   GPU Mem:    0.02GB
2025-08-31 19:05:04,648 - src.training.train - INFO -   📊 Summary: Model performance is PLATEAU, training speed is FAST (without validation (using training loss))
2025-08-31 19:05:04,648 - src.training.train - INFO - Epoch 30/70 - Training Phase
2025-08-31 19:05:04,651 - src.training.train - INFO -     Batch   1/ 22 | Loss: 3.855193 | Avg Loss: 3.855193 | Progress:   4.5%
2025-08-31 19:05:04,662 - src.training.train - INFO -     Batch   6/ 22 | Loss: 6.865254 | Avg Loss: 4.309590 | Progress:  27.3%
2025-08-31 19:05:04,674 - src.training.train - INFO -     Batch  11/ 22 | Loss: 3.970702 | Avg Loss: 4.184016 | Progress:  50.0%
2025-08-31 19:05:04,686 - src.training.train - INFO -     Batch  16/ 22 | Loss: 6.513169 | Avg Loss: 4.260527 | Progress:  72.7%
2025-08-31 19:05:04,697 - src.training.train - INFO -     Batch  21/ 22 | Loss: 4.421534 | Avg Loss: 4.134467 | Progress:  95.5%
2025-08-31 19:05:04,699 - src.training.train - INFO -     Batch  22/ 22 | Loss: 3.410876 | Avg Loss: 4.101577 | Progress: 100.0%
2025-08-31 19:05:04,699 - src.training.train - INFO -     Training epoch stats:
2025-08-31 19:05:04,699 - src.training.train - INFO -       Loss range: 2.657622 to 6.865254
2025-08-31 19:05:04,699 - src.training.train - INFO -       Gradient norms: avg=7.1753, max=17.3273
2025-08-31 19:05:04,700 - src.training.train - INFO -       GPU memory: 0.02GB used, 0.04GB cached
2025-08-31 19:05:04,700 - src.training.train - INFO - Epoch 30/70 Complete [42.9% progress]:
2025-08-31 19:05:04,700 - src.training.train - INFO -   Train Loss: 4.101577 (-0.025351)
2025-08-31 19:05:04,700 - src.training.train - INFO -   Val Loss:   N/A (validation disabled)
2025-08-31 19:05:04,700 - src.training.train - INFO -   Best Val:   N/A (validation disabled)
2025-08-31 19:05:04,700 - src.training.train - INFO -   Time:       0.05s (est. 2s remaining)
2025-08-31 19:05:04,700 - src.training.train - INFO -   LR:         0.001000
2025-08-31 19:05:04,700 - src.training.train - INFO -   GPU Mem:    0.02GB
2025-08-31 19:05:04,700 - src.training.train - INFO -   📊 Summary: Model performance is IMPROVING, training speed is FAST (without validation (using training loss))
2025-08-31 19:05:04,701 - src.training.train - INFO - Epoch 31/70 - Training Phase
2025-08-31 19:05:04,703 - src.training.train - INFO -     Batch   1/ 22 | Loss: 4.426984 | Avg Loss: 4.426984 | Progress:   4.5%
2025-08-31 19:05:04,716 - src.training.train - INFO -     Batch   6/ 22 | Loss: 2.604838 | Avg Loss: 3.905848 | Progress:  27.3%
2025-08-31 19:05:04,729 - src.training.train - INFO -     Batch  11/ 22 | Loss: 6.059293 | Avg Loss: 4.078090 | Progress:  50.0%
2025-08-31 19:05:04,743 - src.training.train - INFO -     Batch  16/ 22 | Loss: 3.899006 | Avg Loss: 4.133155 | Progress:  72.7%
2025-08-31 19:05:04,757 - src.training.train - INFO -     Batch  21/ 22 | Loss: 4.335433 | Avg Loss: 4.127913 | Progress:  95.5%
2025-08-31 19:05:04,760 - src.training.train - INFO -     Batch  22/ 22 | Loss: 1.744051 | Avg Loss: 4.019556 | Progress: 100.0%
2025-08-31 19:05:04,761 - src.training.train - INFO -     Training epoch stats:
2025-08-31 19:05:04,761 - src.training.train - INFO -       Loss range: 1.744051 to 6.059293
2025-08-31 19:05:04,761 - src.training.train - INFO -       Gradient norms: avg=7.2842, max=15.0187
2025-08-31 19:05:04,761 - src.training.train - INFO -       GPU memory: 0.02GB used, 0.04GB cached
2025-08-31 19:05:04,761 - src.training.train - INFO - Epoch 31/70 Complete [44.3% progress]:
2025-08-31 19:05:04,762 - src.training.train - INFO -   Train Loss: 4.019556 (-0.082021)
2025-08-31 19:05:04,762 - src.training.train - INFO -   Val Loss:   N/A (validation disabled)
2025-08-31 19:05:04,762 - src.training.train - INFO -   Best Val:   N/A (validation disabled)
2025-08-31 19:05:04,762 - src.training.train - INFO -   Time:       0.06s (est. 2s remaining)
2025-08-31 19:05:04,762 - src.training.train - INFO -   LR:         0.001000
2025-08-31 19:05:04,763 - src.training.train - INFO -   GPU Mem:    0.02GB
2025-08-31 19:05:04,763 - src.training.train - INFO -   📊 Summary: Model performance is IMPROVING, training speed is FAST (without validation (using training loss))
2025-08-31 19:05:04,763 - src.training.train - INFO - Epoch 32/70 - Training Phase
2025-08-31 19:05:04,769 - src.training.train - INFO -     Batch   1/ 22 | Loss: 4.262429 | Avg Loss: 4.262429 | Progress:   4.5%
2025-08-31 19:05:04,790 - src.training.train - INFO -     Batch   6/ 22 | Loss: 3.822007 | Avg Loss: 4.023409 | Progress:  27.3%
2025-08-31 19:05:04,804 - src.training.train - INFO -     Batch  11/ 22 | Loss: 3.132077 | Avg Loss: 3.648269 | Progress:  50.0%
2025-08-31 19:05:04,822 - src.training.train - INFO -     Batch  16/ 22 | Loss: 5.311602 | Avg Loss: 4.080644 | Progress:  72.7%
2025-08-31 19:05:04,840 - src.training.train - INFO -     Batch  21/ 22 | Loss: 3.570243 | Avg Loss: 4.070293 | Progress:  95.5%
2025-08-31 19:05:04,843 - src.training.train - INFO -     Batch  22/ 22 | Loss: 5.400999 | Avg Loss: 4.130780 | Progress: 100.0%
2025-08-31 19:05:04,843 - src.training.train - INFO -     Training epoch stats:
2025-08-31 19:05:04,843 - src.training.train - INFO -       Loss range: 2.421636 to 6.580207
2025-08-31 19:05:04,843 - src.training.train - INFO -       Gradient norms: avg=6.5557, max=18.6843
2025-08-31 19:05:04,843 - src.training.train - INFO -       GPU memory: 0.02GB used, 0.04GB cached
2025-08-31 19:05:04,843 - src.training.train - INFO - Epoch 32/70 Complete [45.7% progress]:
2025-08-31 19:05:04,843 - src.training.train - INFO -   Train Loss: 4.130780 (+0.111224)
2025-08-31 19:05:04,843 - src.training.train - INFO -   Val Loss:   N/A (validation disabled)
2025-08-31 19:05:04,844 - src.training.train - INFO -   Best Val:   N/A (validation disabled)
2025-08-31 19:05:04,844 - src.training.train - INFO -   Time:       0.08s (est. 3s remaining)
2025-08-31 19:05:04,844 - src.training.train - INFO -   LR:         0.001000
2025-08-31 19:05:04,844 - src.training.train - INFO -   GPU Mem:    0.02GB
2025-08-31 19:05:04,845 - src.training.train - INFO -   📊 Summary: Model performance is PLATEAU, training speed is FAST (without validation (using training loss))
2025-08-31 19:05:04,845 - src.training.train - INFO - Epoch 33/70 - Training Phase
2025-08-31 19:05:04,849 - src.training.train - INFO -     Batch   1/ 22 | Loss: 3.706213 | Avg Loss: 3.706213 | Progress:   4.5%
2025-08-31 19:05:04,861 - src.training.train - INFO -     Batch   6/ 22 | Loss: 7.065055 | Avg Loss: 4.010105 | Progress:  27.3%
2025-08-31 19:05:04,872 - src.training.train - INFO -     Batch  11/ 22 | Loss: 3.069622 | Avg Loss: 3.878788 | Progress:  50.0%
2025-08-31 19:05:04,884 - src.training.train - INFO -     Batch  16/ 22 | Loss: 7.666601 | Avg Loss: 4.130032 | Progress:  72.7%
2025-08-31 19:05:04,896 - src.training.train - INFO -     Batch  21/ 22 | Loss: 3.534293 | Avg Loss: 4.193756 | Progress:  95.5%
2025-08-31 19:05:04,899 - src.training.train - INFO -     Batch  22/ 22 | Loss: 2.034969 | Avg Loss: 4.095630 | Progress: 100.0%
2025-08-31 19:05:04,899 - src.training.train - INFO -     Training epoch stats:
2025-08-31 19:05:04,899 - src.training.train - INFO -       Loss range: 2.034969 to 7.666601
2025-08-31 19:05:04,899 - src.training.train - INFO -       Gradient norms: avg=7.1000, max=19.1157
2025-08-31 19:05:04,899 - src.training.train - INFO -       GPU memory: 0.02GB used, 0.04GB cached
2025-08-31 19:05:04,899 - src.training.train - INFO - Epoch 33/70 Complete [47.1% progress]:
2025-08-31 19:05:04,899 - src.training.train - INFO -   Train Loss: 4.095630 (-0.035150)
2025-08-31 19:05:04,900 - src.training.train - INFO -   Val Loss:   N/A (validation disabled)
2025-08-31 19:05:04,900 - src.training.train - INFO -   Best Val:   N/A (validation disabled)
2025-08-31 19:05:04,900 - src.training.train - INFO -   Time:       0.05s (est. 2s remaining)
2025-08-31 19:05:04,900 - src.training.train - INFO -   LR:         0.001000
2025-08-31 19:05:04,900 - src.training.train - INFO -   GPU Mem:    0.02GB
2025-08-31 19:05:04,900 - src.training.train - INFO -   📊 Summary: Model performance is IMPROVING, training speed is FAST (without validation (using training loss))
2025-08-31 19:05:04,900 - src.training.train - INFO - Epoch 34/70 - Training Phase
2025-08-31 19:05:04,903 - src.training.train - INFO -     Batch   1/ 22 | Loss: 4.205313 | Avg Loss: 4.205313 | Progress:   4.5%
2025-08-31 19:05:04,915 - src.training.train - INFO -     Batch   6/ 22 | Loss: 3.703051 | Avg Loss: 3.644641 | Progress:  27.3%
2025-08-31 19:05:04,928 - src.training.train - INFO -     Batch  11/ 22 | Loss: 6.665501 | Avg Loss: 4.077488 | Progress:  50.0%
2025-08-31 19:05:04,939 - src.training.train - INFO -     Batch  16/ 22 | Loss: 3.425917 | Avg Loss: 3.931634 | Progress:  72.7%
2025-08-31 19:05:04,952 - src.training.train - INFO -     Batch  21/ 22 | Loss: 4.453886 | Avg Loss: 4.030103 | Progress:  95.5%
2025-08-31 19:05:04,954 - src.training.train - INFO -     Batch  22/ 22 | Loss: 6.971150 | Avg Loss: 4.163787 | Progress: 100.0%
2025-08-31 19:05:04,954 - src.training.train - INFO -     Training epoch stats:
2025-08-31 19:05:04,954 - src.training.train - INFO -       Loss range: 2.711595 to 6.971150
2025-08-31 19:05:04,954 - src.training.train - INFO -       Gradient norms: avg=6.6969, max=18.2598
2025-08-31 19:05:04,954 - src.training.train - INFO -       GPU memory: 0.02GB used, 0.04GB cached
2025-08-31 19:05:04,954 - src.training.train - INFO - Epoch 34/70 Complete [48.6% progress]:
2025-08-31 19:05:04,954 - src.training.train - INFO -   Train Loss: 4.163787 (+0.068157)
2025-08-31 19:05:04,955 - src.training.train - INFO -   Val Loss:   N/A (validation disabled)
2025-08-31 19:05:04,955 - src.training.train - INFO -   Best Val:   N/A (validation disabled)
2025-08-31 19:05:04,955 - src.training.train - INFO -   Time:       0.05s (est. 2s remaining)
2025-08-31 19:05:04,955 - src.training.train - INFO -   LR:         0.001000
2025-08-31 19:05:04,955 - src.training.train - INFO -   GPU Mem:    0.02GB
2025-08-31 19:05:04,955 - src.training.train - INFO -   📊 Summary: Model performance is PLATEAU, training speed is FAST (without validation (using training loss))
2025-08-31 19:05:04,955 - src.training.train - INFO - Early stopping triggered after 12 epochs without improvement
2025-08-31 19:05:04,956 - src.training.train - INFO - Restored best weights with validation loss: 4.005835
2025-08-31 19:05:04,956 - src.training.train - INFO - Early stopping at epoch 34 (training loss stopped improving)
2025-08-31 19:05:04,956 - src.training.train - INFO - Training completed!
2025-08-31 19:05:04,956 - src.training.train - INFO - Total epochs: 34
2025-08-31 19:05:04,956 - src.training.train - INFO - Total time: 0.04 minutes
2025-08-31 19:05:04,956 - src.training.train - INFO - Best train loss: 4.005835 (no validation)
2025-08-31 19:05:04,957 - src.training.train - INFO - Final val loss: N/A (validation disabled)
2025-08-31 19:05:04,957 - src.training.train - INFO - Final train loss: 4.163787
2025-08-31 19:05:04,957 - src.training.train - INFO -   Loss improvement: train +12.6%
2025-08-31 19:05:04,957 - src.training.train - INFO -   Training efficiency: 798.5 epochs/min, 0.1s/epoch avg
2025-08-31 19:05:04,957 - src.training.train - INFO - 🎯 Training Summary: stopped early (model stopped improving), took quick time (0.0 min)
2025-08-31 19:05:04,960 - __main__ - INFO - Training Results:
2025-08-31 19:05:04,960 - __main__ - INFO - ==================================================
2025-08-31 19:05:04,960 - __main__ - INFO - LSTM TRAINING SUMMARY
2025-08-31 19:05:04,960 - __main__ - INFO - ==================================================
2025-08-31 19:05:04,960 - __main__ - INFO - Total Epochs: 34
2025-08-31 19:05:04,960 - __main__ - INFO - Best Val Loss: N/A (validation disabled)
2025-08-31 19:05:04,960 - __main__ - INFO - Final Train Loss: 4.163787
2025-08-31 19:05:04,960 - __main__ - INFO - Final Val Loss: N/A (validation disabled)
2025-08-31 19:05:04,960 - __main__ - INFO - Training Time: 0.04 minutes
2025-08-31 19:05:04,960 - __main__ - INFO - Avg Time/Epoch: 0.07 seconds
2025-08-31 19:05:04,960 - __main__ - INFO - Early Stopped: True
2025-08-31 19:05:04,960 - __main__ - INFO - Device: cuda
2025-08-31 19:05:04,960 - __main__ - INFO - ==================================================
2025-08-31 19:05:04,960 - __main__ - INFO - 
⏱️  Step 3 (Model Training) completed in 5.0 seconds

2025-08-31 19:05:04,961 - __main__ - INFO - ============================================================
2025-08-31 19:05:04,961 - __main__ - INFO - STEP 4: MODEL EVALUATION
2025-08-31 19:05:04,961 - __main__ - INFO - ============================================================
2025-08-31 19:05:04,961 - src.evaluation.evaluate - INFO - Starting complete model evaluation...
2025-08-31 19:05:04,961 - src.evaluation.evaluate - INFO - Evaluator initialized with device: cuda
2025-08-31 19:05:04,961 - src.evaluation.evaluate - INFO - Generating predictions on test data...
2025-08-31 19:05:04,967 - src.evaluation.evaluate - INFO - Generated 162 predictions
2025-08-31 19:05:04,967 - src.evaluation.evaluate - INFO - Prediction range: [-0.0084, 0.5566]
2025-08-31 19:05:04,967 - src.evaluation.evaluate - INFO - Actual range: [-2.7594, 3.0165]
2025-08-31 19:05:04,967 - src.evaluation.evaluate - INFO - Calculating evaluation metrics...
2025-08-31 19:05:04,968 - src.evaluation.evaluate - INFO - Evaluation metrics calculated:
2025-08-31 19:05:04,968 - src.evaluation.evaluate - INFO -   RMSE: 1.099726
2025-08-31 19:05:04,969 - src.evaluation.evaluate - INFO -   MAE: 0.878016
2025-08-31 19:05:04,969 - src.evaluation.evaluate - INFO -   Directional Accuracy: 49.38%
2025-08-31 19:05:04,969 - src.evaluation.evaluate - INFO -   R²: -0.0403
2025-08-31 19:05:04,969 - src.evaluation.evaluate - INFO -   MAPE (robust): 310202.28%
2025-08-31 19:05:04,969 - src.evaluation.evaluate - INFO -   SMAPE: 152.88%
2025-08-31 19:05:04,969 - src.evaluation.evaluate - INFO - 📈 Model Quality: POOR direction prediction (49.4%), MODERATE error rate, WEAK correlation
2025-08-31 19:05:04,969 - src.evaluation.evaluate - INFO - Creating evaluation visualizations with enhanced labeling...
2025-08-31 19:05:06,636 - matplotlib.category - INFO - Using categorical units to plot a list of strings that are all parsable as floats or dates. If these strings should be plotted as numbers, cast to the appropriate data type before plotting.
2025-08-31 19:05:06,638 - matplotlib.category - INFO - Using categorical units to plot a list of strings that are all parsable as floats or dates. If these strings should be plotted as numbers, cast to the appropriate data type before plotting.
2025-08-31 19:05:07,000 - src.evaluation.evaluate - INFO - Created 4 visualization plots
2025-08-31 19:05:07,001 - src.evaluation.evaluate - INFO - Model evaluation completed successfully
2025-08-31 19:05:07,001 - __main__ - INFO - Evaluation completed successfully
2025-08-31 19:05:07,001 - __main__ - INFO - Plots saved to: results/plots/
2025-08-31 19:05:07,001 - __main__ - INFO - 
⏱️  Step 4 (Model Evaluation) completed in 2.0 seconds

2025-08-31 19:05:07,001 - __main__ - INFO - ============================================================
2025-08-31 19:05:07,001 - __main__ - INFO - STEP 5: SAVING FINAL RESULTS
2025-08-31 19:05:07,001 - __main__ - INFO - ============================================================
2025-08-31 19:05:07,002 - __main__ - INFO - Final results saved to: results/final_results.json
2025-08-31 19:05:07,002 - __main__ - INFO - ============================================================
2025-08-31 19:05:07,002 - __main__ - INFO - PIPELINE EXECUTION COMPLETED SUCCESSFULLY
2025-08-31 19:05:07,002 - __main__ - INFO - ============================================================
2025-08-31 19:05:07,002 - __main__ - INFO - Best train loss: 4.005835 (no validation)
2025-08-31 19:05:07,002 - __main__ - INFO - Test RMSE: 1.099726
2025-08-31 19:05:07,002 - __main__ - INFO - Test MAE: 0.878016
2025-08-31 19:05:07,002 - __main__ - INFO - Directional accuracy: 49.38%
2025-08-31 19:05:07,002 - __main__ - INFO - Training time: 0.0 minutes
2025-08-31 19:05:07,002 - __main__ - INFO - Model saved at: results/models/best_model.pt
2025-08-31 19:05:07,003 - __main__ - INFO - 🎯 FINAL RESULT: POOR iron ore price forecasting model - predicts price direction correctly 49.4% of the time
2025-08-31 19:05:07,003 - __main__ - INFO - ============================================================
2025-08-31 19:05:07,003 - __main__ - INFO - 
⏱️  Step 5 (Results Saving) completed in 0.0 seconds

2025-08-31 19:05:07,003 - __main__ - INFO - ================================================================================
2025-08-31 19:05:07,003 - __main__ - INFO - ENHANCED PIPELINE EXECUTION SUMMARY
2025-08-31 19:05:07,003 - __main__ - INFO - ================================================================================
2025-08-31 19:05:07,003 - __main__ - INFO - Total execution time: 7.2 seconds (0.1 minutes)
2025-08-31 19:05:07,003 - __main__ - INFO - Training time: 0.0 min (35.7% of total)
2025-08-31 19:05:07,003 - __main__ - INFO - Peak GPU memory usage: 0.03 GB
2025-08-31 19:05:07,003 - __main__ - INFO - Results saved to: /home/wh_wang/wsl_projects/lstm/results
2025-08-31 19:05:07,003 - __main__ - INFO - ================================================================================
2025-08-31 19:05:07,003 - __main__ - INFO - ✅ LSTM IRON ORE FORECASTING PIPELINE COMPLETED SUCCESSFULLY!
2025-08-31 19:05:07,003 - __main__ - INFO - ================================================================================
