2025-08-30 21:20:10,038 - __main__ - INFO - ================================================================================
2025-08-30 21:20:10,038 - __main__ - INFO - LSTM IRON ORE PRICE FORECASTING PIPELINE
2025-08-30 21:20:10,038 - __main__ - INFO - ================================================================================
2025-08-30 21:20:10,038 - __main__ - INFO - System Information:
2025-08-30 21:20:10,040 - __main__ - INFO -   Platform: Linux-6.6.87.2-microsoft-standard-WSL2-x86_64-with-glibc2.39
2025-08-30 21:20:10,040 - __main__ - INFO -   Python version: 3.11.13
2025-08-30 21:20:10,040 - __main__ - INFO -   PyTorch version: 2.8.0+cu128
2025-08-30 21:20:10,040 - __main__ - INFO - Hardware Information:
2025-08-30 21:20:10,041 - __main__ - INFO -   CPU: 8 cores (16 logical)
2025-08-30 21:20:10,041 - __main__ - INFO -   RAM: 30.8 GB
2025-08-30 21:20:10,099 - __main__ - INFO -   GPU: NVIDIA GeForce RTX 4080 SUPER
2025-08-30 21:20:10,099 - __main__ - INFO -   GPU Memory: 16.0 GB
2025-08-30 21:20:10,099 - __main__ - INFO -   CUDA Version: 12.8
2025-08-30 21:20:10,099 - __main__ - INFO -   Started at: 2025-08-30 21:20:10
2025-08-30 21:20:10,099 - __main__ - INFO - ================================================================================

2025-08-30 21:20:10,099 - __main__ - INFO - Loading configuration from config.yaml
2025-08-30 21:20:10,102 - __main__ - INFO - Configuration loaded successfully
2025-08-30 21:20:10,102 - __main__ - INFO - Configuration Summary:
2025-08-30 21:20:10,102 - __main__ - INFO -   Model Architecture:
2025-08-30 21:20:10,102 - __main__ - INFO -     Hidden size: 96
2025-08-30 21:20:10,102 - __main__ - INFO -     Layers: 2
2025-08-30 21:20:10,102 - __main__ - INFO -     Sequence length: 15
2025-08-30 21:20:10,102 - __main__ - INFO -     Bidirectional: True
2025-08-30 21:20:10,102 - __main__ - INFO -     Dropout rate: 0.2
2025-08-30 21:20:10,102 - __main__ - INFO -   Training Parameters:
2025-08-30 21:20:10,102 - __main__ - INFO -     Max epochs: 70
2025-08-30 21:20:10,102 - __main__ - INFO -     Batch size: 32
2025-08-30 21:20:10,102 - __main__ - INFO -     Learning rate: 0.001
2025-08-30 21:20:10,103 - __main__ - INFO -     Early stopping patience: 12
2025-08-30 21:20:10,103 - __main__ - INFO -   Data Configuration:
2025-08-30 21:20:10,103 - __main__ - INFO -     Train ratio: 0.8
2025-08-30 21:20:10,103 - __main__ - INFO -     Val ratio: 0.0
2025-08-30 21:20:10,103 - __main__ - INFO -     Test ratio: 0.2
2025-08-30 21:20:10,103 - __main__ - INFO -     Selected features: 9
2025-08-30 21:20:10,103 - __main__ - INFO - Configuration loaded in 0.00 seconds

2025-08-30 21:20:10,103 - __main__ - INFO - Setting up output directories...
2025-08-30 21:20:10,103 - __main__ - INFO - Output directories structure:
2025-08-30 21:20:10,103 - __main__ - INFO -   Base directory: /home/wh_wang/wsl_projects/lstm/results
2025-08-30 21:20:10,103 - __main__ - INFO -     models/: /home/wh_wang/wsl_projects/lstm/results/models
2025-08-30 21:20:10,103 - __main__ - INFO -     plots/: /home/wh_wang/wsl_projects/lstm/results/plots
2025-08-30 21:20:10,103 - __main__ - INFO -     logs/: /home/wh_wang/wsl_projects/lstm/results/logs
2025-08-30 21:20:10,103 - __main__ - INFO -       logs/training/: /home/wh_wang/wsl_projects/lstm/results/logs/training
2025-08-30 21:20:10,103 - __main__ - INFO -       logs/evaluation/: /home/wh_wang/wsl_projects/lstm/results/logs/evaluation
2025-08-30 21:20:10,104 - __main__ - INFO -       logs/hypertuning/: /home/wh_wang/wsl_projects/lstm/results/logs/hypertuning
2025-08-30 21:20:10,104 - __main__ - INFO - Disk space available: 888.7 GB
2025-08-30 21:20:10,104 - __main__ - INFO - Directory setup completed in 0.00 seconds

2025-08-30 21:20:10,104 - __main__ - INFO - ============================================================
2025-08-30 21:20:10,104 - __main__ - INFO - STEP 1: DATA LOADING AND PREPROCESSING
2025-08-30 21:20:10,104 - __main__ - INFO - ============================================================
2025-08-30 21:20:10,104 - src.data.data_loader - INFO - Loading consolidated features dataset...
2025-08-30 21:20:10,105 - src.data.data_loader - INFO - Data loaded successfully: (868, 13) (observations × features)
2025-08-30 21:20:10,106 - src.data.data_loader - INFO - Date range: 2022-03-30 to 2025-08-11
2025-08-30 21:20:10,106 - src.data.data_loader - INFO - Time span: 1230 days
2025-08-30 21:20:10,106 - src.data.data_loader - INFO - Data quality overview:
2025-08-30 21:20:10,106 - src.data.data_loader - INFO -   Total values: 11,284
2025-08-30 21:20:10,106 - src.data.data_loader - INFO -   Missing values: 0 (0.00%)
2025-08-30 21:20:10,107 - src.data.data_loader - INFO -   ✓ No missing values detected
2025-08-30 21:20:10,107 - src.data.data_loader - INFO - Target variable (Y) statistics:
2025-08-30 21:20:10,107 - src.data.data_loader - INFO -   Mean: -0.022193, Std: 1.888507
2025-08-30 21:20:10,107 - src.data.data_loader - INFO -   Range: [-8.806481, 6.850038]
2025-08-30 21:20:10,107 - src.data.data_loader - INFO - Creating chronological data splits...
2025-08-30 21:20:10,108 - src.data.data_loader - INFO - Chronological data splits created:
2025-08-30 21:20:10,108 - src.data.data_loader - INFO -   Train: 694 samples ( 80.0%) [2022-03-30 to 2024-12-06]
2025-08-30 21:20:10,108 - src.data.data_loader - INFO -   Val:   0 samples (  0.0%) [validation disabled]
2025-08-30 21:20:10,108 - src.data.data_loader - INFO -   Test:  174 samples ( 20.0%) [2024-12-09 to 2025-08-11]
2025-08-30 21:20:10,108 - src.data.data_loader - INFO - Target variable (Y) statistics by split:
2025-08-30 21:20:10,109 - src.data.data_loader - INFO -   Train Y: mean=-0.036650, std=2.042711
2025-08-30 21:20:10,109 - src.data.data_loader - INFO -   Test Y:  mean=0.035467, std=1.074497
2025-08-30 21:20:10,109 - src.data.data_loader - INFO - 📊 Data Split: Using 2.7 years for training, 868 total daily observations (validation disabled)
2025-08-30 21:20:10,109 - src.data.data_loader - INFO - Applying configurable feature selection...
2025-08-30 21:20:10,110 - src.data.data_loader - INFO - Feature selection applied:
2025-08-30 21:20:10,110 - src.data.data_loader - INFO -   Available features: 12 (['price_65_m1', 'price_62_m1', 'Ukraine Concentrate fines', 'lump premium', 'IOCJ Import margin', 'rebar steel margin ', 'indian pellet premium', '(IOCJ+SSF)/2-PBF', '62 Index', '65 Index', 'IOCJ Inventory', 'IOCJ Weekly shipment'])
2025-08-30 21:20:10,110 - src.data.data_loader - INFO -   Selected features: 9 (['price_65_m1', 'price_62_m1', 'Ukraine Concentrate fines', 'lump premium', 'rebar steel margin ', '(IOCJ+SSF)/2-PBF', '62 Index', '65 Index', 'IOCJ Weekly shipment'])
2025-08-30 21:20:10,110 - src.data.data_loader - INFO -   Filtered dataset shape: 9 features + Y target
2025-08-30 21:20:10,110 - src.data.data_loader - INFO - 🎯 Feature Focus: Using 9/12 features (removed 3 features to focus model on most relevant signals)
2025-08-30 21:20:10,110 - src.data.data_loader - INFO - Applying feature scaling...
2025-08-30 21:20:10,110 - src.data.data_loader - INFO - Scaling 9 features: ['price_65_m1', 'price_62_m1', 'Ukraine Concentrate fines', 'lump premium', 'rebar steel margin ', '(IOCJ+SSF)/2-PBF', '62 Index', '65 Index', 'IOCJ Weekly shipment']
2025-08-30 21:20:10,113 - src.data.data_loader - INFO - Feature scaling completed
2025-08-30 21:20:10,115 - src.data.data_loader - INFO - Feature scaling transformation completed:
2025-08-30 21:20:10,115 - src.data.data_loader - INFO -   Original range: [-248.000000, 1350.000000]
2025-08-30 21:20:10,115 - src.data.data_loader - INFO -   Scaled range:   [0.000, 1.000]
2025-08-30 21:20:10,115 - src.data.data_loader - INFO - Scaling parameters (MinMaxScaler):
2025-08-30 21:20:10,115 - src.data.data_loader - INFO -   Data min: [-248.000000, 778.000000]
2025-08-30 21:20:10,115 - src.data.data_loader - INFO -   Scale factors: [0.001337, 3.100775]
2025-08-30 21:20:10,115 - src.data.data_loader - INFO -   Target (Y) scaling: unchanged (correct)
2025-08-30 21:20:10,115 - src.data.data_loader - INFO - 🔧 Features Prepared: All 9 features normalized to 0-1 range for optimal neural network training
2025-08-30 21:20:10,115 - src.data.data_loader - INFO - 
============================================================
2025-08-30 21:20:10,115 - src.data.data_loader - INFO - DATA PREPROCESSING PIPELINE COMPLETED SUCCESSFULLY
2025-08-30 21:20:10,115 - src.data.data_loader - INFO - ============================================================
2025-08-30 21:20:10,116 - src.data.data_loader - INFO - Final dataset specifications:
2025-08-30 21:20:10,116 - src.data.data_loader - INFO -   Features: 9 (selected from available features)
2025-08-30 21:20:10,116 - src.data.data_loader - INFO -   Samples: train=694, val=0, test=174
2025-08-30 21:20:10,116 - src.data.data_loader - INFO -   Scaling: enabled
2025-08-30 21:20:10,116 - src.data.data_loader - INFO -   Data quality: ready for LSTM training
2025-08-30 21:20:10,116 - src.data.data_loader - INFO - ============================================================

2025-08-30 21:20:10,116 - __main__ - INFO - Training set: 694 samples
2025-08-30 21:20:10,116 - __main__ - INFO - Validation set: 0 samples
2025-08-30 21:20:10,116 - __main__ - INFO - Test set: 174 samples
2025-08-30 21:20:10,116 - __main__ - INFO - Total samples: 868
2025-08-30 21:20:10,116 - __main__ - INFO - Features: 9
2025-08-30 21:20:10,116 - __main__ - INFO - 
⏱️  Step 1 (Data Loading & Preprocessing) completed in 0.0 seconds

2025-08-30 21:20:10,116 - __main__ - INFO - ============================================================
2025-08-30 21:20:10,116 - __main__ - INFO - STEP 2: PYTORCH DATASET CREATION
2025-08-30 21:20:10,116 - __main__ - INFO - ============================================================
2025-08-30 21:20:10,116 - src.data.dataset - INFO - Creating PyTorch DataLoaders...
2025-08-30 21:20:10,117 - src.data.dataset - INFO - Dataset initialized: 679 sequences
2025-08-30 21:20:10,117 - src.data.dataset - INFO - Feature shape: (694, 9)
2025-08-30 21:20:10,117 - src.data.dataset - INFO - Target shape: (694,)
2025-08-30 21:20:10,117 - src.data.dataset - INFO - Sequence length: 15
2025-08-30 21:20:10,117 - src.data.dataset - INFO - Dataset initialized: 0 sequences
2025-08-30 21:20:10,117 - src.data.dataset - INFO - Feature shape: (0, 9)
2025-08-30 21:20:10,117 - src.data.dataset - INFO - Target shape: (0,)
2025-08-30 21:20:10,117 - src.data.dataset - INFO - Sequence length: 15
2025-08-30 21:20:10,118 - src.data.dataset - INFO - Dataset initialized: 159 sequences
2025-08-30 21:20:10,118 - src.data.dataset - INFO - Feature shape: (174, 9)
2025-08-30 21:20:10,118 - src.data.dataset - INFO - Target shape: (174,)
2025-08-30 21:20:10,118 - src.data.dataset - INFO - Sequence length: 15
2025-08-30 21:20:10,118 - src.data.dataset - INFO - Train DataLoader: 22 batches (679 sequences)
2025-08-30 21:20:10,118 - src.data.dataset - INFO - Val DataLoader: 0 batches (0 sequences, validation disabled)
2025-08-30 21:20:10,118 - src.data.dataset - INFO - Test DataLoader: 5 batches (159 sequences)
2025-08-30 21:20:10,120 - __main__ - INFO - DataLoader Information:
2025-08-30 21:20:10,120 - __main__ - INFO -   Train: 22 batches, feature shape: [32, 15, 9]
2025-08-30 21:20:10,120 - __main__ - INFO -   Val: 0 batches (validation disabled)
2025-08-30 21:20:10,120 - __main__ - INFO -   Test: 5 batches, feature shape: [32, 15, 9]
2025-08-30 21:20:10,120 - __main__ - INFO - 
⏱️  Step 2 (Dataset Creation) completed in 0.0 seconds

2025-08-30 21:20:10,120 - __main__ - INFO - ============================================================
2025-08-30 21:20:10,120 - __main__ - INFO - STEP 3: MODEL CREATION AND TRAINING
2025-08-30 21:20:10,120 - __main__ - INFO - ============================================================
2025-08-30 21:20:10,120 - src.models.model - INFO - Creating LSTM model from configuration...
2025-08-30 21:20:10,120 - src.models.model - INFO - Dynamic input size calculated: 9 features
2025-08-30 21:20:10,120 - src.models.model - INFO - Initializing LSTM model with detailed architecture:
2025-08-30 21:20:10,121 - src.models.model - INFO -   Input features: 9
2025-08-30 21:20:10,121 - src.models.model - INFO -   Hidden units per direction: 96
2025-08-30 21:20:10,121 - src.models.model - INFO -   Number of LSTM layers: 2
2025-08-30 21:20:10,121 - src.models.model - INFO -   Bidirectional processing: True (2x hidden output)
2025-08-30 21:20:10,121 - src.models.model - INFO -   Dropout rate: 0.2 (inter-layer + post-LSTM)
2025-08-30 21:20:10,121 - src.models.model - INFO -   Layer normalization: True (enabled for stability)
2025-08-30 21:20:10,121 - src.models.model - INFO -   LSTM output dimensions: 192 (96 × 2)
2025-08-30 21:20:10,121 - src.models.model - INFO -   Final prediction layer: 192 → 1 (regression output)
2025-08-30 21:20:10,128 - src.models.model - INFO - Model weights initialized with industry-standard schemes:
2025-08-30 21:20:10,128 - src.models.model - INFO -   LSTM input-to-hidden: Xavier uniform (balanced variance)
2025-08-30 21:20:10,128 - src.models.model - INFO -   LSTM hidden-to-hidden: Orthogonal (stable gradients)
2025-08-30 21:20:10,129 - src.models.model - INFO -   LSTM biases: Zero init except forget gate = 1.0 (prevent vanishing)
2025-08-30 21:20:10,129 - src.models.model - INFO -   Fully connected: Xavier uniform (balanced variance)
2025-08-30 21:20:10,129 - src.models.model - INFO -   Layer normalization: Default initialization (weight=1, bias=0)
2025-08-30 21:20:10,129 - src.models.model - INFO - Initialization benefits:
2025-08-30 21:20:10,129 - src.models.model - INFO -   • Prevents vanishing/exploding gradients
2025-08-30 21:20:10,129 - src.models.model - INFO -   • Maintains activation variance across layers
2025-08-30 21:20:10,129 - src.models.model - INFO -   • Forget gate bias=1.0 enables better long-term memory
2025-08-30 21:20:10,129 - src.models.model - INFO -   • Orthogonal recurrent weights preserve gradient flow
2025-08-30 21:20:10,129 - src.models.model - INFO - Model parameter breakdown:
2025-08-30 21:20:10,129 - src.models.model - INFO -   LSTM parameters: 304,896 (99.8%)
2025-08-30 21:20:10,129 - src.models.model - INFO -   Fully connected: 193 (0.1%)
2025-08-30 21:20:10,129 - src.models.model - INFO -   Layer norm: 384 (0.1%)
2025-08-30 21:20:10,129 - src.models.model - INFO -   Total parameters: 305,473
2025-08-30 21:20:10,129 - src.models.model - INFO -   Estimated model size: 1.2MB (float32)
2025-08-30 21:20:10,129 - src.models.model - INFO - Model architecture summary:
2025-08-30 21:20:10,129 - src.models.model - INFO -   Input: (batch, 15, 9)
2025-08-30 21:20:10,129 - src.models.model - INFO -   LSTM output: (batch, 15, 192)
2025-08-30 21:20:10,130 - src.models.model - INFO -   Final output: (batch, 1) - single prediction per sequence
2025-08-30 21:20:10,130 - src.models.model - INFO - Model created successfully:
2025-08-30 21:20:10,130 - src.models.model - INFO -   Architecture: Bidirectional LSTM
2025-08-30 21:20:10,130 - src.models.model - INFO -   Input features: 9
2025-08-30 21:20:10,130 - src.models.model - INFO -   Total parameters: 305,473
2025-08-30 21:20:10,130 - src.models.model - INFO -   Trainable parameters: 305,473
2025-08-30 21:20:10,130 - src.models.model - INFO - 🧠 Neural Network: COMPLEX model with 305K parameters, designed to learn iron ore price patterns
2025-08-30 21:20:10,130 - __main__ - INFO - Model Architecture:
2025-08-30 21:20:10,130 - __main__ - INFO - ==================================================
2025-08-30 21:20:10,130 - __main__ - INFO - LSTM MODEL SUMMARY
2025-08-30 21:20:10,130 - __main__ - INFO - ==================================================
2025-08-30 21:20:10,130 - __main__ - INFO - Architecture: Bidirectional LSTM
2025-08-30 21:20:10,130 - __main__ - INFO - Input Features: 9
2025-08-30 21:20:10,130 - __main__ - INFO - Hidden Size: 96
2025-08-30 21:20:10,130 - __main__ - INFO - Layers: 2
2025-08-30 21:20:10,131 - __main__ - INFO - Dropout: 0.20
2025-08-30 21:20:10,131 - __main__ - INFO - Layer Norm: True
2025-08-30 21:20:10,131 - __main__ - INFO - 
2025-08-30 21:20:10,131 - __main__ - INFO - Parameter Count:
2025-08-30 21:20:10,131 - __main__ - INFO - - Total: 305,473
2025-08-30 21:20:10,131 - __main__ - INFO - - Trainable: 305,473
2025-08-30 21:20:10,131 - __main__ - INFO - - LSTM: 304,896
2025-08-30 21:20:10,131 - __main__ - INFO - - FC: 193
2025-08-30 21:20:10,131 - __main__ - INFO - ==================================================
2025-08-30 21:20:10,131 - src.training.train - INFO - Creating LSTM trainer...
2025-08-30 21:20:10,944 - src.training.train - INFO - Early stopping initialized: patience=12, min_delta=0.0
2025-08-30 21:20:10,944 - src.training.train - INFO -   GPU: NVIDIA GeForce RTX 4080 SUPER (16.0GB)
2025-08-30 21:20:10,944 - src.training.train - INFO - Trainer initialized:
2025-08-30 21:20:10,944 - src.training.train - INFO -   Device: cuda
2025-08-30 21:20:10,944 - src.training.train - INFO -   Learning rate: 0.001
2025-08-30 21:20:10,944 - src.training.train - INFO -   Max epochs: 70
2025-08-30 21:20:10,944 - src.training.train - INFO -   Gradient clip norm: 0.3
2025-08-30 21:20:10,944 - src.training.train - INFO -   Early stopping patience: 12
2025-08-30 21:20:10,945 - src.training.train - INFO -   Model parameters: 305,473 total, 305,473 trainable
2025-08-30 21:20:10,945 - src.training.train - INFO - Trainer created successfully
2025-08-30 21:20:10,945 - __main__ - INFO - Starting training pipeline...
2025-08-30 21:20:10,945 - src.training.train - INFO - Starting LSTM model training...
2025-08-30 21:20:10,945 - src.training.train - INFO - Training samples: 679
2025-08-30 21:20:10,945 - src.training.train - INFO - Validation samples: 0 (validation disabled)
2025-08-30 21:20:10,945 - src.training.train - INFO - Batch size: 32
2025-08-30 21:20:10,945 - src.training.train - INFO - Epoch 1/70 - Training Phase
2025-08-30 21:20:11,377 - src.training.train - INFO -     Batch   1/ 22 | Loss: 11.115148 | Avg Loss: 11.115148 | Progress:   4.5%
2025-08-30 21:20:11,394 - src.training.train - INFO -     Batch   6/ 22 | Loss: 5.615931 | Avg Loss: 8.964205 | Progress:  27.3%
2025-08-30 21:20:11,411 - src.training.train - INFO -     Batch  11/ 22 | Loss: 3.344652 | Avg Loss: 6.636939 | Progress:  50.0%
2025-08-30 21:20:11,427 - src.training.train - INFO -     Batch  16/ 22 | Loss: 3.280776 | Avg Loss: 5.684860 | Progress:  72.7%
2025-08-30 21:20:11,443 - src.training.train - INFO -     Batch  21/ 22 | Loss: 3.837368 | Avg Loss: 5.661019 | Progress:  95.5%
2025-08-30 21:20:11,459 - src.training.train - INFO -     Batch  22/ 22 | Loss: 5.348906 | Avg Loss: 5.646832 | Progress: 100.0%
2025-08-30 21:20:11,459 - src.training.train - INFO -     Training epoch stats:
2025-08-30 21:20:11,459 - src.training.train - INFO -       Loss range: 2.892582 to 15.776258
2025-08-30 21:20:11,460 - src.training.train - INFO -       Gradient norms: avg=42.3876, max=251.5514
2025-08-30 21:20:11,460 - src.training.train - INFO -       GPU memory: 0.02GB used, 0.10GB cached
2025-08-30 21:20:11,460 - src.training.train - INFO - Epoch 1/70 Complete [1.4% progress]:
2025-08-30 21:20:11,460 - src.training.train - INFO -   Train Loss: 5.646832 (first epoch)
2025-08-30 21:20:11,460 - src.training.train - INFO -   Val Loss:   N/A (validation disabled)
2025-08-30 21:20:11,460 - src.training.train - INFO -   Best Val:   N/A (validation disabled)
2025-08-30 21:20:11,460 - src.training.train - INFO -   Time:       0.51s (est. 36s remaining)
2025-08-30 21:20:11,460 - src.training.train - INFO -   LR:         0.001000
2025-08-30 21:20:11,461 - src.training.train - INFO -   GPU Mem:    0.02GB
2025-08-30 21:20:11,461 - src.training.train - INFO -   📊 Summary: Model performance is TRAINING, training speed is FAST (without validation (using training loss))
2025-08-30 21:20:11,477 - src.training.train - INFO - Epoch 2/70 - Training Phase
2025-08-30 21:20:11,483 - src.training.train - INFO -     Batch   1/ 22 | Loss: 2.456200 | Avg Loss: 2.456200 | Progress:   4.5%
2025-08-30 21:20:11,498 - src.training.train - INFO -     Batch   6/ 22 | Loss: 4.149267 | Avg Loss: 4.468412 | Progress:  27.3%
2025-08-30 21:20:11,512 - src.training.train - INFO -     Batch  11/ 22 | Loss: 5.609216 | Avg Loss: 4.770329 | Progress:  50.0%
2025-08-30 21:20:11,527 - src.training.train - INFO -     Batch  16/ 22 | Loss: 2.134598 | Avg Loss: 4.559377 | Progress:  72.7%
2025-08-30 21:20:11,542 - src.training.train - INFO -     Batch  21/ 22 | Loss: 5.659317 | Avg Loss: 4.636390 | Progress:  95.5%
2025-08-30 21:20:11,546 - src.training.train - INFO -     Batch  22/ 22 | Loss: 2.377917 | Avg Loss: 4.533732 | Progress: 100.0%
2025-08-30 21:20:11,546 - src.training.train - INFO -     Training epoch stats:
2025-08-30 21:20:11,546 - src.training.train - INFO -       Loss range: 1.407974 to 8.965120
2025-08-30 21:20:11,546 - src.training.train - INFO -       Gradient norms: avg=15.2469, max=42.5378
2025-08-30 21:20:11,546 - src.training.train - INFO -       GPU memory: 0.02GB used, 0.10GB cached
2025-08-30 21:20:11,546 - src.training.train - INFO - Epoch 2/70 Complete [2.9% progress]:
2025-08-30 21:20:11,546 - src.training.train - INFO -   Train Loss: 4.533732 (-1.113100)
2025-08-30 21:20:11,546 - src.training.train - INFO -   Val Loss:   N/A (validation disabled)
2025-08-30 21:20:11,546 - src.training.train - INFO -   Best Val:   N/A (validation disabled)
2025-08-30 21:20:11,546 - src.training.train - INFO -   Time:       0.07s (est. 5s remaining)
2025-08-30 21:20:11,546 - src.training.train - INFO -   LR:         0.001000
2025-08-30 21:20:11,547 - src.training.train - INFO -   GPU Mem:    0.02GB
2025-08-30 21:20:11,547 - src.training.train - INFO -   📊 Summary: Model performance is IMPROVING, training speed is FAST (without validation (using training loss))
2025-08-30 21:20:11,561 - src.training.train - INFO - Epoch 3/70 - Training Phase
2025-08-30 21:20:11,565 - src.training.train - INFO -     Batch   1/ 22 | Loss: 5.101268 | Avg Loss: 5.101268 | Progress:   4.5%
2025-08-30 21:20:11,579 - src.training.train - INFO -     Batch   6/ 22 | Loss: 4.935135 | Avg Loss: 5.062826 | Progress:  27.3%
2025-08-30 21:20:11,593 - src.training.train - INFO -     Batch  11/ 22 | Loss: 3.912594 | Avg Loss: 4.512334 | Progress:  50.0%
2025-08-30 21:20:11,607 - src.training.train - INFO -     Batch  16/ 22 | Loss: 4.290950 | Avg Loss: 4.327010 | Progress:  72.7%
2025-08-30 21:20:11,620 - src.training.train - INFO -     Batch  21/ 22 | Loss: 5.309017 | Avg Loss: 4.317638 | Progress:  95.5%
2025-08-30 21:20:11,624 - src.training.train - INFO -     Batch  22/ 22 | Loss: 4.562809 | Avg Loss: 4.328782 | Progress: 100.0%
2025-08-30 21:20:11,624 - src.training.train - INFO -     Training epoch stats:
2025-08-30 21:20:11,624 - src.training.train - INFO -       Loss range: 1.859211 to 6.705194
2025-08-30 21:20:11,624 - src.training.train - INFO -       Gradient norms: avg=12.2009, max=29.9863
2025-08-30 21:20:11,624 - src.training.train - INFO -       GPU memory: 0.02GB used, 0.10GB cached
2025-08-30 21:20:11,624 - src.training.train - INFO - Epoch 3/70 Complete [4.3% progress]:
2025-08-30 21:20:11,624 - src.training.train - INFO -   Train Loss: 4.328782 (-0.204950)
2025-08-30 21:20:11,624 - src.training.train - INFO -   Val Loss:   N/A (validation disabled)
2025-08-30 21:20:11,624 - src.training.train - INFO -   Best Val:   N/A (validation disabled)
2025-08-30 21:20:11,624 - src.training.train - INFO -   Time:       0.06s (est. 4s remaining)
2025-08-30 21:20:11,624 - src.training.train - INFO -   LR:         0.001000
2025-08-30 21:20:11,625 - src.training.train - INFO -   GPU Mem:    0.02GB
2025-08-30 21:20:11,625 - src.training.train - INFO -   📊 Summary: Model performance is IMPROVING, training speed is FAST (without validation (using training loss))
2025-08-30 21:20:11,639 - src.training.train - INFO - Epoch 4/70 - Training Phase
2025-08-30 21:20:11,643 - src.training.train - INFO -     Batch   1/ 22 | Loss: 3.242924 | Avg Loss: 3.242924 | Progress:   4.5%
2025-08-30 21:20:11,658 - src.training.train - INFO -     Batch   6/ 22 | Loss: 4.267514 | Avg Loss: 3.624804 | Progress:  27.3%
2025-08-30 21:20:11,674 - src.training.train - INFO -     Batch  11/ 22 | Loss: 4.372338 | Avg Loss: 4.138477 | Progress:  50.0%
2025-08-30 21:20:11,690 - src.training.train - INFO -     Batch  16/ 22 | Loss: 4.407736 | Avg Loss: 4.237728 | Progress:  72.7%
2025-08-30 21:20:11,704 - src.training.train - INFO -     Batch  21/ 22 | Loss: 4.047194 | Avg Loss: 4.419487 | Progress:  95.5%
2025-08-30 21:20:11,708 - src.training.train - INFO -     Batch  22/ 22 | Loss: 3.754351 | Avg Loss: 4.389254 | Progress: 100.0%
2025-08-30 21:20:11,708 - src.training.train - INFO -     Training epoch stats:
2025-08-30 21:20:11,708 - src.training.train - INFO -       Loss range: 2.905521 to 7.900541
2025-08-30 21:20:11,708 - src.training.train - INFO -       Gradient norms: avg=12.2318, max=20.8895
2025-08-30 21:20:11,708 - src.training.train - INFO -       GPU memory: 0.02GB used, 0.10GB cached
2025-08-30 21:20:11,708 - src.training.train - INFO - Epoch 4/70 Complete [5.7% progress]:
2025-08-30 21:20:11,708 - src.training.train - INFO -   Train Loss: 4.389254 (+0.060472)
2025-08-30 21:20:11,709 - src.training.train - INFO -   Val Loss:   N/A (validation disabled)
2025-08-30 21:20:11,709 - src.training.train - INFO -   Best Val:   N/A (validation disabled)
2025-08-30 21:20:11,709 - src.training.train - INFO -   Time:       0.07s (est. 5s remaining)
2025-08-30 21:20:11,709 - src.training.train - INFO -   LR:         0.001000
2025-08-30 21:20:11,709 - src.training.train - INFO -   GPU Mem:    0.02GB
2025-08-30 21:20:11,709 - src.training.train - INFO -   📊 Summary: Model performance is PLATEAU, training speed is FAST (without validation (using training loss))
2025-08-30 21:20:11,709 - src.training.train - INFO - Epoch 5/70 - Training Phase
2025-08-30 21:20:11,713 - src.training.train - INFO -     Batch   1/ 22 | Loss: 5.385021 | Avg Loss: 5.385021 | Progress:   4.5%
2025-08-30 21:20:11,727 - src.training.train - INFO -     Batch   6/ 22 | Loss: 5.040105 | Avg Loss: 4.487700 | Progress:  27.3%
2025-08-30 21:20:11,743 - src.training.train - INFO -     Batch  11/ 22 | Loss: 3.995025 | Avg Loss: 4.626670 | Progress:  50.0%
2025-08-30 21:20:11,758 - src.training.train - INFO -     Batch  16/ 22 | Loss: 6.205419 | Avg Loss: 4.664605 | Progress:  72.7%
2025-08-30 21:20:11,774 - src.training.train - INFO -     Batch  21/ 22 | Loss: 2.308088 | Avg Loss: 4.404551 | Progress:  95.5%
2025-08-30 21:20:11,777 - src.training.train - INFO -     Batch  22/ 22 | Loss: 2.030289 | Avg Loss: 4.296630 | Progress: 100.0%
2025-08-30 21:20:11,777 - src.training.train - INFO -     Training epoch stats:
2025-08-30 21:20:11,777 - src.training.train - INFO -       Loss range: 2.030289 to 6.381986
2025-08-30 21:20:11,777 - src.training.train - INFO -       Gradient norms: avg=12.4318, max=24.6755
2025-08-30 21:20:11,777 - src.training.train - INFO -       GPU memory: 0.02GB used, 0.10GB cached
2025-08-30 21:20:11,777 - src.training.train - INFO - Epoch 5/70 Complete [7.1% progress]:
2025-08-30 21:20:11,777 - src.training.train - INFO -   Train Loss: 4.296630 (-0.092624)
2025-08-30 21:20:11,777 - src.training.train - INFO -   Val Loss:   N/A (validation disabled)
2025-08-30 21:20:11,777 - src.training.train - INFO -   Best Val:   N/A (validation disabled)
2025-08-30 21:20:11,777 - src.training.train - INFO -   Time:       0.07s (est. 4s remaining)
2025-08-30 21:20:11,777 - src.training.train - INFO -   LR:         0.001000
2025-08-30 21:20:11,778 - src.training.train - INFO -   GPU Mem:    0.02GB
2025-08-30 21:20:11,778 - src.training.train - INFO -   📊 Summary: Model performance is IMPROVING, training speed is FAST (without validation (using training loss))
2025-08-30 21:20:11,792 - src.training.train - INFO - Epoch 6/70 - Training Phase
2025-08-30 21:20:11,798 - src.training.train - INFO -     Batch   1/ 22 | Loss: 4.749249 | Avg Loss: 4.749249 | Progress:   4.5%
2025-08-30 21:20:11,814 - src.training.train - INFO -     Batch   6/ 22 | Loss: 3.872466 | Avg Loss: 3.945762 | Progress:  27.3%
2025-08-30 21:20:11,830 - src.training.train - INFO -     Batch  11/ 22 | Loss: 4.196335 | Avg Loss: 4.079050 | Progress:  50.0%
2025-08-30 21:20:11,847 - src.training.train - INFO -     Batch  16/ 22 | Loss: 4.940144 | Avg Loss: 4.353736 | Progress:  72.7%
2025-08-30 21:20:11,861 - src.training.train - INFO -     Batch  21/ 22 | Loss: 3.757607 | Avg Loss: 4.395749 | Progress:  95.5%
2025-08-30 21:20:11,864 - src.training.train - INFO -     Batch  22/ 22 | Loss: 1.926845 | Avg Loss: 4.283526 | Progress: 100.0%
2025-08-30 21:20:11,865 - src.training.train - INFO -     Training epoch stats:
2025-08-30 21:20:11,865 - src.training.train - INFO -       Loss range: 1.926845 to 7.092730
2025-08-30 21:20:11,865 - src.training.train - INFO -       Gradient norms: avg=10.7519, max=33.6717
2025-08-30 21:20:11,865 - src.training.train - INFO -       GPU memory: 0.02GB used, 0.10GB cached
2025-08-30 21:20:11,865 - src.training.train - INFO - Epoch 6/70 Complete [8.6% progress]:
2025-08-30 21:20:11,865 - src.training.train - INFO -   Train Loss: 4.283526 (-0.013104)
2025-08-30 21:20:11,865 - src.training.train - INFO -   Val Loss:   N/A (validation disabled)
2025-08-30 21:20:11,865 - src.training.train - INFO -   Best Val:   N/A (validation disabled)
2025-08-30 21:20:11,865 - src.training.train - INFO -   Time:       0.07s (est. 5s remaining)
2025-08-30 21:20:11,865 - src.training.train - INFO -   LR:         0.001000
2025-08-30 21:20:11,866 - src.training.train - INFO -   GPU Mem:    0.02GB
2025-08-30 21:20:11,866 - src.training.train - INFO -   📊 Summary: Model performance is IMPROVING, training speed is FAST (without validation (using training loss))
2025-08-30 21:20:11,878 - src.training.train - INFO - Epoch 7/70 - Training Phase
2025-08-30 21:20:11,882 - src.training.train - INFO -     Batch   1/ 22 | Loss: 2.674077 | Avg Loss: 2.674077 | Progress:   4.5%
2025-08-30 21:20:11,897 - src.training.train - INFO -     Batch   6/ 22 | Loss: 4.206462 | Avg Loss: 4.069072 | Progress:  27.3%
2025-08-30 21:20:11,913 - src.training.train - INFO -     Batch  11/ 22 | Loss: 5.879793 | Avg Loss: 4.171404 | Progress:  50.0%
2025-08-30 21:20:11,933 - src.training.train - INFO -     Batch  16/ 22 | Loss: 4.460445 | Avg Loss: 4.235711 | Progress:  72.7%
2025-08-30 21:20:11,947 - src.training.train - INFO -     Batch  21/ 22 | Loss: 5.039701 | Avg Loss: 4.458821 | Progress:  95.5%
2025-08-30 21:20:11,949 - src.training.train - INFO -     Batch  22/ 22 | Loss: 9.003635 | Avg Loss: 4.665404 | Progress: 100.0%
2025-08-30 21:20:11,949 - src.training.train - INFO -     Training epoch stats:
2025-08-30 21:20:11,950 - src.training.train - INFO -       Loss range: 2.674077 to 9.003635
2025-08-30 21:20:11,950 - src.training.train - INFO -       Gradient norms: avg=15.9775, max=49.9155
2025-08-30 21:20:11,950 - src.training.train - INFO -       GPU memory: 0.02GB used, 0.10GB cached
2025-08-30 21:20:11,950 - src.training.train - INFO - Epoch 7/70 Complete [10.0% progress]:
2025-08-30 21:20:11,950 - src.training.train - INFO -   Train Loss: 4.665404 (+0.381878)
2025-08-30 21:20:11,950 - src.training.train - INFO -   Val Loss:   N/A (validation disabled)
2025-08-30 21:20:11,950 - src.training.train - INFO -   Best Val:   N/A (validation disabled)
2025-08-30 21:20:11,950 - src.training.train - INFO -   Time:       0.07s (est. 5s remaining)
2025-08-30 21:20:11,950 - src.training.train - INFO -   LR:         0.001000
2025-08-30 21:20:11,951 - src.training.train - INFO -   GPU Mem:    0.02GB
2025-08-30 21:20:11,951 - src.training.train - INFO -   📊 Summary: Model performance is PLATEAU, training speed is FAST (without validation (using training loss))
2025-08-30 21:20:11,951 - src.training.train - INFO - Epoch 8/70 - Training Phase
2025-08-30 21:20:11,955 - src.training.train - INFO -     Batch   1/ 22 | Loss: 5.383184 | Avg Loss: 5.383184 | Progress:   4.5%
2025-08-30 21:20:11,971 - src.training.train - INFO -     Batch   6/ 22 | Loss: 2.489648 | Avg Loss: 3.650283 | Progress:  27.3%
2025-08-30 21:20:11,985 - src.training.train - INFO -     Batch  11/ 22 | Loss: 4.653312 | Avg Loss: 3.964729 | Progress:  50.0%
2025-08-30 21:20:11,999 - src.training.train - INFO -     Batch  16/ 22 | Loss: 4.571553 | Avg Loss: 4.048262 | Progress:  72.7%
2025-08-30 21:20:12,016 - src.training.train - INFO -     Batch  21/ 22 | Loss: 5.199763 | Avg Loss: 4.381012 | Progress:  95.5%
2025-08-30 21:20:12,019 - src.training.train - INFO -     Batch  22/ 22 | Loss: 2.879934 | Avg Loss: 4.312781 | Progress: 100.0%
2025-08-30 21:20:12,020 - src.training.train - INFO -     Training epoch stats:
2025-08-30 21:20:12,020 - src.training.train - INFO -       Loss range: 2.489648 to 6.868962
2025-08-30 21:20:12,020 - src.training.train - INFO -       Gradient norms: avg=14.8374, max=38.7398
2025-08-30 21:20:12,020 - src.training.train - INFO -       GPU memory: 0.02GB used, 0.10GB cached
2025-08-30 21:20:12,020 - src.training.train - INFO - Epoch 8/70 Complete [11.4% progress]:
2025-08-30 21:20:12,020 - src.training.train - INFO -   Train Loss: 4.312781 (-0.352623)
2025-08-30 21:20:12,020 - src.training.train - INFO -   Val Loss:   N/A (validation disabled)
2025-08-30 21:20:12,020 - src.training.train - INFO -   Best Val:   N/A (validation disabled)
2025-08-30 21:20:12,020 - src.training.train - INFO -   Time:       0.07s (est. 4s remaining)
2025-08-30 21:20:12,020 - src.training.train - INFO -   LR:         0.001000
2025-08-30 21:20:12,021 - src.training.train - INFO -   GPU Mem:    0.02GB
2025-08-30 21:20:12,021 - src.training.train - INFO -   📊 Summary: Model performance is IMPROVING, training speed is FAST (without validation (using training loss))
2025-08-30 21:20:12,021 - src.training.train - INFO - Epoch 9/70 - Training Phase
2025-08-30 21:20:12,025 - src.training.train - INFO -     Batch   1/ 22 | Loss: 2.991887 | Avg Loss: 2.991887 | Progress:   4.5%
2025-08-30 21:20:12,041 - src.training.train - INFO -     Batch   6/ 22 | Loss: 4.988426 | Avg Loss: 3.787936 | Progress:  27.3%
2025-08-30 21:20:12,055 - src.training.train - INFO -     Batch  11/ 22 | Loss: 5.094047 | Avg Loss: 4.063291 | Progress:  50.0%
2025-08-30 21:20:12,072 - src.training.train - INFO -     Batch  16/ 22 | Loss: 3.775187 | Avg Loss: 3.907398 | Progress:  72.7%
2025-08-30 21:20:12,090 - src.training.train - INFO -     Batch  21/ 22 | Loss: 9.854050 | Avg Loss: 4.269252 | Progress:  95.5%
2025-08-30 21:20:12,094 - src.training.train - INFO -     Batch  22/ 22 | Loss: 4.120806 | Avg Loss: 4.262504 | Progress: 100.0%
2025-08-30 21:20:12,095 - src.training.train - INFO -     Training epoch stats:
2025-08-30 21:20:12,095 - src.training.train - INFO -       Loss range: 1.944508 to 9.854050
2025-08-30 21:20:12,095 - src.training.train - INFO -       Gradient norms: avg=9.5822, max=30.7930
2025-08-30 21:20:12,095 - src.training.train - INFO -       GPU memory: 0.02GB used, 0.10GB cached
2025-08-30 21:20:12,095 - src.training.train - INFO - Epoch 9/70 Complete [12.9% progress]:
2025-08-30 21:20:12,095 - src.training.train - INFO -   Train Loss: 4.262504 (-0.050277)
2025-08-30 21:20:12,095 - src.training.train - INFO -   Val Loss:   N/A (validation disabled)
2025-08-30 21:20:12,095 - src.training.train - INFO -   Best Val:   N/A (validation disabled)
2025-08-30 21:20:12,095 - src.training.train - INFO -   Time:       0.07s (est. 5s remaining)
2025-08-30 21:20:12,095 - src.training.train - INFO -   LR:         0.001000
2025-08-30 21:20:12,096 - src.training.train - INFO -   GPU Mem:    0.02GB
2025-08-30 21:20:12,096 - src.training.train - INFO -   📊 Summary: Model performance is IMPROVING, training speed is FAST (without validation (using training loss))
2025-08-30 21:20:12,108 - src.training.train - INFO - Epoch 10/70 - Training Phase
2025-08-30 21:20:12,116 - src.training.train - INFO -     Batch   1/ 22 | Loss: 3.464704 | Avg Loss: 3.464704 | Progress:   4.5%
2025-08-30 21:20:12,132 - src.training.train - INFO -     Batch   6/ 22 | Loss: 4.407086 | Avg Loss: 4.121679 | Progress:  27.3%
2025-08-30 21:20:12,151 - src.training.train - INFO -     Batch  11/ 22 | Loss: 2.629821 | Avg Loss: 4.092629 | Progress:  50.0%
2025-08-30 21:20:12,165 - src.training.train - INFO -     Batch  16/ 22 | Loss: 4.520508 | Avg Loss: 4.352355 | Progress:  72.7%
2025-08-30 21:20:12,183 - src.training.train - INFO -     Batch  21/ 22 | Loss: 4.244676 | Avg Loss: 4.314744 | Progress:  95.5%
2025-08-30 21:20:12,187 - src.training.train - INFO -     Batch  22/ 22 | Loss: 2.241976 | Avg Loss: 4.220527 | Progress: 100.0%
2025-08-30 21:20:12,187 - src.training.train - INFO -     Training epoch stats:
2025-08-30 21:20:12,187 - src.training.train - INFO -       Loss range: 2.241976 to 7.233113
2025-08-30 21:20:12,187 - src.training.train - INFO -       Gradient norms: avg=10.7474, max=23.2079
2025-08-30 21:20:12,187 - src.training.train - INFO -       GPU memory: 0.02GB used, 0.10GB cached
2025-08-30 21:20:12,187 - src.training.train - INFO - Epoch 10/70 Complete [14.3% progress]:
2025-08-30 21:20:12,187 - src.training.train - INFO -   Train Loss: 4.220527 (-0.041977)
2025-08-30 21:20:12,187 - src.training.train - INFO -   Val Loss:   N/A (validation disabled)
2025-08-30 21:20:12,187 - src.training.train - INFO -   Best Val:   N/A (validation disabled)
2025-08-30 21:20:12,187 - src.training.train - INFO -   Time:       0.08s (est. 5s remaining)
2025-08-30 21:20:12,187 - src.training.train - INFO -   LR:         0.001000
2025-08-30 21:20:12,188 - src.training.train - INFO -   GPU Mem:    0.02GB
2025-08-30 21:20:12,188 - src.training.train - INFO -   📊 Summary: Model performance is IMPROVING, training speed is FAST (without validation (using training loss))
2025-08-30 21:20:12,201 - src.training.train - INFO - Epoch 11/70 - Training Phase
2025-08-30 21:20:12,207 - src.training.train - INFO -     Batch   1/ 22 | Loss: 3.752685 | Avg Loss: 3.752685 | Progress:   4.5%
2025-08-30 21:20:12,225 - src.training.train - INFO -     Batch   6/ 22 | Loss: 5.957100 | Avg Loss: 4.230604 | Progress:  27.3%
2025-08-30 21:20:12,242 - src.training.train - INFO -     Batch  11/ 22 | Loss: 5.497386 | Avg Loss: 4.240162 | Progress:  50.0%
2025-08-30 21:20:12,257 - src.training.train - INFO -     Batch  16/ 22 | Loss: 5.572727 | Avg Loss: 4.504143 | Progress:  72.7%
2025-08-30 21:20:12,272 - src.training.train - INFO -     Batch  21/ 22 | Loss: 4.896796 | Avg Loss: 4.376934 | Progress:  95.5%
2025-08-30 21:20:12,275 - src.training.train - INFO -     Batch  22/ 22 | Loss: 1.656644 | Avg Loss: 4.253284 | Progress: 100.0%
2025-08-30 21:20:12,275 - src.training.train - INFO -     Training epoch stats:
2025-08-30 21:20:12,275 - src.training.train - INFO -       Loss range: 1.656644 to 6.329167
2025-08-30 21:20:12,275 - src.training.train - INFO -       Gradient norms: avg=15.6153, max=48.7705
2025-08-30 21:20:12,276 - src.training.train - INFO -       GPU memory: 0.02GB used, 0.10GB cached
2025-08-30 21:20:12,276 - src.training.train - INFO - Epoch 11/70 Complete [15.7% progress]:
2025-08-30 21:20:12,276 - src.training.train - INFO -   Train Loss: 4.253284 (+0.032757)
2025-08-30 21:20:12,276 - src.training.train - INFO -   Val Loss:   N/A (validation disabled)
2025-08-30 21:20:12,276 - src.training.train - INFO -   Best Val:   N/A (validation disabled)
2025-08-30 21:20:12,276 - src.training.train - INFO -   Time:       0.07s (est. 4s remaining)
2025-08-30 21:20:12,276 - src.training.train - INFO -   LR:         0.001000
2025-08-30 21:20:12,276 - src.training.train - INFO -   GPU Mem:    0.02GB
2025-08-30 21:20:12,276 - src.training.train - INFO -   📊 Summary: Model performance is PLATEAU, training speed is FAST (without validation (using training loss))
2025-08-30 21:20:12,277 - src.training.train - INFO - Epoch 12/70 - Training Phase
2025-08-30 21:20:12,282 - src.training.train - INFO -     Batch   1/ 22 | Loss: 6.524599 | Avg Loss: 6.524599 | Progress:   4.5%
2025-08-30 21:20:12,301 - src.training.train - INFO -     Batch   6/ 22 | Loss: 5.573185 | Avg Loss: 5.237328 | Progress:  27.3%
2025-08-30 21:20:12,319 - src.training.train - INFO -     Batch  11/ 22 | Loss: 2.906416 | Avg Loss: 4.452091 | Progress:  50.0%
2025-08-30 21:20:12,335 - src.training.train - INFO -     Batch  16/ 22 | Loss: 3.508600 | Avg Loss: 4.472257 | Progress:  72.7%
2025-08-30 21:20:12,354 - src.training.train - INFO -     Batch  21/ 22 | Loss: 3.604228 | Avg Loss: 4.363638 | Progress:  95.5%
2025-08-30 21:20:12,357 - src.training.train - INFO -     Batch  22/ 22 | Loss: 6.210804 | Avg Loss: 4.447600 | Progress: 100.0%
2025-08-30 21:20:12,357 - src.training.train - INFO -     Training epoch stats:
2025-08-30 21:20:12,357 - src.training.train - INFO -       Loss range: 2.309950 to 6.524599
2025-08-30 21:20:12,357 - src.training.train - INFO -       Gradient norms: avg=14.6224, max=37.0494
2025-08-30 21:20:12,357 - src.training.train - INFO -       GPU memory: 0.02GB used, 0.10GB cached
2025-08-30 21:20:12,357 - src.training.train - INFO - Epoch 12/70 Complete [17.1% progress]:
2025-08-30 21:20:12,357 - src.training.train - INFO -   Train Loss: 4.447600 (+0.194316)
2025-08-30 21:20:12,357 - src.training.train - INFO -   Val Loss:   N/A (validation disabled)
2025-08-30 21:20:12,357 - src.training.train - INFO -   Best Val:   N/A (validation disabled)
2025-08-30 21:20:12,358 - src.training.train - INFO -   Time:       0.08s (est. 5s remaining)
2025-08-30 21:20:12,358 - src.training.train - INFO -   LR:         0.001000
2025-08-30 21:20:12,358 - src.training.train - INFO -   GPU Mem:    0.02GB
2025-08-30 21:20:12,358 - src.training.train - INFO -   📊 Summary: Model performance is PLATEAU, training speed is FAST (without validation (using training loss))
2025-08-30 21:20:12,358 - src.training.train - INFO - Epoch 13/70 - Training Phase
2025-08-30 21:20:12,362 - src.training.train - INFO -     Batch   1/ 22 | Loss: 3.196182 | Avg Loss: 3.196182 | Progress:   4.5%
2025-08-30 21:20:12,377 - src.training.train - INFO -     Batch   6/ 22 | Loss: 4.356536 | Avg Loss: 4.175410 | Progress:  27.3%
2025-08-30 21:20:12,393 - src.training.train - INFO -     Batch  11/ 22 | Loss: 7.276178 | Avg Loss: 4.504027 | Progress:  50.0%
2025-08-30 21:20:12,408 - src.training.train - INFO -     Batch  16/ 22 | Loss: 4.273976 | Avg Loss: 4.302850 | Progress:  72.7%
2025-08-30 21:20:12,425 - src.training.train - INFO -     Batch  21/ 22 | Loss: 3.458385 | Avg Loss: 4.270019 | Progress:  95.5%
2025-08-30 21:20:12,427 - src.training.train - INFO -     Batch  22/ 22 | Loss: 2.430048 | Avg Loss: 4.186384 | Progress: 100.0%
2025-08-30 21:20:12,427 - src.training.train - INFO -     Training epoch stats:
2025-08-30 21:20:12,427 - src.training.train - INFO -       Loss range: 2.430048 to 7.276178
2025-08-30 21:20:12,428 - src.training.train - INFO -       Gradient norms: avg=12.6147, max=23.8899
2025-08-30 21:20:12,428 - src.training.train - INFO -       GPU memory: 0.02GB used, 0.10GB cached
2025-08-30 21:20:12,428 - src.training.train - INFO - Epoch 13/70 Complete [18.6% progress]:
2025-08-30 21:20:12,428 - src.training.train - INFO -   Train Loss: 4.186384 (-0.261216)
2025-08-30 21:20:12,428 - src.training.train - INFO -   Val Loss:   N/A (validation disabled)
2025-08-30 21:20:12,428 - src.training.train - INFO -   Best Val:   N/A (validation disabled)
2025-08-30 21:20:12,428 - src.training.train - INFO -   Time:       0.07s (est. 4s remaining)
2025-08-30 21:20:12,428 - src.training.train - INFO -   LR:         0.001000
2025-08-30 21:20:12,428 - src.training.train - INFO -   GPU Mem:    0.02GB
2025-08-30 21:20:12,429 - src.training.train - INFO -   📊 Summary: Model performance is IMPROVING, training speed is FAST (without validation (using training loss))
2025-08-30 21:20:12,443 - src.training.train - INFO - Epoch 14/70 - Training Phase
2025-08-30 21:20:12,447 - src.training.train - INFO -     Batch   1/ 22 | Loss: 4.346112 | Avg Loss: 4.346112 | Progress:   4.5%
2025-08-30 21:20:12,462 - src.training.train - INFO -     Batch   6/ 22 | Loss: 4.763177 | Avg Loss: 4.484719 | Progress:  27.3%
2025-08-30 21:20:12,477 - src.training.train - INFO -     Batch  11/ 22 | Loss: 4.774220 | Avg Loss: 4.407156 | Progress:  50.0%
2025-08-30 21:20:12,492 - src.training.train - INFO -     Batch  16/ 22 | Loss: 4.719187 | Avg Loss: 4.336365 | Progress:  72.7%
2025-08-30 21:20:12,508 - src.training.train - INFO -     Batch  21/ 22 | Loss: 2.709574 | Avg Loss: 4.173860 | Progress:  95.5%
2025-08-30 21:20:12,511 - src.training.train - INFO -     Batch  22/ 22 | Loss: 2.258559 | Avg Loss: 4.086801 | Progress: 100.0%
2025-08-30 21:20:12,511 - src.training.train - INFO -     Training epoch stats:
2025-08-30 21:20:12,511 - src.training.train - INFO -       Loss range: 2.258559 to 5.914414
2025-08-30 21:20:12,512 - src.training.train - INFO -       Gradient norms: avg=10.9879, max=26.3374
2025-08-30 21:20:12,512 - src.training.train - INFO -       GPU memory: 0.02GB used, 0.10GB cached
2025-08-30 21:20:12,512 - src.training.train - INFO - Epoch 14/70 Complete [20.0% progress]:
2025-08-30 21:20:12,512 - src.training.train - INFO -   Train Loss: 4.086801 (-0.099583)
2025-08-30 21:20:12,512 - src.training.train - INFO -   Val Loss:   N/A (validation disabled)
2025-08-30 21:20:12,512 - src.training.train - INFO -   Best Val:   N/A (validation disabled)
2025-08-30 21:20:12,512 - src.training.train - INFO -   Time:       0.07s (est. 4s remaining)
2025-08-30 21:20:12,512 - src.training.train - INFO -   LR:         0.001000
2025-08-30 21:20:12,512 - src.training.train - INFO -   GPU Mem:    0.02GB
2025-08-30 21:20:12,513 - src.training.train - INFO -   📊 Summary: Model performance is IMPROVING, training speed is FAST (without validation (using training loss))
2025-08-30 21:20:12,525 - src.training.train - INFO - Epoch 15/70 - Training Phase
2025-08-30 21:20:12,530 - src.training.train - INFO -     Batch   1/ 22 | Loss: 2.419025 | Avg Loss: 2.419025 | Progress:   4.5%
2025-08-30 21:20:12,545 - src.training.train - INFO -     Batch   6/ 22 | Loss: 5.872780 | Avg Loss: 4.734485 | Progress:  27.3%
2025-08-30 21:20:12,563 - src.training.train - INFO -     Batch  11/ 22 | Loss: 3.480872 | Avg Loss: 4.752168 | Progress:  50.0%
2025-08-30 21:20:12,577 - src.training.train - INFO -     Batch  16/ 22 | Loss: 2.611699 | Avg Loss: 4.489426 | Progress:  72.7%
2025-08-30 21:20:12,593 - src.training.train - INFO -     Batch  21/ 22 | Loss: 3.609858 | Avg Loss: 4.324044 | Progress:  95.5%
2025-08-30 21:20:12,596 - src.training.train - INFO -     Batch  22/ 22 | Loss: 1.794455 | Avg Loss: 4.209062 | Progress: 100.0%
2025-08-30 21:20:12,596 - src.training.train - INFO -     Training epoch stats:
2025-08-30 21:20:12,596 - src.training.train - INFO -       Loss range: 1.794455 to 6.509381
2025-08-30 21:20:12,596 - src.training.train - INFO -       Gradient norms: avg=12.9941, max=38.1155
2025-08-30 21:20:12,596 - src.training.train - INFO -       GPU memory: 0.02GB used, 0.10GB cached
2025-08-30 21:20:12,596 - src.training.train - INFO - Epoch 15/70 Complete [21.4% progress]:
2025-08-30 21:20:12,596 - src.training.train - INFO -   Train Loss: 4.209062 (+0.122262)
2025-08-30 21:20:12,596 - src.training.train - INFO -   Val Loss:   N/A (validation disabled)
2025-08-30 21:20:12,596 - src.training.train - INFO -   Best Val:   N/A (validation disabled)
2025-08-30 21:20:12,596 - src.training.train - INFO -   Time:       0.07s (est. 4s remaining)
2025-08-30 21:20:12,596 - src.training.train - INFO -   LR:         0.001000
2025-08-30 21:20:12,597 - src.training.train - INFO -   GPU Mem:    0.02GB
2025-08-30 21:20:12,597 - src.training.train - INFO -   📊 Summary: Model performance is PLATEAU, training speed is FAST (without validation (using training loss))
2025-08-30 21:20:12,597 - src.training.train - INFO - Epoch 16/70 - Training Phase
2025-08-30 21:20:12,602 - src.training.train - INFO -     Batch   1/ 22 | Loss: 3.255893 | Avg Loss: 3.255893 | Progress:   4.5%
2025-08-30 21:20:12,618 - src.training.train - INFO -     Batch   6/ 22 | Loss: 5.819626 | Avg Loss: 4.419718 | Progress:  27.3%
2025-08-30 21:20:12,632 - src.training.train - INFO -     Batch  11/ 22 | Loss: 3.440580 | Avg Loss: 4.399557 | Progress:  50.0%
2025-08-30 21:20:12,648 - src.training.train - INFO -     Batch  16/ 22 | Loss: 2.619803 | Avg Loss: 4.107321 | Progress:  72.7%
2025-08-30 21:20:12,665 - src.training.train - INFO -     Batch  21/ 22 | Loss: 3.436044 | Avg Loss: 4.195190 | Progress:  95.5%
2025-08-30 21:20:12,668 - src.training.train - INFO -     Batch  22/ 22 | Loss: 1.354351 | Avg Loss: 4.066061 | Progress: 100.0%
2025-08-30 21:20:12,668 - src.training.train - INFO -     Training epoch stats:
2025-08-30 21:20:12,668 - src.training.train - INFO -       Loss range: 1.354351 to 7.932430
2025-08-30 21:20:12,668 - src.training.train - INFO -       Gradient norms: avg=14.0119, max=35.2306
2025-08-30 21:20:12,668 - src.training.train - INFO -       GPU memory: 0.02GB used, 0.10GB cached
2025-08-30 21:20:12,668 - src.training.train - INFO - Epoch 16/70 Complete [22.9% progress]:
2025-08-30 21:20:12,668 - src.training.train - INFO -   Train Loss: 4.066061 (-0.143001)
2025-08-30 21:20:12,668 - src.training.train - INFO -   Val Loss:   N/A (validation disabled)
2025-08-30 21:20:12,668 - src.training.train - INFO -   Best Val:   N/A (validation disabled)
2025-08-30 21:20:12,668 - src.training.train - INFO -   Time:       0.07s (est. 4s remaining)
2025-08-30 21:20:12,668 - src.training.train - INFO -   LR:         0.001000
2025-08-30 21:20:12,669 - src.training.train - INFO -   GPU Mem:    0.02GB
2025-08-30 21:20:12,669 - src.training.train - INFO -   📊 Summary: Model performance is IMPROVING, training speed is FAST (without validation (using training loss))
2025-08-30 21:20:12,681 - src.training.train - INFO - Epoch 17/70 - Training Phase
2025-08-30 21:20:12,686 - src.training.train - INFO -     Batch   1/ 22 | Loss: 3.973471 | Avg Loss: 3.973471 | Progress:   4.5%
2025-08-30 21:20:12,700 - src.training.train - INFO -     Batch   6/ 22 | Loss: 3.726312 | Avg Loss: 4.090176 | Progress:  27.3%
2025-08-30 21:20:12,717 - src.training.train - INFO -     Batch  11/ 22 | Loss: 3.413497 | Avg Loss: 4.184397 | Progress:  50.0%
2025-08-30 21:20:12,739 - src.training.train - INFO -     Batch  16/ 22 | Loss: 3.676166 | Avg Loss: 4.153941 | Progress:  72.7%
2025-08-30 21:20:12,753 - src.training.train - INFO -     Batch  21/ 22 | Loss: 4.243852 | Avg Loss: 4.104033 | Progress:  95.5%
2025-08-30 21:20:12,756 - src.training.train - INFO -     Batch  22/ 22 | Loss: 2.642857 | Avg Loss: 4.037616 | Progress: 100.0%
2025-08-30 21:20:12,756 - src.training.train - INFO -     Training epoch stats:
2025-08-30 21:20:12,756 - src.training.train - INFO -       Loss range: 2.395359 to 6.663353
2025-08-30 21:20:12,756 - src.training.train - INFO -       Gradient norms: avg=10.3060, max=20.1981
2025-08-30 21:20:12,756 - src.training.train - INFO -       GPU memory: 0.02GB used, 0.10GB cached
2025-08-30 21:20:12,757 - src.training.train - INFO - Epoch 17/70 Complete [24.3% progress]:
2025-08-30 21:20:12,757 - src.training.train - INFO -   Train Loss: 4.037616 (-0.028445)
2025-08-30 21:20:12,757 - src.training.train - INFO -   Val Loss:   N/A (validation disabled)
2025-08-30 21:20:12,757 - src.training.train - INFO -   Best Val:   N/A (validation disabled)
2025-08-30 21:20:12,757 - src.training.train - INFO -   Time:       0.08s (est. 4s remaining)
2025-08-30 21:20:12,757 - src.training.train - INFO -   LR:         0.001000
2025-08-30 21:20:12,757 - src.training.train - INFO -   GPU Mem:    0.02GB
2025-08-30 21:20:12,757 - src.training.train - INFO -   📊 Summary: Model performance is IMPROVING, training speed is FAST (without validation (using training loss))
2025-08-30 21:20:12,770 - src.training.train - INFO - Epoch 18/70 - Training Phase
2025-08-30 21:20:12,774 - src.training.train - INFO -     Batch   1/ 22 | Loss: 4.491858 | Avg Loss: 4.491858 | Progress:   4.5%
2025-08-30 21:20:12,790 - src.training.train - INFO -     Batch   6/ 22 | Loss: 3.850050 | Avg Loss: 4.292026 | Progress:  27.3%
2025-08-30 21:20:12,804 - src.training.train - INFO -     Batch  11/ 22 | Loss: 2.553679 | Avg Loss: 4.386863 | Progress:  50.0%
2025-08-30 21:20:12,824 - src.training.train - INFO -     Batch  16/ 22 | Loss: 5.379374 | Avg Loss: 4.346905 | Progress:  72.7%
2025-08-30 21:20:12,843 - src.training.train - INFO -     Batch  21/ 22 | Loss: 3.190961 | Avg Loss: 4.184443 | Progress:  95.5%
2025-08-30 21:20:12,846 - src.training.train - INFO -     Batch  22/ 22 | Loss: 3.652566 | Avg Loss: 4.160266 | Progress: 100.0%
2025-08-30 21:20:12,846 - src.training.train - INFO -     Training epoch stats:
2025-08-30 21:20:12,846 - src.training.train - INFO -       Loss range: 2.553679 to 5.511742
2025-08-30 21:20:12,846 - src.training.train - INFO -       Gradient norms: avg=11.8733, max=27.2397
2025-08-30 21:20:12,847 - src.training.train - INFO -       GPU memory: 0.02GB used, 0.10GB cached
2025-08-30 21:20:12,847 - src.training.train - INFO - Epoch 18/70 Complete [25.7% progress]:
2025-08-30 21:20:12,847 - src.training.train - INFO -   Train Loss: 4.160266 (+0.122650)
2025-08-30 21:20:12,847 - src.training.train - INFO -   Val Loss:   N/A (validation disabled)
2025-08-30 21:20:12,847 - src.training.train - INFO -   Best Val:   N/A (validation disabled)
2025-08-30 21:20:12,847 - src.training.train - INFO -   Time:       0.08s (est. 4s remaining)
2025-08-30 21:20:12,847 - src.training.train - INFO -   LR:         0.001000
2025-08-30 21:20:12,847 - src.training.train - INFO -   GPU Mem:    0.02GB
2025-08-30 21:20:12,847 - src.training.train - INFO -   📊 Summary: Model performance is PLATEAU, training speed is FAST (without validation (using training loss))
2025-08-30 21:20:12,848 - src.training.train - INFO - Epoch 19/70 - Training Phase
2025-08-30 21:20:12,852 - src.training.train - INFO -     Batch   1/ 22 | Loss: 3.555249 | Avg Loss: 3.555249 | Progress:   4.5%
2025-08-30 21:20:12,869 - src.training.train - INFO -     Batch   6/ 22 | Loss: 5.275708 | Avg Loss: 3.988026 | Progress:  27.3%
2025-08-30 21:20:12,884 - src.training.train - INFO -     Batch  11/ 22 | Loss: 3.292008 | Avg Loss: 4.267931 | Progress:  50.0%
2025-08-30 21:20:12,899 - src.training.train - INFO -     Batch  16/ 22 | Loss: 2.851491 | Avg Loss: 4.175179 | Progress:  72.7%
2025-08-30 21:20:12,916 - src.training.train - INFO -     Batch  21/ 22 | Loss: 5.000084 | Avg Loss: 4.091333 | Progress:  95.5%
2025-08-30 21:20:12,919 - src.training.train - INFO -     Batch  22/ 22 | Loss: 5.443293 | Avg Loss: 4.152786 | Progress: 100.0%
2025-08-30 21:20:12,919 - src.training.train - INFO -     Training epoch stats:
2025-08-30 21:20:12,919 - src.training.train - INFO -       Loss range: 2.162354 to 6.049575
2025-08-30 21:20:12,919 - src.training.train - INFO -       Gradient norms: avg=11.5275, max=33.5630
2025-08-30 21:20:12,919 - src.training.train - INFO -       GPU memory: 0.02GB used, 0.10GB cached
2025-08-30 21:20:12,920 - src.training.train - INFO - Epoch 19/70 Complete [27.1% progress]:
2025-08-30 21:20:12,920 - src.training.train - INFO -   Train Loss: 4.152786 (-0.007480)
2025-08-30 21:20:12,920 - src.training.train - INFO -   Val Loss:   N/A (validation disabled)
2025-08-30 21:20:12,920 - src.training.train - INFO -   Best Val:   N/A (validation disabled)
2025-08-30 21:20:12,920 - src.training.train - INFO -   Time:       0.07s (est. 4s remaining)
2025-08-30 21:20:12,920 - src.training.train - INFO -   LR:         0.001000
2025-08-30 21:20:12,920 - src.training.train - INFO -   GPU Mem:    0.02GB
2025-08-30 21:20:12,920 - src.training.train - INFO -   📊 Summary: Model performance is IMPROVING, training speed is FAST (without validation (using training loss))
2025-08-30 21:20:12,920 - src.training.train - INFO - Epoch 20/70 - Training Phase
2025-08-30 21:20:12,925 - src.training.train - INFO -     Batch   1/ 22 | Loss: 4.976612 | Avg Loss: 4.976612 | Progress:   4.5%
2025-08-30 21:20:12,942 - src.training.train - INFO -     Batch   6/ 22 | Loss: 5.004391 | Avg Loss: 4.473956 | Progress:  27.3%
2025-08-30 21:20:12,958 - src.training.train - INFO -     Batch  11/ 22 | Loss: 4.308880 | Avg Loss: 4.146236 | Progress:  50.0%
2025-08-30 21:20:12,974 - src.training.train - INFO -     Batch  16/ 22 | Loss: 5.267549 | Avg Loss: 4.103076 | Progress:  72.7%
2025-08-30 21:20:12,989 - src.training.train - INFO -     Batch  21/ 22 | Loss: 4.789348 | Avg Loss: 4.201551 | Progress:  95.5%
2025-08-30 21:20:12,992 - src.training.train - INFO -     Batch  22/ 22 | Loss: 2.453208 | Avg Loss: 4.122081 | Progress: 100.0%
2025-08-30 21:20:12,992 - src.training.train - INFO -     Training epoch stats:
2025-08-30 21:20:12,992 - src.training.train - INFO -       Loss range: 2.453208 to 6.819868
2025-08-30 21:20:12,992 - src.training.train - INFO -       Gradient norms: avg=11.2972, max=26.0696
2025-08-30 21:20:12,992 - src.training.train - INFO -       GPU memory: 0.02GB used, 0.10GB cached
2025-08-30 21:20:12,992 - src.training.train - INFO - Epoch 20/70 Complete [28.6% progress]:
2025-08-30 21:20:12,992 - src.training.train - INFO -   Train Loss: 4.122081 (-0.030705)
2025-08-30 21:20:12,992 - src.training.train - INFO -   Val Loss:   N/A (validation disabled)
2025-08-30 21:20:12,992 - src.training.train - INFO -   Best Val:   N/A (validation disabled)
2025-08-30 21:20:12,993 - src.training.train - INFO -   Time:       0.07s (est. 4s remaining)
2025-08-30 21:20:12,993 - src.training.train - INFO -   LR:         0.001000
2025-08-30 21:20:12,993 - src.training.train - INFO -   GPU Mem:    0.02GB
2025-08-30 21:20:12,993 - src.training.train - INFO -   📊 Summary: Model performance is IMPROVING, training speed is FAST (without validation (using training loss))
2025-08-30 21:20:12,993 - src.training.train - INFO - Epoch 21/70 - Training Phase
2025-08-30 21:20:12,997 - src.training.train - INFO -     Batch   1/ 22 | Loss: 3.337087 | Avg Loss: 3.337087 | Progress:   4.5%
2025-08-30 21:20:13,012 - src.training.train - INFO -     Batch   6/ 22 | Loss: 3.388361 | Avg Loss: 4.006805 | Progress:  27.3%
2025-08-30 21:20:13,030 - src.training.train - INFO -     Batch  11/ 22 | Loss: 2.934097 | Avg Loss: 3.825776 | Progress:  50.0%
2025-08-30 21:20:13,047 - src.training.train - INFO -     Batch  16/ 22 | Loss: 4.414819 | Avg Loss: 3.970784 | Progress:  72.7%
2025-08-30 21:20:13,062 - src.training.train - INFO -     Batch  21/ 22 | Loss: 4.728578 | Avg Loss: 4.079800 | Progress:  95.5%
2025-08-30 21:20:13,065 - src.training.train - INFO -     Batch  22/ 22 | Loss: 5.178195 | Avg Loss: 4.129727 | Progress: 100.0%
2025-08-30 21:20:13,065 - src.training.train - INFO -     Training epoch stats:
2025-08-30 21:20:13,065 - src.training.train - INFO -       Loss range: 2.245212 to 7.136667
2025-08-30 21:20:13,065 - src.training.train - INFO -       Gradient norms: avg=10.8886, max=37.6772
2025-08-30 21:20:13,065 - src.training.train - INFO -       GPU memory: 0.02GB used, 0.10GB cached
2025-08-30 21:20:13,066 - src.training.train - INFO - Epoch 21/70 Complete [30.0% progress]:
2025-08-30 21:20:13,066 - src.training.train - INFO -   Train Loss: 4.129727 (+0.007646)
2025-08-30 21:20:13,066 - src.training.train - INFO -   Val Loss:   N/A (validation disabled)
2025-08-30 21:20:13,066 - src.training.train - INFO -   Best Val:   N/A (validation disabled)
2025-08-30 21:20:13,066 - src.training.train - INFO -   Time:       0.07s (est. 4s remaining)
2025-08-30 21:20:13,066 - src.training.train - INFO -   LR:         0.001000
2025-08-30 21:20:13,066 - src.training.train - INFO -   GPU Mem:    0.02GB
2025-08-30 21:20:13,067 - src.training.train - INFO -   📊 Summary: Model performance is PLATEAU, training speed is FAST (without validation (using training loss))
2025-08-30 21:20:13,067 - src.training.train - INFO - Epoch 22/70 - Training Phase
2025-08-30 21:20:13,071 - src.training.train - INFO -     Batch   1/ 22 | Loss: 2.772658 | Avg Loss: 2.772658 | Progress:   4.5%
2025-08-30 21:20:13,093 - src.training.train - INFO -     Batch   6/ 22 | Loss: 4.516089 | Avg Loss: 3.417550 | Progress:  27.3%
2025-08-30 21:20:13,108 - src.training.train - INFO -     Batch  11/ 22 | Loss: 4.759398 | Avg Loss: 3.664911 | Progress:  50.0%
2025-08-30 21:20:13,124 - src.training.train - INFO -     Batch  16/ 22 | Loss: 3.597489 | Avg Loss: 4.054401 | Progress:  72.7%
2025-08-30 21:20:13,139 - src.training.train - INFO -     Batch  21/ 22 | Loss: 6.249504 | Avg Loss: 4.331767 | Progress:  95.5%
2025-08-30 21:20:13,143 - src.training.train - INFO -     Batch  22/ 22 | Loss: 2.387786 | Avg Loss: 4.243404 | Progress: 100.0%
2025-08-30 21:20:13,143 - src.training.train - INFO -     Training epoch stats:
2025-08-30 21:20:13,143 - src.training.train - INFO -       Loss range: 2.308120 to 6.748313
2025-08-30 21:20:13,143 - src.training.train - INFO -       Gradient norms: avg=16.5112, max=37.9328
2025-08-30 21:20:13,143 - src.training.train - INFO -       GPU memory: 0.02GB used, 0.10GB cached
2025-08-30 21:20:13,144 - src.training.train - INFO - Epoch 22/70 Complete [31.4% progress]:
2025-08-30 21:20:13,144 - src.training.train - INFO -   Train Loss: 4.243404 (+0.113678)
2025-08-30 21:20:13,144 - src.training.train - INFO -   Val Loss:   N/A (validation disabled)
2025-08-30 21:20:13,144 - src.training.train - INFO -   Best Val:   N/A (validation disabled)
2025-08-30 21:20:13,144 - src.training.train - INFO -   Time:       0.08s (est. 4s remaining)
2025-08-30 21:20:13,144 - src.training.train - INFO -   LR:         0.001000
2025-08-30 21:20:13,144 - src.training.train - INFO -   GPU Mem:    0.02GB
2025-08-30 21:20:13,144 - src.training.train - INFO -   📊 Summary: Model performance is PLATEAU, training speed is FAST (without validation (using training loss))
2025-08-30 21:20:13,144 - src.training.train - INFO - Epoch 23/70 - Training Phase
2025-08-30 21:20:13,148 - src.training.train - INFO -     Batch   1/ 22 | Loss: 3.327741 | Avg Loss: 3.327741 | Progress:   4.5%
2025-08-30 21:20:13,164 - src.training.train - INFO -     Batch   6/ 22 | Loss: 2.779072 | Avg Loss: 3.584362 | Progress:  27.3%
2025-08-30 21:20:13,182 - src.training.train - INFO -     Batch  11/ 22 | Loss: 5.443518 | Avg Loss: 3.917297 | Progress:  50.0%
2025-08-30 21:20:13,200 - src.training.train - INFO -     Batch  16/ 22 | Loss: 4.032407 | Avg Loss: 4.067056 | Progress:  72.7%
2025-08-30 21:20:13,219 - src.training.train - INFO -     Batch  21/ 22 | Loss: 3.260098 | Avg Loss: 4.252520 | Progress:  95.5%
2025-08-30 21:20:13,223 - src.training.train - INFO -     Batch  22/ 22 | Loss: 2.481735 | Avg Loss: 4.172030 | Progress: 100.0%
2025-08-30 21:20:13,223 - src.training.train - INFO -     Training epoch stats:
2025-08-30 21:20:13,223 - src.training.train - INFO -       Loss range: 2.481735 to 6.124297
2025-08-30 21:20:13,223 - src.training.train - INFO -       Gradient norms: avg=12.7615, max=38.9852
2025-08-30 21:20:13,223 - src.training.train - INFO -       GPU memory: 0.02GB used, 0.10GB cached
2025-08-30 21:20:13,223 - src.training.train - INFO - Epoch 23/70 Complete [32.9% progress]:
2025-08-30 21:20:13,223 - src.training.train - INFO -   Train Loss: 4.172030 (-0.071375)
2025-08-30 21:20:13,223 - src.training.train - INFO -   Val Loss:   N/A (validation disabled)
2025-08-30 21:20:13,223 - src.training.train - INFO -   Best Val:   N/A (validation disabled)
2025-08-30 21:20:13,224 - src.training.train - INFO -   Time:       0.08s (est. 4s remaining)
2025-08-30 21:20:13,224 - src.training.train - INFO -   LR:         0.001000
2025-08-30 21:20:13,224 - src.training.train - INFO -   GPU Mem:    0.02GB
2025-08-30 21:20:13,224 - src.training.train - INFO -   📊 Summary: Model performance is IMPROVING, training speed is FAST (without validation (using training loss))
2025-08-30 21:20:13,224 - src.training.train - INFO - Epoch 24/70 - Training Phase
2025-08-30 21:20:13,228 - src.training.train - INFO -     Batch   1/ 22 | Loss: 4.943155 | Avg Loss: 4.943155 | Progress:   4.5%
2025-08-30 21:20:13,246 - src.training.train - INFO -     Batch   6/ 22 | Loss: 3.762413 | Avg Loss: 3.804077 | Progress:  27.3%
2025-08-30 21:20:13,261 - src.training.train - INFO -     Batch  11/ 22 | Loss: 6.019746 | Avg Loss: 4.093138 | Progress:  50.0%
2025-08-30 21:20:13,275 - src.training.train - INFO -     Batch  16/ 22 | Loss: 4.898648 | Avg Loss: 4.245069 | Progress:  72.7%
2025-08-30 21:20:13,293 - src.training.train - INFO -     Batch  21/ 22 | Loss: 3.910473 | Avg Loss: 4.048702 | Progress:  95.5%
2025-08-30 21:20:13,296 - src.training.train - INFO -     Batch  22/ 22 | Loss: 9.757490 | Avg Loss: 4.308192 | Progress: 100.0%
2025-08-30 21:20:13,296 - src.training.train - INFO -     Training epoch stats:
2025-08-30 21:20:13,296 - src.training.train - INFO -       Loss range: 2.317184 to 9.757490
2025-08-30 21:20:13,296 - src.training.train - INFO -       Gradient norms: avg=12.9127, max=45.7987
2025-08-30 21:20:13,296 - src.training.train - INFO -       GPU memory: 0.02GB used, 0.10GB cached
2025-08-30 21:20:13,296 - src.training.train - INFO - Epoch 24/70 Complete [34.3% progress]:
2025-08-30 21:20:13,296 - src.training.train - INFO -   Train Loss: 4.308192 (+0.136162)
2025-08-30 21:20:13,296 - src.training.train - INFO -   Val Loss:   N/A (validation disabled)
2025-08-30 21:20:13,296 - src.training.train - INFO -   Best Val:   N/A (validation disabled)
2025-08-30 21:20:13,296 - src.training.train - INFO -   Time:       0.07s (est. 3s remaining)
2025-08-30 21:20:13,296 - src.training.train - INFO -   LR:         0.001000
2025-08-30 21:20:13,297 - src.training.train - INFO -   GPU Mem:    0.02GB
2025-08-30 21:20:13,297 - src.training.train - INFO -   📊 Summary: Model performance is PLATEAU, training speed is FAST (without validation (using training loss))
2025-08-30 21:20:13,297 - src.training.train - INFO - Epoch 25/70 - Training Phase
2025-08-30 21:20:13,301 - src.training.train - INFO -     Batch   1/ 22 | Loss: 4.310679 | Avg Loss: 4.310679 | Progress:   4.5%
2025-08-30 21:20:13,317 - src.training.train - INFO -     Batch   6/ 22 | Loss: 2.899960 | Avg Loss: 4.059880 | Progress:  27.3%
2025-08-30 21:20:13,333 - src.training.train - INFO -     Batch  11/ 22 | Loss: 3.919519 | Avg Loss: 4.349679 | Progress:  50.0%
2025-08-30 21:20:13,349 - src.training.train - INFO -     Batch  16/ 22 | Loss: 5.272488 | Avg Loss: 4.390652 | Progress:  72.7%
2025-08-30 21:20:13,368 - src.training.train - INFO -     Batch  21/ 22 | Loss: 3.567154 | Avg Loss: 4.097263 | Progress:  95.5%
2025-08-30 21:20:13,372 - src.training.train - INFO -     Batch  22/ 22 | Loss: 5.615351 | Avg Loss: 4.166267 | Progress: 100.0%
2025-08-30 21:20:13,372 - src.training.train - INFO -     Training epoch stats:
2025-08-30 21:20:13,372 - src.training.train - INFO -       Loss range: 1.262117 to 6.773153
2025-08-30 21:20:13,372 - src.training.train - INFO -       Gradient norms: avg=13.0421, max=40.2017
2025-08-30 21:20:13,372 - src.training.train - INFO -       GPU memory: 0.02GB used, 0.10GB cached
2025-08-30 21:20:13,372 - src.training.train - INFO - Epoch 25/70 Complete [35.7% progress]:
2025-08-30 21:20:13,373 - src.training.train - INFO -   Train Loss: 4.166267 (-0.141925)
2025-08-30 21:20:13,373 - src.training.train - INFO -   Val Loss:   N/A (validation disabled)
2025-08-30 21:20:13,373 - src.training.train - INFO -   Best Val:   N/A (validation disabled)
2025-08-30 21:20:13,373 - src.training.train - INFO -   Time:       0.08s (est. 3s remaining)
2025-08-30 21:20:13,373 - src.training.train - INFO -   LR:         0.001000
2025-08-30 21:20:13,373 - src.training.train - INFO -   GPU Mem:    0.02GB
2025-08-30 21:20:13,373 - src.training.train - INFO -   📊 Summary: Model performance is IMPROVING, training speed is FAST (without validation (using training loss))
2025-08-30 21:20:13,374 - src.training.train - INFO - Epoch 26/70 - Training Phase
2025-08-30 21:20:13,378 - src.training.train - INFO -     Batch   1/ 22 | Loss: 3.860805 | Avg Loss: 3.860805 | Progress:   4.5%
2025-08-30 21:20:13,397 - src.training.train - INFO -     Batch   6/ 22 | Loss: 4.269480 | Avg Loss: 4.610701 | Progress:  27.3%
2025-08-30 21:20:13,414 - src.training.train - INFO -     Batch  11/ 22 | Loss: 4.967880 | Avg Loss: 4.523333 | Progress:  50.0%
2025-08-30 21:20:13,432 - src.training.train - INFO -     Batch  16/ 22 | Loss: 3.679495 | Avg Loss: 4.229049 | Progress:  72.7%
2025-08-30 21:20:13,446 - src.training.train - INFO -     Batch  21/ 22 | Loss: 6.576342 | Avg Loss: 4.195374 | Progress:  95.5%
2025-08-30 21:20:13,449 - src.training.train - INFO -     Batch  22/ 22 | Loss: 4.064685 | Avg Loss: 4.189434 | Progress: 100.0%
2025-08-30 21:20:13,449 - src.training.train - INFO -     Training epoch stats:
2025-08-30 21:20:13,449 - src.training.train - INFO -       Loss range: 2.103633 to 6.576342
2025-08-30 21:20:13,449 - src.training.train - INFO -       Gradient norms: avg=12.4608, max=33.0681
2025-08-30 21:20:13,450 - src.training.train - INFO -       GPU memory: 0.02GB used, 0.10GB cached
2025-08-30 21:20:13,450 - src.training.train - INFO - Epoch 26/70 Complete [37.1% progress]:
2025-08-30 21:20:13,450 - src.training.train - INFO -   Train Loss: 4.189434 (+0.023167)
2025-08-30 21:20:13,450 - src.training.train - INFO -   Val Loss:   N/A (validation disabled)
2025-08-30 21:20:13,450 - src.training.train - INFO -   Best Val:   N/A (validation disabled)
2025-08-30 21:20:13,450 - src.training.train - INFO -   Time:       0.08s (est. 3s remaining)
2025-08-30 21:20:13,450 - src.training.train - INFO -   LR:         0.001000
2025-08-30 21:20:13,451 - src.training.train - INFO -   GPU Mem:    0.02GB
2025-08-30 21:20:13,451 - src.training.train - INFO -   📊 Summary: Model performance is PLATEAU, training speed is FAST (without validation (using training loss))
2025-08-30 21:20:13,451 - src.training.train - INFO - Epoch 27/70 - Training Phase
2025-08-30 21:20:13,456 - src.training.train - INFO -     Batch   1/ 22 | Loss: 3.626982 | Avg Loss: 3.626982 | Progress:   4.5%
2025-08-30 21:20:13,471 - src.training.train - INFO -     Batch   6/ 22 | Loss: 4.639314 | Avg Loss: 4.049335 | Progress:  27.3%
2025-08-30 21:20:13,488 - src.training.train - INFO -     Batch  11/ 22 | Loss: 4.910367 | Avg Loss: 4.234861 | Progress:  50.0%
2025-08-30 21:20:13,504 - src.training.train - INFO -     Batch  16/ 22 | Loss: 4.353521 | Avg Loss: 4.289145 | Progress:  72.7%
2025-08-30 21:20:13,518 - src.training.train - INFO -     Batch  21/ 22 | Loss: 5.350483 | Avg Loss: 4.231812 | Progress:  95.5%
2025-08-30 21:20:13,522 - src.training.train - INFO -     Batch  22/ 22 | Loss: 0.744836 | Avg Loss: 4.073313 | Progress: 100.0%
2025-08-30 21:20:13,522 - src.training.train - INFO -     Training epoch stats:
2025-08-30 21:20:13,523 - src.training.train - INFO -       Loss range: 0.744836 to 5.759188
2025-08-30 21:20:13,523 - src.training.train - INFO -       Gradient norms: avg=14.0439, max=30.8160
2025-08-30 21:20:13,523 - src.training.train - INFO -       GPU memory: 0.02GB used, 0.10GB cached
2025-08-30 21:20:13,523 - src.training.train - INFO - Epoch 27/70 Complete [38.6% progress]:
2025-08-30 21:20:13,523 - src.training.train - INFO -   Train Loss: 4.073313 (-0.116121)
2025-08-30 21:20:13,523 - src.training.train - INFO -   Val Loss:   N/A (validation disabled)
2025-08-30 21:20:13,523 - src.training.train - INFO -   Best Val:   N/A (validation disabled)
2025-08-30 21:20:13,523 - src.training.train - INFO -   Time:       0.07s (est. 3s remaining)
2025-08-30 21:20:13,523 - src.training.train - INFO -   LR:         0.001000
2025-08-30 21:20:13,524 - src.training.train - INFO -   GPU Mem:    0.02GB
2025-08-30 21:20:13,524 - src.training.train - INFO -   📊 Summary: Model performance is IMPROVING, training speed is FAST (without validation (using training loss))
2025-08-30 21:20:13,524 - src.training.train - INFO - Epoch 28/70 - Training Phase
2025-08-30 21:20:13,529 - src.training.train - INFO -     Batch   1/ 22 | Loss: 3.900583 | Avg Loss: 3.900583 | Progress:   4.5%
2025-08-30 21:20:13,545 - src.training.train - INFO -     Batch   6/ 22 | Loss: 4.210705 | Avg Loss: 4.351419 | Progress:  27.3%
2025-08-30 21:20:13,563 - src.training.train - INFO -     Batch  11/ 22 | Loss: 4.584193 | Avg Loss: 4.251024 | Progress:  50.0%
2025-08-30 21:20:13,583 - src.training.train - INFO -     Batch  16/ 22 | Loss: 5.931798 | Avg Loss: 4.102889 | Progress:  72.7%
2025-08-30 21:20:13,602 - src.training.train - INFO -     Batch  21/ 22 | Loss: 2.678797 | Avg Loss: 4.108369 | Progress:  95.5%
2025-08-30 21:20:13,605 - src.training.train - INFO -     Batch  22/ 22 | Loss: 4.421983 | Avg Loss: 4.122624 | Progress: 100.0%
2025-08-30 21:20:13,605 - src.training.train - INFO -     Training epoch stats:
2025-08-30 21:20:13,605 - src.training.train - INFO -       Loss range: 1.993504 to 5.931798
2025-08-30 21:20:13,605 - src.training.train - INFO -       Gradient norms: avg=11.0384, max=31.2356
2025-08-30 21:20:13,605 - src.training.train - INFO -       GPU memory: 0.02GB used, 0.10GB cached
2025-08-30 21:20:13,605 - src.training.train - INFO - Epoch 28/70 Complete [40.0% progress]:
2025-08-30 21:20:13,605 - src.training.train - INFO -   Train Loss: 4.122624 (+0.049312)
2025-08-30 21:20:13,605 - src.training.train - INFO -   Val Loss:   N/A (validation disabled)
2025-08-30 21:20:13,605 - src.training.train - INFO -   Best Val:   N/A (validation disabled)
2025-08-30 21:20:13,605 - src.training.train - INFO -   Time:       0.08s (est. 3s remaining)
2025-08-30 21:20:13,605 - src.training.train - INFO -   LR:         0.001000
2025-08-30 21:20:13,606 - src.training.train - INFO -   GPU Mem:    0.02GB
2025-08-30 21:20:13,606 - src.training.train - INFO -   📊 Summary: Model performance is PLATEAU, training speed is FAST (without validation (using training loss))
2025-08-30 21:20:13,606 - src.training.train - INFO - Epoch 29/70 - Training Phase
2025-08-30 21:20:13,610 - src.training.train - INFO -     Batch   1/ 22 | Loss: 3.497916 | Avg Loss: 3.497916 | Progress:   4.5%
2025-08-30 21:20:13,627 - src.training.train - INFO -     Batch   6/ 22 | Loss: 6.005871 | Avg Loss: 4.141758 | Progress:  27.3%
2025-08-30 21:20:13,644 - src.training.train - INFO -     Batch  11/ 22 | Loss: 5.458950 | Avg Loss: 4.294165 | Progress:  50.0%
2025-08-30 21:20:13,661 - src.training.train - INFO -     Batch  16/ 22 | Loss: 5.858153 | Avg Loss: 4.095010 | Progress:  72.7%
2025-08-30 21:20:13,681 - src.training.train - INFO -     Batch  21/ 22 | Loss: 4.657095 | Avg Loss: 4.159792 | Progress:  95.5%
2025-08-30 21:20:13,684 - src.training.train - INFO -     Batch  22/ 22 | Loss: 2.039535 | Avg Loss: 4.063417 | Progress: 100.0%
2025-08-30 21:20:13,684 - src.training.train - INFO -     Training epoch stats:
2025-08-30 21:20:13,684 - src.training.train - INFO -       Loss range: 2.039535 to 6.168614
2025-08-30 21:20:13,684 - src.training.train - INFO -       Gradient norms: avg=10.6531, max=20.2092
2025-08-30 21:20:13,685 - src.training.train - INFO -       GPU memory: 0.02GB used, 0.10GB cached
2025-08-30 21:20:13,685 - src.training.train - INFO - Epoch 29/70 Complete [41.4% progress]:
2025-08-30 21:20:13,685 - src.training.train - INFO -   Train Loss: 4.063417 (-0.059208)
2025-08-30 21:20:13,685 - src.training.train - INFO -   Val Loss:   N/A (validation disabled)
2025-08-30 21:20:13,685 - src.training.train - INFO -   Best Val:   N/A (validation disabled)
2025-08-30 21:20:13,685 - src.training.train - INFO -   Time:       0.08s (est. 3s remaining)
2025-08-30 21:20:13,685 - src.training.train - INFO -   LR:         0.001000
2025-08-30 21:20:13,686 - src.training.train - INFO -   GPU Mem:    0.02GB
2025-08-30 21:20:13,686 - src.training.train - INFO -   📊 Summary: Model performance is IMPROVING, training speed is FAST (without validation (using training loss))
2025-08-30 21:20:13,686 - src.training.train - INFO - Early stopping triggered after 12 epochs without improvement
2025-08-30 21:20:13,688 - src.training.train - INFO - Restored best weights with validation loss: 4.037616
2025-08-30 21:20:13,688 - src.training.train - INFO - Early stopping at epoch 29 (training loss stopped improving)
2025-08-30 21:20:13,688 - src.training.train - INFO - Training completed!
2025-08-30 21:20:13,688 - src.training.train - INFO - Total epochs: 29
2025-08-30 21:20:13,688 - src.training.train - INFO - Total time: 0.05 minutes
2025-08-30 21:20:13,688 - src.training.train - INFO - Best validation loss: 4.037616
2025-08-30 21:20:13,688 - src.training.train - INFO - Final train loss: 4.063417
2025-08-30 21:20:13,688 - src.training.train - INFO - Final val loss: 4.063417
2025-08-30 21:20:13,688 - src.training.train - INFO -   Loss improvement: train +28.0%
2025-08-30 21:20:13,688 - src.training.train - INFO -   Training efficiency: 634.4 epochs/min, 0.1s/epoch avg
2025-08-30 21:20:13,688 - src.training.train - INFO - 🎯 Training Summary: stopped early (model stopped improving), took quick time (0.0 min)
2025-08-30 21:20:13,699 - __main__ - INFO - Training Results:
2025-08-30 21:20:13,699 - __main__ - INFO - ==================================================
2025-08-30 21:20:13,699 - __main__ - INFO - LSTM TRAINING SUMMARY
2025-08-30 21:20:13,699 - __main__ - INFO - ==================================================
2025-08-30 21:20:13,699 - __main__ - INFO - Total Epochs: 29
2025-08-30 21:20:13,699 - __main__ - INFO - Best Val Loss: 4.037616 (Epoch 17)
2025-08-30 21:20:13,699 - __main__ - INFO - Final Train Loss: 4.063417
2025-08-30 21:20:13,699 - __main__ - INFO - Final Val Loss: 4.063417
2025-08-30 21:20:13,699 - __main__ - INFO - Training Time: 0.04 minutes
2025-08-30 21:20:13,699 - __main__ - INFO - Avg Time/Epoch: 0.09 seconds
2025-08-30 21:20:13,699 - __main__ - INFO - Early Stopped: True
2025-08-30 21:20:13,700 - __main__ - INFO - Device: cuda
2025-08-30 21:20:13,700 - __main__ - INFO - ==================================================
2025-08-30 21:20:13,700 - __main__ - INFO - 
⏱️  Step 3 (Model Training) completed in 3.6 seconds

2025-08-30 21:20:13,700 - __main__ - INFO - ============================================================
2025-08-30 21:20:13,700 - __main__ - INFO - STEP 4: MODEL EVALUATION
2025-08-30 21:20:13,700 - __main__ - INFO - ============================================================
2025-08-30 21:20:13,700 - src.evaluation.evaluate - INFO - Starting complete model evaluation...
2025-08-30 21:20:13,701 - src.evaluation.evaluate - INFO - Evaluator initialized with device: cuda
2025-08-30 21:20:13,701 - src.evaluation.evaluate - INFO - Generating predictions on test data...
2025-08-30 21:20:13,707 - src.evaluation.evaluate - INFO - Generated 159 predictions
2025-08-30 21:20:13,707 - src.evaluation.evaluate - INFO - Prediction range: [-0.1396, 0.3931]
2025-08-30 21:20:13,708 - src.evaluation.evaluate - INFO - Actual range: [-2.7594, 3.0165]
2025-08-30 21:20:13,708 - src.evaluation.evaluate - INFO - Calculating evaluation metrics...
2025-08-30 21:20:13,708 - src.evaluation.evaluate - INFO - Evaluation metrics calculated:
2025-08-30 21:20:13,708 - src.evaluation.evaluate - INFO -   RMSE: 1.087621
2025-08-30 21:20:13,708 - src.evaluation.evaluate - INFO -   MAE: 0.867990
2025-08-30 21:20:13,709 - src.evaluation.evaluate - INFO -   Directional Accuracy: 47.17%
2025-08-30 21:20:13,709 - src.evaluation.evaluate - INFO -   R²: -0.0263
2025-08-30 21:20:13,709 - src.evaluation.evaluate - INFO -   MAPE (robust): 162519.42%
2025-08-30 21:20:13,709 - src.evaluation.evaluate - INFO -   SMAPE: 165.10%
2025-08-30 21:20:13,709 - src.evaluation.evaluate - INFO - 📈 Model Quality: POOR direction prediction (47.2%), MODERATE error rate, WEAK correlation
2025-08-30 21:20:13,709 - src.evaluation.evaluate - INFO - Creating evaluation visualizations with enhanced labeling...
2025-08-30 21:20:15,457 - matplotlib.category - INFO - Using categorical units to plot a list of strings that are all parsable as floats or dates. If these strings should be plotted as numbers, cast to the appropriate data type before plotting.
2025-08-30 21:20:15,460 - matplotlib.category - INFO - Using categorical units to plot a list of strings that are all parsable as floats or dates. If these strings should be plotted as numbers, cast to the appropriate data type before plotting.
2025-08-30 21:20:15,891 - src.evaluation.evaluate - INFO - Created 4 visualization plots
2025-08-30 21:20:15,891 - src.evaluation.evaluate - INFO - Saving evaluation results...
2025-08-30 21:20:15,891 - src.evaluation.evaluate - INFO - Results saved to: results/evaluation_results.json
2025-08-30 21:20:15,892 - src.evaluation.evaluate - INFO - Model evaluation completed successfully
2025-08-30 21:20:15,892 - __main__ - INFO - Evaluation completed successfully
2025-08-30 21:20:15,892 - __main__ - INFO - Results saved to: results/evaluation_results.json
2025-08-30 21:20:15,892 - __main__ - INFO - Plots saved to: results/plots/
2025-08-30 21:20:15,892 - __main__ - INFO - 
⏱️  Step 4 (Model Evaluation) completed in 2.2 seconds

2025-08-30 21:20:15,892 - __main__ - INFO - ============================================================
2025-08-30 21:20:15,892 - __main__ - INFO - STEP 5: SAVING FINAL RESULTS
2025-08-30 21:20:15,892 - __main__ - INFO - ============================================================
2025-08-30 21:20:15,892 - __main__ - INFO - Final results saved to: results/final_results.json
2025-08-30 21:20:15,892 - __main__ - INFO - ============================================================
2025-08-30 21:20:15,892 - __main__ - INFO - PIPELINE EXECUTION COMPLETED SUCCESSFULLY
2025-08-30 21:20:15,892 - __main__ - INFO - ============================================================
2025-08-30 21:20:15,892 - __main__ - INFO - Best validation loss: 4.037616
2025-08-30 21:20:15,892 - __main__ - INFO - Test RMSE: 1.087621
2025-08-30 21:20:15,893 - __main__ - INFO - Test MAE: 0.867990
2025-08-30 21:20:15,893 - __main__ - INFO - Directional accuracy: 47.17%
2025-08-30 21:20:15,893 - __main__ - INFO - Training time: 0.0 minutes
2025-08-30 21:20:15,893 - __main__ - INFO - Model saved at: results/models/best_model.pt
2025-08-30 21:20:15,893 - __main__ - INFO - 🎯 FINAL RESULT: POOR iron ore price forecasting model - predicts price direction correctly 47.2% of the time
2025-08-30 21:20:15,893 - __main__ - INFO - ============================================================
2025-08-30 21:20:15,893 - __main__ - INFO - 
⏱️  Step 5 (Results Saving) completed in 0.0 seconds

2025-08-30 21:20:15,893 - __main__ - INFO - ================================================================================
2025-08-30 21:20:15,893 - __main__ - INFO - ENHANCED PIPELINE EXECUTION SUMMARY
2025-08-30 21:20:15,893 - __main__ - INFO - ================================================================================
2025-08-30 21:20:15,893 - __main__ - INFO - Total execution time: 5.9 seconds (0.1 minutes)
2025-08-30 21:20:15,893 - __main__ - INFO - Training time: 0.0 min (46.8% of total)
2025-08-30 21:20:15,893 - __main__ - INFO - Peak GPU memory usage: 0.07 GB
2025-08-30 21:20:15,893 - __main__ - INFO - Results saved to: /home/wh_wang/wsl_projects/lstm/results
2025-08-30 21:20:15,894 - __main__ - INFO - ================================================================================
2025-08-30 21:20:15,894 - __main__ - INFO - ✅ LSTM IRON ORE FORECASTING PIPELINE COMPLETED SUCCESSFULLY!
2025-08-30 21:20:15,894 - __main__ - INFO - ================================================================================
